CRITICAL - 2023-04-08 19:53:43 --> require_once(inc/components/quienes-somos/main.php): Failed to open stream: No such file or directory
in APPPATH\Views\quienes_somos.php on line 4.
 1 APPPATH\Views\quienes_somos.php(4): CodeIgniter\Debug\Exceptions->errorHandler(2, 'require_once(inc/components/quienes-somos/main.php): Failed to open stream: No such file or directory', 'C:\\xampp\\htdocs\\proyecto-seb-guevara\\app\\Views\\quienes_somos.php', 4)
 2 APPPATH\Views\quienes_somos.php(4): require_once()
 3 SYSTEMPATH\View\View.php(213): include('C:\\xampp\\htdocs\\proyecto-seb-guevara\\app\\Views\\quienes_somos.php')
 4 SYSTEMPATH\View\View.php(216): CodeIgniter\View\View->CodeIgniter\View\{closure}()
 5 SYSTEMPATH\Common.php(1184): CodeIgniter\View\View->render('quienes_somos', [], true)
 6 APPPATH\Controllers\Home.php(94): view('quienes_somos', [...])
 7 SYSTEMPATH\CodeIgniter.php(934): App\Controllers\Home->quienesSomos()
 8 SYSTEMPATH\CodeIgniter.php(499): CodeIgniter\CodeIgniter->runController(Object(App\Controllers\Home))
 9 SYSTEMPATH\CodeIgniter.php(368): CodeIgniter\CodeIgniter->handleRequest(null, Object(Config\Cache), false)
10 FCPATH\index.php(67): CodeIgniter\CodeIgniter->run()
CRITICAL - 2023-04-08 21:58:58 --> require_once(../common/cart.php): Failed to open stream: No such file or directory
in APPPATH\Views\inc\components\productos\cafe\main.php on line 2.
 1 APPPATH\Views\inc\components\productos\cafe\main.php(2): CodeIgniter\Debug\Exceptions->errorHandler(2, 'require_once(../common/cart.php): Failed to open stream: No such file or directory', 'C:\\xampp\\htdocs\\proyecto-seb-guevara\\app\\Views\\inc\\components\\productos\\cafe\\main.php', 2)
 2 APPPATH\Views\inc\components\productos\cafe\main.php(2): require_once()
 3 APPPATH\Views\producto_cafe.php(4): require_once('C:\\xampp\\htdocs\\proyecto-seb-guevara\\app\\Views\\inc\\components\\productos\\cafe\\main.php')
 4 SYSTEMPATH\View\View.php(213): include('C:\\xampp\\htdocs\\proyecto-seb-guevara\\app\\Views\\producto_cafe.php')
 5 SYSTEMPATH\View\View.php(216): CodeIgniter\View\View->CodeIgniter\View\{closure}()
 6 SYSTEMPATH\Common.php(1184): CodeIgniter\View\View->render('producto_cafe', [], true)
 7 APPPATH\Controllers\Home.php(134): view('producto_cafe', [...])
 8 SYSTEMPATH\CodeIgniter.php(934): App\Controllers\Home->productoCafe()
 9 SYSTEMPATH\CodeIgniter.php(499): CodeIgniter\CodeIgniter->runController(Object(App\Controllers\Home))
10 SYSTEMPATH\CodeIgniter.php(368): CodeIgniter\CodeIgniter->handleRequest(null, Object(Config\Cache), false)
11 FCPATH\index.php(67): CodeIgniter\CodeIgniter->run()
CRITICAL - 2023-04-08 21:59:37 --> require_once(../common/cart.php): Failed to open stream: No such file or directory
in APPPATH\Views\inc\components\productos\cafe\main.php on line 2.
 1 APPPATH\Views\inc\components\productos\cafe\main.php(2): CodeIgniter\Debug\Exceptions->errorHandler(2, 'require_once(../common/cart.php): Failed to open stream: No such file or directory', 'C:\\xampp\\htdocs\\proyecto-seb-guevara\\app\\Views\\inc\\components\\productos\\cafe\\main.php', 2)
 2 APPPATH\Views\inc\components\productos\cafe\main.php(2): require_once()
 3 APPPATH\Views\producto_cafe.php(4): require_once('C:\\xampp\\htdocs\\proyecto-seb-guevara\\app\\Views\\inc\\components\\productos\\cafe\\main.php')
 4 SYSTEMPATH\View\View.php(213): include('C:\\xampp\\htdocs\\proyecto-seb-guevara\\app\\Views\\producto_cafe.php')
 5 SYSTEMPATH\View\View.php(216): CodeIgniter\View\View->CodeIgniter\View\{closure}()
 6 SYSTEMPATH\Common.php(1184): CodeIgniter\View\View->render('producto_cafe', [], true)
 7 APPPATH\Controllers\Home.php(134): view('producto_cafe', [...])
 8 SYSTEMPATH\CodeIgniter.php(934): App\Controllers\Home->productoCafe()
 9 SYSTEMPATH\CodeIgniter.php(499): CodeIgniter\CodeIgniter->runController(Object(App\Controllers\Home))
10 SYSTEMPATH\CodeIgniter.php(368): CodeIgniter\CodeIgniter->handleRequest(null, Object(Config\Cache), false)
11 FCPATH\index.php(67): CodeIgniter\CodeIgniter->run()
CRITICAL - 2023-04-08 22:00:37 --> require_once(../common/cart.php): Failed to open stream: No such file or directory
in APPPATH\Views\inc\components\productos\cafe\main.php on line 2.
 1 APPPATH\Views\inc\components\productos\cafe\main.php(2): CodeIgniter\Debug\Exceptions->errorHandler(2, 'require_once(../common/cart.php): Failed to open stream: No such file or directory', 'C:\\xampp\\htdocs\\proyecto-seb-guevara\\app\\Views\\inc\\components\\productos\\cafe\\main.php', 2)
 2 APPPATH\Views\inc\components\productos\cafe\main.php(2): require_once()
 3 APPPATH\Views\producto_cafe.php(4): require_once('C:\\xampp\\htdocs\\proyecto-seb-guevara\\app\\Views\\inc\\components\\productos\\cafe\\main.php')
 4 SYSTEMPATH\View\View.php(213): include('C:\\xampp\\htdocs\\proyecto-seb-guevara\\app\\Views\\producto_cafe.php')
 5 SYSTEMPATH\View\View.php(216): CodeIgniter\View\View->CodeIgniter\View\{closure}()
 6 SYSTEMPATH\Common.php(1184): CodeIgniter\View\View->render('producto_cafe', [], true)
 7 APPPATH\Controllers\Home.php(134): view('producto_cafe', [...])
 8 SYSTEMPATH\CodeIgniter.php(934): App\Controllers\Home->productoCafe()
 9 SYSTEMPATH\CodeIgniter.php(499): CodeIgniter\CodeIgniter->runController(Object(App\Controllers\Home))
10 SYSTEMPATH\CodeIgniter.php(368): CodeIgniter\CodeIgniter->handleRequest(null, Object(Config\Cache), false)
11 FCPATH\index.php(67): CodeIgniter\CodeIgniter->run()
CRITICAL - 2023-04-08 22:00:39 --> require_once(../common/cart.php): Failed to open stream: No such file or directory
in APPPATH\Views\inc\components\productos\cafe\main.php on line 2.
 1 APPPATH\Views\inc\components\productos\cafe\main.php(2): CodeIgniter\Debug\Exceptions->errorHandler(2, 'require_once(../common/cart.php): Failed to open stream: No such file or directory', 'C:\\xampp\\htdocs\\proyecto-seb-guevara\\app\\Views\\inc\\components\\productos\\cafe\\main.php', 2)
 2 APPPATH\Views\inc\components\productos\cafe\main.php(2): require_once()
 3 APPPATH\Views\producto_cafe.php(4): require_once('C:\\xampp\\htdocs\\proyecto-seb-guevara\\app\\Views\\inc\\components\\productos\\cafe\\main.php')
 4 SYSTEMPATH\View\View.php(213): include('C:\\xampp\\htdocs\\proyecto-seb-guevara\\app\\Views\\producto_cafe.php')
 5 SYSTEMPATH\View\View.php(216): CodeIgniter\View\View->CodeIgniter\View\{closure}()
 6 SYSTEMPATH\Common.php(1184): CodeIgniter\View\View->render('producto_cafe', [], true)
 7 APPPATH\Controllers\Home.php(134): view('producto_cafe', [...])
 8 SYSTEMPATH\CodeIgniter.php(934): App\Controllers\Home->productoCafe()
 9 SYSTEMPATH\CodeIgniter.php(499): CodeIgniter\CodeIgniter->runController(Object(App\Controllers\Home))
10 SYSTEMPATH\CodeIgniter.php(368): CodeIgniter\CodeIgniter->handleRequest(null, Object(Config\Cache), false)
11 FCPATH\index.php(67): CodeIgniter\CodeIgniter->run()
CRITICAL - 2023-04-08 22:00:49 --> require_once(common/cart.php): Failed to open stream: No such file or directory
in APPPATH\Views\inc\components\productos\cafe\main.php on line 2.
 1 APPPATH\Views\inc\components\productos\cafe\main.php(2): CodeIgniter\Debug\Exceptions->errorHandler(2, 'require_once(common/cart.php): Failed to open stream: No such file or directory', 'C:\\xampp\\htdocs\\proyecto-seb-guevara\\app\\Views\\inc\\components\\productos\\cafe\\main.php', 2)
 2 APPPATH\Views\inc\components\productos\cafe\main.php(2): require_once()
 3 APPPATH\Views\producto_cafe.php(4): require_once('C:\\xampp\\htdocs\\proyecto-seb-guevara\\app\\Views\\inc\\components\\productos\\cafe\\main.php')
 4 SYSTEMPATH\View\View.php(213): include('C:\\xampp\\htdocs\\proyecto-seb-guevara\\app\\Views\\producto_cafe.php')
 5 SYSTEMPATH\View\View.php(216): CodeIgniter\View\View->CodeIgniter\View\{closure}()
 6 SYSTEMPATH\Common.php(1184): CodeIgniter\View\View->render('producto_cafe', [], true)
 7 APPPATH\Controllers\Home.php(134): view('producto_cafe', [...])
 8 SYSTEMPATH\CodeIgniter.php(934): App\Controllers\Home->productoCafe()
 9 SYSTEMPATH\CodeIgniter.php(499): CodeIgniter\CodeIgniter->runController(Object(App\Controllers\Home))
10 SYSTEMPATH\CodeIgniter.php(368): CodeIgniter\CodeIgniter->handleRequest(null, Object(Config\Cache), false)
11 FCPATH\index.php(67): CodeIgniter\CodeIgniter->run()
CRITICAL - 2023-04-08 22:00:51 --> require_once(common/cart.php): Failed to open stream: No such file or directory
in APPPATH\Views\inc\components\productos\cafe\main.php on line 2.
 1 APPPATH\Views\inc\components\productos\cafe\main.php(2): CodeIgniter\Debug\Exceptions->errorHandler(2, 'require_once(common/cart.php): Failed to open stream: No such file or directory', 'C:\\xampp\\htdocs\\proyecto-seb-guevara\\app\\Views\\inc\\components\\productos\\cafe\\main.php', 2)
 2 APPPATH\Views\inc\components\productos\cafe\main.php(2): require_once()
 3 APPPATH\Views\producto_cafe.php(4): require_once('C:\\xampp\\htdocs\\proyecto-seb-guevara\\app\\Views\\inc\\components\\productos\\cafe\\main.php')
 4 SYSTEMPATH\View\View.php(213): include('C:\\xampp\\htdocs\\proyecto-seb-guevara\\app\\Views\\producto_cafe.php')
 5 SYSTEMPATH\View\View.php(216): CodeIgniter\View\View->CodeIgniter\View\{closure}()
 6 SYSTEMPATH\Common.php(1184): CodeIgniter\View\View->render('producto_cafe', [], true)
 7 APPPATH\Controllers\Home.php(134): view('producto_cafe', [...])
 8 SYSTEMPATH\CodeIgniter.php(934): App\Controllers\Home->productoCafe()
 9 SYSTEMPATH\CodeIgniter.php(499): CodeIgniter\CodeIgniter->runController(Object(App\Controllers\Home))
10 SYSTEMPATH\CodeIgniter.php(368): CodeIgniter\CodeIgniter->handleRequest(null, Object(Config\Cache), false)
11 FCPATH\index.php(67): CodeIgniter\CodeIgniter->run()
CRITICAL - 2023-04-08 22:03:26 --> require_once(./common/cart.php): Failed to open stream: No such file or directory
in APPPATH\Views\inc\components\productos\cafe\main.php on line 2.
 1 APPPATH\Views\inc\components\productos\cafe\main.php(2): CodeIgniter\Debug\Exceptions->errorHandler(2, 'require_once(./common/cart.php): Failed to open stream: No such file or directory', 'C:\\xampp\\htdocs\\proyecto-seb-guevara\\app\\Views\\inc\\components\\productos\\cafe\\main.php', 2)
 2 APPPATH\Views\inc\components\productos\cafe\main.php(2): require_once()
 3 APPPATH\Views\producto_cafe.php(4): require_once('C:\\xampp\\htdocs\\proyecto-seb-guevara\\app\\Views\\inc\\components\\productos\\cafe\\main.php')
 4 SYSTEMPATH\View\View.php(213): include('C:\\xampp\\htdocs\\proyecto-seb-guevara\\app\\Views\\producto_cafe.php')
 5 SYSTEMPATH\View\View.php(216): CodeIgniter\View\View->CodeIgniter\View\{closure}()
 6 SYSTEMPATH\Common.php(1184): CodeIgniter\View\View->render('producto_cafe', [], true)
 7 APPPATH\Controllers\Home.php(134): view('producto_cafe', [...])
 8 SYSTEMPATH\CodeIgniter.php(934): App\Controllers\Home->productoCafe()
 9 SYSTEMPATH\CodeIgniter.php(499): CodeIgniter\CodeIgniter->runController(Object(App\Controllers\Home))
10 SYSTEMPATH\CodeIgniter.php(368): CodeIgniter\CodeIgniter->handleRequest(null, Object(Config\Cache), false)
11 FCPATH\index.php(67): CodeIgniter\CodeIgniter->run()
CRITICAL - 2023-04-08 22:06:31 --> require_once(../common/cart.php): Failed to open stream: No such file or directory
in APPPATH\Views\inc\components\productos\cafe\main.php on line 3.
 1 APPPATH\Views\inc\components\productos\cafe\main.php(3): CodeIgniter\Debug\Exceptions->errorHandler(2, 'require_once(../common/cart.php): Failed to open stream: No such file or directory', 'C:\\xampp\\htdocs\\proyecto-seb-guevara\\app\\Views\\inc\\components\\productos\\cafe\\main.php', 3)
 2 APPPATH\Views\inc\components\productos\cafe\main.php(3): require_once()
 3 APPPATH\Views\producto_cafe.php(4): require_once('C:\\xampp\\htdocs\\proyecto-seb-guevara\\app\\Views\\inc\\components\\productos\\cafe\\main.php')
 4 SYSTEMPATH\View\View.php(213): include('C:\\xampp\\htdocs\\proyecto-seb-guevara\\app\\Views\\producto_cafe.php')
 5 SYSTEMPATH\View\View.php(216): CodeIgniter\View\View->CodeIgniter\View\{closure}()
 6 SYSTEMPATH\Common.php(1184): CodeIgniter\View\View->render('producto_cafe', [], true)
 7 APPPATH\Controllers\Home.php(134): view('producto_cafe', [...])
 8 SYSTEMPATH\CodeIgniter.php(934): App\Controllers\Home->productoCafe()
 9 SYSTEMPATH\CodeIgniter.php(499): CodeIgniter\CodeIgniter->runController(Object(App\Controllers\Home))
10 SYSTEMPATH\CodeIgniter.php(368): CodeIgniter\CodeIgniter->handleRequest(null, Object(Config\Cache), false)
11 FCPATH\index.php(67): CodeIgniter\CodeIgniter->run()
