CRITICAL - 2023-05-10 15:31:12 --> Invalid file: "principal.php"
in SYSTEMPATH\Exceptions\FrameworkException.php on line 33.
 1 SYSTEMPATH\View\View.php(201): CodeIgniter\Exceptions\FrameworkException::forInvalidFile('principal.php')
 2 SYSTEMPATH\Common.php(1184): CodeIgniter\View\View->render('principal', [], true)
 3 APPPATH\Controllers\Home.php(79): view('principal', [...])
 4 SYSTEMPATH\CodeIgniter.php(934): App\Controllers\Home->principal()
 5 SYSTEMPATH\CodeIgniter.php(499): CodeIgniter\CodeIgniter->runController(Object(App\Controllers\Home))
 6 SYSTEMPATH\CodeIgniter.php(368): CodeIgniter\CodeIgniter->handleRequest(null, Object(Config\Cache), false)
 7 FCPATH\index.php(67): CodeIgniter\CodeIgniter->run()
CRITICAL - 2023-05-10 15:31:59 --> Invalid file: "principal.php"
in SYSTEMPATH\Exceptions\FrameworkException.php on line 33.
 1 SYSTEMPATH\View\View.php(201): CodeIgniter\Exceptions\FrameworkException::forInvalidFile('principal.php')
 2 SYSTEMPATH\Common.php(1184): CodeIgniter\View\View->render('principal', [], true)
 3 APPPATH\Controllers\Home.php(79): view('principal', [...])
 4 SYSTEMPATH\CodeIgniter.php(934): App\Controllers\Home->principal()
 5 SYSTEMPATH\CodeIgniter.php(499): CodeIgniter\CodeIgniter->runController(Object(App\Controllers\Home))
 6 SYSTEMPATH\CodeIgniter.php(368): CodeIgniter\CodeIgniter->handleRequest(null, Object(Config\Cache), false)
 7 FCPATH\index.php(67): CodeIgniter\CodeIgniter->run()
CRITICAL - 2023-05-10 15:32:01 --> Invalid file: "principal.php"
in SYSTEMPATH\Exceptions\FrameworkException.php on line 33.
 1 SYSTEMPATH\View\View.php(201): CodeIgniter\Exceptions\FrameworkException::forInvalidFile('principal.php')
 2 SYSTEMPATH\Common.php(1184): CodeIgniter\View\View->render('principal', [], true)
 3 APPPATH\Controllers\Home.php(79): view('principal', [...])
 4 SYSTEMPATH\CodeIgniter.php(934): App\Controllers\Home->principal()
 5 SYSTEMPATH\CodeIgniter.php(499): CodeIgniter\CodeIgniter->runController(Object(App\Controllers\Home))
 6 SYSTEMPATH\CodeIgniter.php(368): CodeIgniter\CodeIgniter->handleRequest(null, Object(Config\Cache), false)
 7 FCPATH\index.php(67): CodeIgniter\CodeIgniter->run()
CRITICAL - 2023-05-10 15:48:17 --> Invalid file: "principal.php"
in SYSTEMPATH\Exceptions\FrameworkException.php on line 33.
 1 SYSTEMPATH\View\View.php(201): CodeIgniter\Exceptions\FrameworkException::forInvalidFile('principal.php')
 2 SYSTEMPATH\Common.php(1184): CodeIgniter\View\View->render('principal', [], true)
 3 APPPATH\Controllers\Home.php(79): view('principal', [...])
 4 SYSTEMPATH\CodeIgniter.php(934): App\Controllers\Home->principal()
 5 SYSTEMPATH\CodeIgniter.php(499): CodeIgniter\CodeIgniter->runController(Object(App\Controllers\Home))
 6 SYSTEMPATH\CodeIgniter.php(368): CodeIgniter\CodeIgniter->handleRequest(null, Object(Config\Cache), false)
 7 FCPATH\index.php(67): CodeIgniter\CodeIgniter->run()
CRITICAL - 2023-05-10 15:48:54 --> Invalid file: "principal.php"
in SYSTEMPATH\Exceptions\FrameworkException.php on line 33.
 1 SYSTEMPATH\View\View.php(201): CodeIgniter\Exceptions\FrameworkException::forInvalidFile('principal.php')
 2 SYSTEMPATH\Common.php(1184): CodeIgniter\View\View->render('principal', [], true)
 3 APPPATH\Controllers\Home.php(79): view('principal', [...])
 4 SYSTEMPATH\CodeIgniter.php(934): App\Controllers\Home->principal()
 5 SYSTEMPATH\CodeIgniter.php(499): CodeIgniter\CodeIgniter->runController(Object(App\Controllers\Home))
 6 SYSTEMPATH\CodeIgniter.php(368): CodeIgniter\CodeIgniter->handleRequest(null, Object(Config\Cache), false)
 7 FCPATH\index.php(67): CodeIgniter\CodeIgniter->run()
CRITICAL - 2023-05-10 15:50:02 --> Invalid file: "principal.php"
in SYSTEMPATH\Exceptions\FrameworkException.php on line 33.
 1 SYSTEMPATH\View\View.php(201): CodeIgniter\Exceptions\FrameworkException::forInvalidFile('principal.php')
 2 SYSTEMPATH\Common.php(1184): CodeIgniter\View\View->render('principal', [], true)
 3 APPPATH\Controllers\Home.php(79): view('principal', [...])
 4 SYSTEMPATH\CodeIgniter.php(934): App\Controllers\Home->principal()
 5 SYSTEMPATH\CodeIgniter.php(499): CodeIgniter\CodeIgniter->runController(Object(App\Controllers\Home))
 6 SYSTEMPATH\CodeIgniter.php(368): CodeIgniter\CodeIgniter->handleRequest(null, Object(Config\Cache), false)
 7 FCPATH\index.php(67): CodeIgniter\CodeIgniter->run()
CRITICAL - 2023-05-10 15:51:20 --> Invalid file: "principal.php"
in SYSTEMPATH\Exceptions\FrameworkException.php on line 33.
 1 SYSTEMPATH\View\View.php(201): CodeIgniter\Exceptions\FrameworkException::forInvalidFile('principal.php')
 2 SYSTEMPATH\Common.php(1184): CodeIgniter\View\View->render('principal', [], true)
 3 APPPATH\Controllers\Home.php(79): view('principal', [...])
 4 SYSTEMPATH\CodeIgniter.php(934): App\Controllers\Home->principal()
 5 SYSTEMPATH\CodeIgniter.php(499): CodeIgniter\CodeIgniter->runController(Object(App\Controllers\Home))
 6 SYSTEMPATH\CodeIgniter.php(368): CodeIgniter\CodeIgniter->handleRequest(null, Object(Config\Cache), false)
 7 FCPATH\index.php(67): CodeIgniter\CodeIgniter->run()
CRITICAL - 2023-05-10 15:51:21 --> Invalid file: "principal.php"
in SYSTEMPATH\Exceptions\FrameworkException.php on line 33.
 1 SYSTEMPATH\View\View.php(201): CodeIgniter\Exceptions\FrameworkException::forInvalidFile('principal.php')
 2 SYSTEMPATH\Common.php(1184): CodeIgniter\View\View->render('principal', [], true)
 3 APPPATH\Controllers\Home.php(79): view('principal', [...])
 4 SYSTEMPATH\CodeIgniter.php(934): App\Controllers\Home->principal()
 5 SYSTEMPATH\CodeIgniter.php(499): CodeIgniter\CodeIgniter->runController(Object(App\Controllers\Home))
 6 SYSTEMPATH\CodeIgniter.php(368): CodeIgniter\CodeIgniter->handleRequest(null, Object(Config\Cache), false)
 7 FCPATH\index.php(67): CodeIgniter\CodeIgniter->run()
CRITICAL - 2023-05-10 15:51:27 --> Invalid file: "principal.php"
in SYSTEMPATH\Exceptions\FrameworkException.php on line 33.
 1 SYSTEMPATH\View\View.php(201): CodeIgniter\Exceptions\FrameworkException::forInvalidFile('principal.php')
 2 SYSTEMPATH\Common.php(1184): CodeIgniter\View\View->render('principal', [], true)
 3 APPPATH\Controllers\Home.php(79): view('principal', [...])
 4 SYSTEMPATH\CodeIgniter.php(934): App\Controllers\Home->principal()
 5 SYSTEMPATH\CodeIgniter.php(499): CodeIgniter\CodeIgniter->runController(Object(App\Controllers\Home))
 6 SYSTEMPATH\CodeIgniter.php(368): CodeIgniter\CodeIgniter->handleRequest(null, Object(Config\Cache), false)
 7 FCPATH\index.php(67): CodeIgniter\CodeIgniter->run()
CRITICAL - 2023-05-10 15:52:33 --> Invalid file: "principal.php"
in SYSTEMPATH\Exceptions\FrameworkException.php on line 33.
 1 SYSTEMPATH\View\View.php(201): CodeIgniter\Exceptions\FrameworkException::forInvalidFile('principal.php')
 2 SYSTEMPATH\Common.php(1184): CodeIgniter\View\View->render('principal', [], true)
 3 APPPATH\Controllers\Home.php(79): view('principal', [...])
 4 SYSTEMPATH\CodeIgniter.php(934): App\Controllers\Home->principal()
 5 SYSTEMPATH\CodeIgniter.php(499): CodeIgniter\CodeIgniter->runController(Object(App\Controllers\Home))
 6 SYSTEMPATH\CodeIgniter.php(368): CodeIgniter\CodeIgniter->handleRequest(null, Object(Config\Cache), false)
 7 FCPATH\index.php(67): CodeIgniter\CodeIgniter->run()
CRITICAL - 2023-05-10 15:52:59 --> Invalid file: "principal.php"
in SYSTEMPATH\Exceptions\FrameworkException.php on line 33.
 1 SYSTEMPATH\View\View.php(201): CodeIgniter\Exceptions\FrameworkException::forInvalidFile('principal.php')
 2 SYSTEMPATH\Common.php(1184): CodeIgniter\View\View->render('principal', [], true)
 3 APPPATH\Controllers\Home.php(79): view('principal', [...])
 4 SYSTEMPATH\CodeIgniter.php(934): App\Controllers\Home->principal()
 5 SYSTEMPATH\CodeIgniter.php(499): CodeIgniter\CodeIgniter->runController(Object(App\Controllers\Home))
 6 SYSTEMPATH\CodeIgniter.php(368): CodeIgniter\CodeIgniter->handleRequest(null, Object(Config\Cache), false)
 7 FCPATH\index.php(67): CodeIgniter\CodeIgniter->run()
CRITICAL - 2023-05-10 15:55:32 --> Invalid file: "principal.php"
in SYSTEMPATH\Exceptions\FrameworkException.php on line 33.
 1 SYSTEMPATH\View\View.php(201): CodeIgniter\Exceptions\FrameworkException::forInvalidFile('principal.php')
 2 SYSTEMPATH\Common.php(1184): CodeIgniter\View\View->render('principal', [], true)
 3 APPPATH\Controllers\Home.php(79): view('principal', [...])
 4 SYSTEMPATH\CodeIgniter.php(934): App\Controllers\Home->principal()
 5 SYSTEMPATH\CodeIgniter.php(499): CodeIgniter\CodeIgniter->runController(Object(App\Controllers\Home))
 6 SYSTEMPATH\CodeIgniter.php(368): CodeIgniter\CodeIgniter->handleRequest(null, Object(Config\Cache), false)
 7 FCPATH\index.php(67): CodeIgniter\CodeIgniter->run()
CRITICAL - 2023-05-10 15:55:37 --> Invalid file: "principal.php"
in SYSTEMPATH\Exceptions\FrameworkException.php on line 33.
 1 SYSTEMPATH\View\View.php(201): CodeIgniter\Exceptions\FrameworkException::forInvalidFile('principal.php')
 2 SYSTEMPATH\Common.php(1184): CodeIgniter\View\View->render('principal', [], true)
 3 APPPATH\Controllers\Home.php(79): view('principal', [...])
 4 SYSTEMPATH\CodeIgniter.php(934): App\Controllers\Home->principal()
 5 SYSTEMPATH\CodeIgniter.php(499): CodeIgniter\CodeIgniter->runController(Object(App\Controllers\Home))
 6 SYSTEMPATH\CodeIgniter.php(368): CodeIgniter\CodeIgniter->handleRequest(null, Object(Config\Cache), false)
 7 FCPATH\index.php(67): CodeIgniter\CodeIgniter->run()
CRITICAL - 2023-05-10 15:55:49 --> Invalid file: "principal.php"
in SYSTEMPATH\Exceptions\FrameworkException.php on line 33.
 1 SYSTEMPATH\View\View.php(201): CodeIgniter\Exceptions\FrameworkException::forInvalidFile('principal.php')
 2 SYSTEMPATH\Common.php(1184): CodeIgniter\View\View->render('principal', [], true)
 3 APPPATH\Controllers\Home.php(79): view('principal', [...])
 4 SYSTEMPATH\CodeIgniter.php(934): App\Controllers\Home->principal()
 5 SYSTEMPATH\CodeIgniter.php(499): CodeIgniter\CodeIgniter->runController(Object(App\Controllers\Home))
 6 SYSTEMPATH\CodeIgniter.php(368): CodeIgniter\CodeIgniter->handleRequest(null, Object(Config\Cache), false)
 7 FCPATH\index.php(67): CodeIgniter\CodeIgniter->run()
CRITICAL - 2023-05-10 15:56:01 --> Invalid file: "principal.php"
in SYSTEMPATH\Exceptions\FrameworkException.php on line 33.
 1 SYSTEMPATH\View\View.php(201): CodeIgniter\Exceptions\FrameworkException::forInvalidFile('principal.php')
 2 SYSTEMPATH\Common.php(1184): CodeIgniter\View\View->render('principal', [], true)
 3 APPPATH\Controllers\Home.php(79): view('principal', [...])
 4 SYSTEMPATH\CodeIgniter.php(934): App\Controllers\Home->principal()
 5 SYSTEMPATH\CodeIgniter.php(499): CodeIgniter\CodeIgniter->runController(Object(App\Controllers\Home))
 6 SYSTEMPATH\CodeIgniter.php(368): CodeIgniter\CodeIgniter->handleRequest(null, Object(Config\Cache), false)
 7 FCPATH\index.php(67): CodeIgniter\CodeIgniter->run()
CRITICAL - 2023-05-10 15:56:32 --> Invalid file: "principal.php"
in SYSTEMPATH\Exceptions\FrameworkException.php on line 33.
 1 SYSTEMPATH\View\View.php(201): CodeIgniter\Exceptions\FrameworkException::forInvalidFile('principal.php')
 2 SYSTEMPATH\Common.php(1184): CodeIgniter\View\View->render('principal', [], true)
 3 APPPATH\Controllers\Home.php(79): view('principal', [...])
 4 SYSTEMPATH\CodeIgniter.php(934): App\Controllers\Home->principal()
 5 SYSTEMPATH\CodeIgniter.php(499): CodeIgniter\CodeIgniter->runController(Object(App\Controllers\Home))
 6 SYSTEMPATH\CodeIgniter.php(368): CodeIgniter\CodeIgniter->handleRequest(null, Object(Config\Cache), false)
 7 FCPATH\index.php(67): CodeIgniter\CodeIgniter->run()
CRITICAL - 2023-05-10 15:56:34 --> Invalid file: "principal.php"
in SYSTEMPATH\Exceptions\FrameworkException.php on line 33.
 1 SYSTEMPATH\View\View.php(201): CodeIgniter\Exceptions\FrameworkException::forInvalidFile('principal.php')
 2 SYSTEMPATH\Common.php(1184): CodeIgniter\View\View->render('principal', [], true)
 3 APPPATH\Controllers\Home.php(79): view('principal', [...])
 4 SYSTEMPATH\CodeIgniter.php(934): App\Controllers\Home->principal()
 5 SYSTEMPATH\CodeIgniter.php(499): CodeIgniter\CodeIgniter->runController(Object(App\Controllers\Home))
 6 SYSTEMPATH\CodeIgniter.php(368): CodeIgniter\CodeIgniter->handleRequest(null, Object(Config\Cache), false)
 7 FCPATH\index.php(67): CodeIgniter\CodeIgniter->run()
CRITICAL - 2023-05-10 16:07:28 --> Invalid file: "C:\xampp\htdocs\proyecto-guevara-johan\app\Views/layout.php"
in SYSTEMPATH\Exceptions\FrameworkException.php on line 33.
 1 SYSTEMPATH\View\View.php(201): CodeIgniter\Exceptions\FrameworkException::forInvalidFile('C:\\xampp\\htdocs\\proyecto-guevara-johan\\app\\Views/layout.php')
 2 SYSTEMPATH\View\View.php(229): CodeIgniter\View\View->render('C:\\xampp\\htdocs\\proyecto-guevara-johan\\app\\Views/layout', [], true)
 3 SYSTEMPATH\Common.php(1184): CodeIgniter\View\View->render('principal', [], true)
 4 APPPATH\Controllers\Home.php(79): view('principal', [...])
 5 SYSTEMPATH\CodeIgniter.php(934): App\Controllers\Home->principal()
 6 SYSTEMPATH\CodeIgniter.php(499): CodeIgniter\CodeIgniter->runController(Object(App\Controllers\Home))
 7 SYSTEMPATH\CodeIgniter.php(368): CodeIgniter\CodeIgniter->handleRequest(null, Object(Config\Cache), false)
 8 FCPATH\index.php(67): CodeIgniter\CodeIgniter->run()
CRITICAL - 2023-05-10 16:07:58 --> Invalid file: "C:\xampp\htdocs\proyecto-guevara-johan\app\Views/layout.php"
in SYSTEMPATH\Exceptions\FrameworkException.php on line 33.
 1 SYSTEMPATH\View\View.php(201): CodeIgniter\Exceptions\FrameworkException::forInvalidFile('C:\\xampp\\htdocs\\proyecto-guevara-johan\\app\\Views/layout.php')
 2 SYSTEMPATH\View\View.php(229): CodeIgniter\View\View->render('C:\\xampp\\htdocs\\proyecto-guevara-johan\\app\\Views/layout.php', [], true)
 3 SYSTEMPATH\Common.php(1184): CodeIgniter\View\View->render('principal', [], true)
 4 APPPATH\Controllers\Home.php(79): view('principal', [...])
 5 SYSTEMPATH\CodeIgniter.php(934): App\Controllers\Home->principal()
 6 SYSTEMPATH\CodeIgniter.php(499): CodeIgniter\CodeIgniter->runController(Object(App\Controllers\Home))
 7 SYSTEMPATH\CodeIgniter.php(368): CodeIgniter\CodeIgniter->handleRequest(null, Object(Config\Cache), false)
 8 FCPATH\index.php(67): CodeIgniter\CodeIgniter->run()
CRITICAL - 2023-05-10 16:09:12 --> Invalid file: "principal.php"
in SYSTEMPATH\Exceptions\FrameworkException.php on line 33.
 1 SYSTEMPATH\View\View.php(201): CodeIgniter\Exceptions\FrameworkException::forInvalidFile('principal.php')
 2 SYSTEMPATH\Common.php(1184): CodeIgniter\View\View->render('principal', [], true)
 3 APPPATH\Controllers\Home.php(79): view('principal', [...])
 4 SYSTEMPATH\CodeIgniter.php(934): App\Controllers\Home->principal()
 5 SYSTEMPATH\CodeIgniter.php(499): CodeIgniter\CodeIgniter->runController(Object(App\Controllers\Home))
 6 SYSTEMPATH\CodeIgniter.php(368): CodeIgniter\CodeIgniter->handleRequest(null, Object(Config\Cache), false)
 7 FCPATH\index.php(67): CodeIgniter\CodeIgniter->run()
CRITICAL - 2023-05-10 16:09:48 --> Invalid file: "layout.php"
in SYSTEMPATH\Exceptions\FrameworkException.php on line 33.
 1 SYSTEMPATH\View\View.php(201): CodeIgniter\Exceptions\FrameworkException::forInvalidFile('layout.php')
 2 SYSTEMPATH\View\View.php(229): CodeIgniter\View\View->render('layout', [], true)
 3 SYSTEMPATH\Common.php(1184): CodeIgniter\View\View->render('pages/principal', [], true)
 4 APPPATH\Controllers\Home.php(79): view('pages/principal', [...])
 5 SYSTEMPATH\CodeIgniter.php(934): App\Controllers\Home->principal()
 6 SYSTEMPATH\CodeIgniter.php(499): CodeIgniter\CodeIgniter->runController(Object(App\Controllers\Home))
 7 SYSTEMPATH\CodeIgniter.php(368): CodeIgniter\CodeIgniter->handleRequest(null, Object(Config\Cache), false)
 8 FCPATH\index.php(67): CodeIgniter\CodeIgniter->run()
CRITICAL - 2023-05-10 16:10:01 --> Invalid file: "layout.php"
in SYSTEMPATH\Exceptions\FrameworkException.php on line 33.
 1 SYSTEMPATH\View\View.php(201): CodeIgniter\Exceptions\FrameworkException::forInvalidFile('layout.php')
 2 SYSTEMPATH\View\View.php(229): CodeIgniter\View\View->render('layout', [], true)
 3 SYSTEMPATH\Common.php(1184): CodeIgniter\View\View->render('pages/principal', [], true)
 4 APPPATH\Controllers\Home.php(79): view('pages/principal', [...])
 5 SYSTEMPATH\CodeIgniter.php(934): App\Controllers\Home->principal()
 6 SYSTEMPATH\CodeIgniter.php(499): CodeIgniter\CodeIgniter->runController(Object(App\Controllers\Home))
 7 SYSTEMPATH\CodeIgniter.php(368): CodeIgniter\CodeIgniter->handleRequest(null, Object(Config\Cache), false)
 8 FCPATH\index.php(67): CodeIgniter\CodeIgniter->run()
CRITICAL - 2023-05-10 16:10:40 --> Invalid file: "layout.php"
in SYSTEMPATH\Exceptions\FrameworkException.php on line 33.
 1 SYSTEMPATH\View\View.php(201): CodeIgniter\Exceptions\FrameworkException::forInvalidFile('layout.php')
 2 SYSTEMPATH\View\View.php(229): CodeIgniter\View\View->render('layout', [], true)
 3 SYSTEMPATH\Common.php(1184): CodeIgniter\View\View->render('pages/principal', [], true)
 4 APPPATH\Controllers\Home.php(79): view('pages/principal', [...])
 5 SYSTEMPATH\CodeIgniter.php(934): App\Controllers\Home->principal()
 6 SYSTEMPATH\CodeIgniter.php(499): CodeIgniter\CodeIgniter->runController(Object(App\Controllers\Home))
 7 SYSTEMPATH\CodeIgniter.php(368): CodeIgniter\CodeIgniter->handleRequest(null, Object(Config\Cache), false)
 8 FCPATH\index.php(67): CodeIgniter\CodeIgniter->run()
CRITICAL - 2023-05-10 16:10:48 --> Invalid file: "layout.php"
in SYSTEMPATH\Exceptions\FrameworkException.php on line 33.
 1 SYSTEMPATH\View\View.php(201): CodeIgniter\Exceptions\FrameworkException::forInvalidFile('layout.php')
 2 SYSTEMPATH\View\View.php(229): CodeIgniter\View\View->render('layout', [], true)
 3 SYSTEMPATH\Common.php(1184): CodeIgniter\View\View->render('pages/principal', [], true)
 4 APPPATH\Controllers\Home.php(79): view('pages/principal', [...])
 5 SYSTEMPATH\CodeIgniter.php(934): App\Controllers\Home->principal()
 6 SYSTEMPATH\CodeIgniter.php(499): CodeIgniter\CodeIgniter->runController(Object(App\Controllers\Home))
 7 SYSTEMPATH\CodeIgniter.php(368): CodeIgniter\CodeIgniter->handleRequest(null, Object(Config\Cache), false)
 8 FCPATH\index.php(67): CodeIgniter\CodeIgniter->run()
CRITICAL - 2023-05-10 16:11:30 --> Invalid file: "layout.php"
in SYSTEMPATH\Exceptions\FrameworkException.php on line 33.
 1 SYSTEMPATH\View\View.php(201): CodeIgniter\Exceptions\FrameworkException::forInvalidFile('layout.php')
 2 SYSTEMPATH\View\View.php(229): CodeIgniter\View\View->render('layout', [], true)
 3 SYSTEMPATH\Common.php(1184): CodeIgniter\View\View->render('pages/principal', [], true)
 4 APPPATH\Controllers\Home.php(79): view('pages/principal', [...])
 5 SYSTEMPATH\CodeIgniter.php(934): App\Controllers\Home->principal()
 6 SYSTEMPATH\CodeIgniter.php(499): CodeIgniter\CodeIgniter->runController(Object(App\Controllers\Home))
 7 SYSTEMPATH\CodeIgniter.php(368): CodeIgniter\CodeIgniter->handleRequest(null, Object(Config\Cache), false)
 8 FCPATH\index.php(67): CodeIgniter\CodeIgniter->run()
CRITICAL - 2023-05-10 16:12:57 --> Invalid file: "layout.php"
in SYSTEMPATH\Exceptions\FrameworkException.php on line 33.
 1 SYSTEMPATH\View\View.php(201): CodeIgniter\Exceptions\FrameworkException::forInvalidFile('layout.php')
 2 SYSTEMPATH\View\View.php(229): CodeIgniter\View\View->render('layout', [], true)
 3 SYSTEMPATH\Common.php(1184): CodeIgniter\View\View->render('pages/principal', [], true)
 4 APPPATH\Controllers\Home.php(79): view('pages/principal', [...])
 5 SYSTEMPATH\CodeIgniter.php(934): App\Controllers\Home->principal()
 6 SYSTEMPATH\CodeIgniter.php(499): CodeIgniter\CodeIgniter->runController(Object(App\Controllers\Home))
 7 SYSTEMPATH\CodeIgniter.php(368): CodeIgniter\CodeIgniter->handleRequest(null, Object(Config\Cache), false)
 8 FCPATH\index.php(67): CodeIgniter\CodeIgniter->run()
CRITICAL - 2023-05-10 16:13:41 --> Invalid file: "C:\xampp\htdocs\proyecto-guevara-johan\app\Views/layout.php"
in SYSTEMPATH\Exceptions\FrameworkException.php on line 33.
 1 SYSTEMPATH\View\View.php(201): CodeIgniter\Exceptions\FrameworkException::forInvalidFile('C:\\xampp\\htdocs\\proyecto-guevara-johan\\app\\Views/layout.php')
 2 SYSTEMPATH\View\View.php(229): CodeIgniter\View\View->render('C:\\xampp\\htdocs\\proyecto-guevara-johan\\app\\Views/layout', [], true)
 3 SYSTEMPATH\Common.php(1184): CodeIgniter\View\View->render('pages/principal', [], true)
 4 APPPATH\Controllers\Home.php(79): view('pages/principal', [...])
 5 SYSTEMPATH\CodeIgniter.php(934): App\Controllers\Home->principal()
 6 SYSTEMPATH\CodeIgniter.php(499): CodeIgniter\CodeIgniter->runController(Object(App\Controllers\Home))
 7 SYSTEMPATH\CodeIgniter.php(368): CodeIgniter\CodeIgniter->handleRequest(null, Object(Config\Cache), false)
 8 FCPATH\index.php(67): CodeIgniter\CodeIgniter->run()
CRITICAL - 2023-05-10 16:13:46 --> Invalid file: "C:\xampp\htdocs\proyecto-guevara-johan\app\Views/layout.php"
in SYSTEMPATH\Exceptions\FrameworkException.php on line 33.
 1 SYSTEMPATH\View\View.php(201): CodeIgniter\Exceptions\FrameworkException::forInvalidFile('C:\\xampp\\htdocs\\proyecto-guevara-johan\\app\\Views/layout.php')
 2 SYSTEMPATH\View\View.php(229): CodeIgniter\View\View->render('C:\\xampp\\htdocs\\proyecto-guevara-johan\\app\\Views/layout', [], true)
 3 SYSTEMPATH\Common.php(1184): CodeIgniter\View\View->render('pages/principal', [], true)
 4 APPPATH\Controllers\Home.php(79): view('pages/principal', [...])
 5 SYSTEMPATH\CodeIgniter.php(934): App\Controllers\Home->principal()
 6 SYSTEMPATH\CodeIgniter.php(499): CodeIgniter\CodeIgniter->runController(Object(App\Controllers\Home))
 7 SYSTEMPATH\CodeIgniter.php(368): CodeIgniter\CodeIgniter->handleRequest(null, Object(Config\Cache), false)
 8 FCPATH\index.php(67): CodeIgniter\CodeIgniter->run()
CRITICAL - 2023-05-10 16:17:10 --> Invalid file: "C:\xampp\htdocs\proyecto-guevara-johan\app\Views\layout.php"
in SYSTEMPATH\Exceptions\FrameworkException.php on line 33.
 1 SYSTEMPATH\View\View.php(201): CodeIgniter\Exceptions\FrameworkException::forInvalidFile('C:\\xampp\\htdocs\\proyecto-guevara-johan\\app\\Views\\layout.php')
 2 SYSTEMPATH\View\View.php(229): CodeIgniter\View\View->render('C:\\xampp\\htdocs\\proyecto-guevara-johan\\app\\Views\\layout', [], true)
 3 SYSTEMPATH\Common.php(1184): CodeIgniter\View\View->render('pages/principal', [], true)
 4 APPPATH\Controllers\Home.php(79): view('pages/principal', [...])
 5 SYSTEMPATH\CodeIgniter.php(934): App\Controllers\Home->principal()
 6 SYSTEMPATH\CodeIgniter.php(499): CodeIgniter\CodeIgniter->runController(Object(App\Controllers\Home))
 7 SYSTEMPATH\CodeIgniter.php(368): CodeIgniter\CodeIgniter->handleRequest(null, Object(Config\Cache), false)
 8 FCPATH\index.php(67): CodeIgniter\CodeIgniter->run()
CRITICAL - 2023-05-10 16:17:30 --> Invalid file: "C:\xampp\htdocs\proyecto-guevara-johan\app\Views\layout.php"
in SYSTEMPATH\Exceptions\FrameworkException.php on line 33.
 1 SYSTEMPATH\View\View.php(201): CodeIgniter\Exceptions\FrameworkException::forInvalidFile('C:\\xampp\\htdocs\\proyecto-guevara-johan\\app\\Views\\layout.php')
 2 SYSTEMPATH\View\View.php(229): CodeIgniter\View\View->render('C:\\xampp\\htdocs\\proyecto-guevara-johan\\app\\Views\\layout', [], true)
 3 SYSTEMPATH\Common.php(1184): CodeIgniter\View\View->render('pages/principal', [], true)
 4 APPPATH\Controllers\Home.php(79): view('pages/principal', [...])
 5 SYSTEMPATH\CodeIgniter.php(934): App\Controllers\Home->principal()
 6 SYSTEMPATH\CodeIgniter.php(499): CodeIgniter\CodeIgniter->runController(Object(App\Controllers\Home))
 7 SYSTEMPATH\CodeIgniter.php(368): CodeIgniter\CodeIgniter->handleRequest(null, Object(Config\Cache), false)
 8 FCPATH\index.php(67): CodeIgniter\CodeIgniter->run()
CRITICAL - 2023-05-10 16:17:32 --> Invalid file: "C:\xampp\htdocs\proyecto-guevara-johan\app\Views\layout.php"
in SYSTEMPATH\Exceptions\FrameworkException.php on line 33.
 1 SYSTEMPATH\View\View.php(201): CodeIgniter\Exceptions\FrameworkException::forInvalidFile('C:\\xampp\\htdocs\\proyecto-guevara-johan\\app\\Views\\layout.php')
 2 SYSTEMPATH\View\View.php(229): CodeIgniter\View\View->render('C:\\xampp\\htdocs\\proyecto-guevara-johan\\app\\Views\\layout', [], true)
 3 SYSTEMPATH\Common.php(1184): CodeIgniter\View\View->render('pages/principal', [], true)
 4 APPPATH\Controllers\Home.php(79): view('pages/principal', [...])
 5 SYSTEMPATH\CodeIgniter.php(934): App\Controllers\Home->principal()
 6 SYSTEMPATH\CodeIgniter.php(499): CodeIgniter\CodeIgniter->runController(Object(App\Controllers\Home))
 7 SYSTEMPATH\CodeIgniter.php(368): CodeIgniter\CodeIgniter->handleRequest(null, Object(Config\Cache), false)
 8 FCPATH\index.php(67): CodeIgniter\CodeIgniter->run()
CRITICAL - 2023-05-10 16:17:35 --> Invalid file: "C:\xampp\htdocs\proyecto-guevara-johan\app\Views\layout.php"
in SYSTEMPATH\Exceptions\FrameworkException.php on line 33.
 1 SYSTEMPATH\View\View.php(201): CodeIgniter\Exceptions\FrameworkException::forInvalidFile('C:\\xampp\\htdocs\\proyecto-guevara-johan\\app\\Views\\layout.php')
 2 SYSTEMPATH\View\View.php(229): CodeIgniter\View\View->render('C:\\xampp\\htdocs\\proyecto-guevara-johan\\app\\Views\\layout', [], true)
 3 SYSTEMPATH\Common.php(1184): CodeIgniter\View\View->render('pages/principal', [], true)
 4 APPPATH\Controllers\Home.php(79): view('pages/principal', [...])
 5 SYSTEMPATH\CodeIgniter.php(934): App\Controllers\Home->principal()
 6 SYSTEMPATH\CodeIgniter.php(499): CodeIgniter\CodeIgniter->runController(Object(App\Controllers\Home))
 7 SYSTEMPATH\CodeIgniter.php(368): CodeIgniter\CodeIgniter->handleRequest(null, Object(Config\Cache), false)
 8 FCPATH\index.php(67): CodeIgniter\CodeIgniter->run()
CRITICAL - 2023-05-10 16:18:09 --> Invalid file: "C:\xampp\htdocs\proyecto-guevara-johan\app\Views/layout.php"
in SYSTEMPATH\Exceptions\FrameworkException.php on line 33.
 1 SYSTEMPATH\View\View.php(201): CodeIgniter\Exceptions\FrameworkException::forInvalidFile('C:\\xampp\\htdocs\\proyecto-guevara-johan\\app\\Views/layout.php')
 2 SYSTEMPATH\View\View.php(229): CodeIgniter\View\View->render('C:\\xampp\\htdocs\\proyecto-guevara-johan\\app\\Views/layout', [], true)
 3 SYSTEMPATH\Common.php(1184): CodeIgniter\View\View->render('pages/principal', [], true)
 4 APPPATH\Controllers\Home.php(79): view('pages/principal', [...])
 5 SYSTEMPATH\CodeIgniter.php(934): App\Controllers\Home->principal()
 6 SYSTEMPATH\CodeIgniter.php(499): CodeIgniter\CodeIgniter->runController(Object(App\Controllers\Home))
 7 SYSTEMPATH\CodeIgniter.php(368): CodeIgniter\CodeIgniter->handleRequest(null, Object(Config\Cache), false)
 8 FCPATH\index.php(67): CodeIgniter\CodeIgniter->run()
CRITICAL - 2023-05-10 16:18:55 --> Invalid file: "C:\xampp\htdocs\proyecto-guevara-johan\app/Views/layout.php"
in SYSTEMPATH\Exceptions\FrameworkException.php on line 33.
 1 SYSTEMPATH\View\View.php(201): CodeIgniter\Exceptions\FrameworkException::forInvalidFile('C:\\xampp\\htdocs\\proyecto-guevara-johan\\app/Views/layout.php')
 2 SYSTEMPATH\View\View.php(229): CodeIgniter\View\View->render('C:\\xampp\\htdocs\\proyecto-guevara-johan\\app/Views/layout', [], true)
 3 SYSTEMPATH\Common.php(1184): CodeIgniter\View\View->render('pages/principal', [], true)
 4 APPPATH\Controllers\Home.php(79): view('pages/principal', [...])
 5 SYSTEMPATH\CodeIgniter.php(934): App\Controllers\Home->principal()
 6 SYSTEMPATH\CodeIgniter.php(499): CodeIgniter\CodeIgniter->runController(Object(App\Controllers\Home))
 7 SYSTEMPATH\CodeIgniter.php(368): CodeIgniter\CodeIgniter->handleRequest(null, Object(Config\Cache), false)
 8 FCPATH\index.php(67): CodeIgniter\CodeIgniter->run()
CRITICAL - 2023-05-10 16:40:04 --> Namespace declaration statement has to be the very first statement or after any declare call in the script
in APPPATH\Controllers\UsuariosController.php on line 5.
 1 [internal function]: CodeIgniter\Debug\Exceptions->shutdownHandler()
ERROR - 2023-05-10 17:44:25 --> mysqli_sql_exception: Duplicate entry 'john@example.com' for key 'email' in C:\xampp\htdocs\proyecto-guevara-johan\system\Database\MySQLi\Connection.php:295
Stack trace:
#0 C:\xampp\htdocs\proyecto-guevara-johan\system\Database\MySQLi\Connection.php(295): mysqli->query('INSERT INTO `us...', 0)
#1 C:\xampp\htdocs\proyecto-guevara-johan\system\Database\BaseConnection.php(691): CodeIgniter\Database\MySQLi\Connection->execute('INSERT INTO `us...')
#2 C:\xampp\htdocs\proyecto-guevara-johan\system\Database\BaseConnection.php(605): CodeIgniter\Database\BaseConnection->simpleQuery('INSERT INTO `us...')
#3 C:\xampp\htdocs\proyecto-guevara-johan\system\Database\BaseBuilder.php(2309): CodeIgniter\Database\BaseConnection->query('INSERT INTO `us...', Array, false)
#4 C:\xampp\htdocs\proyecto-guevara-johan\system\Model.php(330): CodeIgniter\Database\BaseBuilder->insert()
#5 C:\xampp\htdocs\proyecto-guevara-johan\system\BaseModel.php(782): CodeIgniter\Model->doInsert(Array)
#6 C:\xampp\htdocs\proyecto-guevara-johan\system\Model.php(730): CodeIgniter\BaseModel->insert(Array, true)
#7 C:\xampp\htdocs\proyecto-guevara-johan\app\Models\UsuarioModel.php(21): CodeIgniter\Model->insert(Array)
#8 C:\xampp\htdocs\proyecto-guevara-johan\app\Controllers\UsuariosController.php(31): App\Models\UsuarioModel->insertarUsuario(Array)
#9 C:\xampp\htdocs\proyecto-guevara-johan\system\CodeIgniter.php(934): App\Controllers\UsuariosController->crearUsuario()
#10 C:\xampp\htdocs\proyecto-guevara-johan\system\CodeIgniter.php(499): CodeIgniter\CodeIgniter->runController(Object(App\Controllers\UsuariosController))
#11 C:\xampp\htdocs\proyecto-guevara-johan\system\CodeIgniter.php(368): CodeIgniter\CodeIgniter->handleRequest(NULL, Object(Config\Cache), false)
#12 C:\xampp\htdocs\proyecto-guevara-johan\public\index.php(67): CodeIgniter\CodeIgniter->run()
#13 {main}
CRITICAL - 2023-05-10 17:44:25 --> Duplicate entry 'john@example.com' for key 'email'
in SYSTEMPATH\Database\MySQLi\Connection.php on line 295.
 1 SYSTEMPATH\Database\MySQLi\Connection.php(295): mysqli->query('INSERT INTO `usuarios` (`nombre`, `apellido`, `usuario`, `email`, `pass`, `perfil_id`, `baja`) VALUES (\'John Doe\', \'Doe\', \'john.doe\', \'john@example.com\', \'secreto\', 1, \'NO\')', 0)
 2 SYSTEMPATH\Database\BaseConnection.php(691): CodeIgniter\Database\MySQLi\Connection->execute('INSERT INTO `usuarios` (`nombre`, `apellido`, `usuario`, `email`, `pass`, `perfil_id`, `baja`) VALUES (\'John Doe\', \'Doe\', \'john.doe\', \'john@example.com\', \'secreto\', 1, \'NO\')')
 3 SYSTEMPATH\Database\BaseConnection.php(605): CodeIgniter\Database\BaseConnection->simpleQuery('INSERT INTO `usuarios` (`nombre`, `apellido`, `usuario`, `email`, `pass`, `perfil_id`, `baja`) VALUES (\'John Doe\', \'Doe\', \'john.doe\', \'john@example.com\', \'secreto\', 1, \'NO\')')
 4 SYSTEMPATH\Database\BaseBuilder.php(2309): CodeIgniter\Database\BaseConnection->query('INSERT INTO `usuarios` (`nombre`, `apellido`, `usuario`, `email`, `pass`, `perfil_id`, `baja`) VALUES (:nombre:, :apellido:, :usuario:, :email:, :pass:, :perfil_id:, :baja:)', [...], false)
 5 SYSTEMPATH\Model.php(330): CodeIgniter\Database\BaseBuilder->insert()
 6 SYSTEMPATH\BaseModel.php(782): CodeIgniter\Model->doInsert([...])
 7 SYSTEMPATH\Model.php(730): CodeIgniter\BaseModel->insert([...], true)
 8 APPPATH\Models\UsuarioModel.php(21): CodeIgniter\Model->insert([...])
 9 APPPATH\Controllers\UsuariosController.php(31): App\Models\UsuarioModel->insertarUsuario([...])
10 SYSTEMPATH\CodeIgniter.php(934): App\Controllers\UsuariosController->crearUsuario()
11 SYSTEMPATH\CodeIgniter.php(499): CodeIgniter\CodeIgniter->runController(Object(App\Controllers\UsuariosController))
12 SYSTEMPATH\CodeIgniter.php(368): CodeIgniter\CodeIgniter->handleRequest(null, Object(Config\Cache), false)
13 FCPATH\index.php(67): CodeIgniter\CodeIgniter->run()
ERROR - 2023-05-10 17:46:31 --> mysqli_sql_exception: Duplicate entry 'john@example.com' for key 'email' in C:\xampp\htdocs\proyecto-guevara-johan\system\Database\MySQLi\Connection.php:295
Stack trace:
#0 C:\xampp\htdocs\proyecto-guevara-johan\system\Database\MySQLi\Connection.php(295): mysqli->query('INSERT INTO `us...', 0)
#1 C:\xampp\htdocs\proyecto-guevara-johan\system\Database\BaseConnection.php(691): CodeIgniter\Database\MySQLi\Connection->execute('INSERT INTO `us...')
#2 C:\xampp\htdocs\proyecto-guevara-johan\system\Database\BaseConnection.php(605): CodeIgniter\Database\BaseConnection->simpleQuery('INSERT INTO `us...')
#3 C:\xampp\htdocs\proyecto-guevara-johan\system\Database\BaseBuilder.php(2309): CodeIgniter\Database\BaseConnection->query('INSERT INTO `us...', Array, false)
#4 C:\xampp\htdocs\proyecto-guevara-johan\system\Model.php(330): CodeIgniter\Database\BaseBuilder->insert()
#5 C:\xampp\htdocs\proyecto-guevara-johan\system\BaseModel.php(782): CodeIgniter\Model->doInsert(Array)
#6 C:\xampp\htdocs\proyecto-guevara-johan\system\Model.php(730): CodeIgniter\BaseModel->insert(Array, true)
#7 C:\xampp\htdocs\proyecto-guevara-johan\app\Models\UsuarioModel.php(21): CodeIgniter\Model->insert(Array)
#8 C:\xampp\htdocs\proyecto-guevara-johan\app\Controllers\UsuariosController.php(32): App\Models\UsuarioModel->insertarUsuario(Array)
#9 C:\xampp\htdocs\proyecto-guevara-johan\system\CodeIgniter.php(934): App\Controllers\UsuariosController->crearUsuario()
#10 C:\xampp\htdocs\proyecto-guevara-johan\system\CodeIgniter.php(499): CodeIgniter\CodeIgniter->runController(Object(App\Controllers\UsuariosController))
#11 C:\xampp\htdocs\proyecto-guevara-johan\system\CodeIgniter.php(368): CodeIgniter\CodeIgniter->handleRequest(NULL, Object(Config\Cache), false)
#12 C:\xampp\htdocs\proyecto-guevara-johan\public\index.php(67): CodeIgniter\CodeIgniter->run()
#13 {main}
CRITICAL - 2023-05-10 17:46:31 --> Duplicate entry 'john@example.com' for key 'email'
in SYSTEMPATH\Database\MySQLi\Connection.php on line 295.
 1 SYSTEMPATH\Database\MySQLi\Connection.php(295): mysqli->query('INSERT INTO `usuarios` (`nombre`, `apellido`, `usuario`, `email`, `pass`, `perfil_id`, `baja`) VALUES (\'John Doe\', \'Doe\', \'john.doe\', \'john@example.com\', \'secreto\', 1, \'NO\')', 0)
 2 SYSTEMPATH\Database\BaseConnection.php(691): CodeIgniter\Database\MySQLi\Connection->execute('INSERT INTO `usuarios` (`nombre`, `apellido`, `usuario`, `email`, `pass`, `perfil_id`, `baja`) VALUES (\'John Doe\', \'Doe\', \'john.doe\', \'john@example.com\', \'secreto\', 1, \'NO\')')
 3 SYSTEMPATH\Database\BaseConnection.php(605): CodeIgniter\Database\BaseConnection->simpleQuery('INSERT INTO `usuarios` (`nombre`, `apellido`, `usuario`, `email`, `pass`, `perfil_id`, `baja`) VALUES (\'John Doe\', \'Doe\', \'john.doe\', \'john@example.com\', \'secreto\', 1, \'NO\')')
 4 SYSTEMPATH\Database\BaseBuilder.php(2309): CodeIgniter\Database\BaseConnection->query('INSERT INTO `usuarios` (`nombre`, `apellido`, `usuario`, `email`, `pass`, `perfil_id`, `baja`) VALUES (:nombre:, :apellido:, :usuario:, :email:, :pass:, :perfil_id:, :baja:)', [...], false)
 5 SYSTEMPATH\Model.php(330): CodeIgniter\Database\BaseBuilder->insert()
 6 SYSTEMPATH\BaseModel.php(782): CodeIgniter\Model->doInsert([...])
 7 SYSTEMPATH\Model.php(730): CodeIgniter\BaseModel->insert([...], true)
 8 APPPATH\Models\UsuarioModel.php(21): CodeIgniter\Model->insert([...])
 9 APPPATH\Controllers\UsuariosController.php(32): App\Models\UsuarioModel->insertarUsuario([...])
10 SYSTEMPATH\CodeIgniter.php(934): App\Controllers\UsuariosController->crearUsuario()
11 SYSTEMPATH\CodeIgniter.php(499): CodeIgniter\CodeIgniter->runController(Object(App\Controllers\UsuariosController))
12 SYSTEMPATH\CodeIgniter.php(368): CodeIgniter\CodeIgniter->handleRequest(null, Object(Config\Cache), false)
13 FCPATH\index.php(67): CodeIgniter\CodeIgniter->run()
ERROR - 2023-05-10 17:47:09 --> mysqli_sql_exception: Duplicate entry 'john@example.com' for key 'email' in C:\xampp\htdocs\proyecto-guevara-johan\system\Database\MySQLi\Connection.php:295
Stack trace:
#0 C:\xampp\htdocs\proyecto-guevara-johan\system\Database\MySQLi\Connection.php(295): mysqli->query('INSERT INTO `us...', 0)
#1 C:\xampp\htdocs\proyecto-guevara-johan\system\Database\BaseConnection.php(691): CodeIgniter\Database\MySQLi\Connection->execute('INSERT INTO `us...')
#2 C:\xampp\htdocs\proyecto-guevara-johan\system\Database\BaseConnection.php(605): CodeIgniter\Database\BaseConnection->simpleQuery('INSERT INTO `us...')
#3 C:\xampp\htdocs\proyecto-guevara-johan\system\Database\BaseBuilder.php(2309): CodeIgniter\Database\BaseConnection->query('INSERT INTO `us...', Array, false)
#4 C:\xampp\htdocs\proyecto-guevara-johan\system\Model.php(330): CodeIgniter\Database\BaseBuilder->insert()
#5 C:\xampp\htdocs\proyecto-guevara-johan\system\BaseModel.php(782): CodeIgniter\Model->doInsert(Array)
#6 C:\xampp\htdocs\proyecto-guevara-johan\system\Model.php(730): CodeIgniter\BaseModel->insert(Array, true)
#7 C:\xampp\htdocs\proyecto-guevara-johan\app\Models\UsuarioModel.php(21): CodeIgniter\Model->insert(Array)
#8 C:\xampp\htdocs\proyecto-guevara-johan\app\Controllers\UsuariosController.php(32): App\Models\UsuarioModel->insertarUsuario(Array)
#9 C:\xampp\htdocs\proyecto-guevara-johan\system\CodeIgniter.php(934): App\Controllers\UsuariosController->crearUsuario()
#10 C:\xampp\htdocs\proyecto-guevara-johan\system\CodeIgniter.php(499): CodeIgniter\CodeIgniter->runController(Object(App\Controllers\UsuariosController))
#11 C:\xampp\htdocs\proyecto-guevara-johan\system\CodeIgniter.php(368): CodeIgniter\CodeIgniter->handleRequest(NULL, Object(Config\Cache), false)
#12 C:\xampp\htdocs\proyecto-guevara-johan\public\index.php(67): CodeIgniter\CodeIgniter->run()
#13 {main}
CRITICAL - 2023-05-10 17:47:09 --> Duplicate entry 'john@example.com' for key 'email'
in SYSTEMPATH\Database\MySQLi\Connection.php on line 295.
 1 SYSTEMPATH\Database\MySQLi\Connection.php(295): mysqli->query('INSERT INTO `usuarios` (`nombre`, `apellido`, `usuario`, `email`, `pass`, `perfil_id`, `baja`) VALUES (\'John Doe\', \'Doe\', \'john.doe\', \'john@example.com\', \'secreto\', 1, \'NO\')', 0)
 2 SYSTEMPATH\Database\BaseConnection.php(691): CodeIgniter\Database\MySQLi\Connection->execute('INSERT INTO `usuarios` (`nombre`, `apellido`, `usuario`, `email`, `pass`, `perfil_id`, `baja`) VALUES (\'John Doe\', \'Doe\', \'john.doe\', \'john@example.com\', \'secreto\', 1, \'NO\')')
 3 SYSTEMPATH\Database\BaseConnection.php(605): CodeIgniter\Database\BaseConnection->simpleQuery('INSERT INTO `usuarios` (`nombre`, `apellido`, `usuario`, `email`, `pass`, `perfil_id`, `baja`) VALUES (\'John Doe\', \'Doe\', \'john.doe\', \'john@example.com\', \'secreto\', 1, \'NO\')')
 4 SYSTEMPATH\Database\BaseBuilder.php(2309): CodeIgniter\Database\BaseConnection->query('INSERT INTO `usuarios` (`nombre`, `apellido`, `usuario`, `email`, `pass`, `perfil_id`, `baja`) VALUES (:nombre:, :apellido:, :usuario:, :email:, :pass:, :perfil_id:, :baja:)', [...], false)
 5 SYSTEMPATH\Model.php(330): CodeIgniter\Database\BaseBuilder->insert()
 6 SYSTEMPATH\BaseModel.php(782): CodeIgniter\Model->doInsert([...])
 7 SYSTEMPATH\Model.php(730): CodeIgniter\BaseModel->insert([...], true)
 8 APPPATH\Models\UsuarioModel.php(21): CodeIgniter\Model->insert([...])
 9 APPPATH\Controllers\UsuariosController.php(32): App\Models\UsuarioModel->insertarUsuario([...])
10 SYSTEMPATH\CodeIgniter.php(934): App\Controllers\UsuariosController->crearUsuario()
11 SYSTEMPATH\CodeIgniter.php(499): CodeIgniter\CodeIgniter->runController(Object(App\Controllers\UsuariosController))
12 SYSTEMPATH\CodeIgniter.php(368): CodeIgniter\CodeIgniter->handleRequest(null, Object(Config\Cache), false)
13 FCPATH\index.php(67): CodeIgniter\CodeIgniter->run()
ERROR - 2023-05-10 17:47:32 --> mysqli_sql_exception: Duplicate entry 'john@example.com' for key 'email' in C:\xampp\htdocs\proyecto-guevara-johan\system\Database\MySQLi\Connection.php:295
Stack trace:
#0 C:\xampp\htdocs\proyecto-guevara-johan\system\Database\MySQLi\Connection.php(295): mysqli->query('INSERT INTO `us...', 0)
#1 C:\xampp\htdocs\proyecto-guevara-johan\system\Database\BaseConnection.php(691): CodeIgniter\Database\MySQLi\Connection->execute('INSERT INTO `us...')
#2 C:\xampp\htdocs\proyecto-guevara-johan\system\Database\BaseConnection.php(605): CodeIgniter\Database\BaseConnection->simpleQuery('INSERT INTO `us...')
#3 C:\xampp\htdocs\proyecto-guevara-johan\system\Database\BaseBuilder.php(2309): CodeIgniter\Database\BaseConnection->query('INSERT INTO `us...', Array, false)
#4 C:\xampp\htdocs\proyecto-guevara-johan\system\Model.php(330): CodeIgniter\Database\BaseBuilder->insert()
#5 C:\xampp\htdocs\proyecto-guevara-johan\system\BaseModel.php(782): CodeIgniter\Model->doInsert(Array)
#6 C:\xampp\htdocs\proyecto-guevara-johan\system\Model.php(730): CodeIgniter\BaseModel->insert(Array, true)
#7 C:\xampp\htdocs\proyecto-guevara-johan\app\Models\UsuarioModel.php(21): CodeIgniter\Model->insert(Array)
#8 C:\xampp\htdocs\proyecto-guevara-johan\app\Controllers\UsuariosController.php(32): App\Models\UsuarioModel->insertarUsuario(Array)
#9 C:\xampp\htdocs\proyecto-guevara-johan\system\CodeIgniter.php(934): App\Controllers\UsuariosController->crearUsuario()
#10 C:\xampp\htdocs\proyecto-guevara-johan\system\CodeIgniter.php(499): CodeIgniter\CodeIgniter->runController(Object(App\Controllers\UsuariosController))
#11 C:\xampp\htdocs\proyecto-guevara-johan\system\CodeIgniter.php(368): CodeIgniter\CodeIgniter->handleRequest(NULL, Object(Config\Cache), false)
#12 C:\xampp\htdocs\proyecto-guevara-johan\public\index.php(67): CodeIgniter\CodeIgniter->run()
#13 {main}
CRITICAL - 2023-05-10 17:47:32 --> Duplicate entry 'john@example.com' for key 'email'
in SYSTEMPATH\Database\MySQLi\Connection.php on line 295.
 1 SYSTEMPATH\Database\MySQLi\Connection.php(295): mysqli->query('INSERT INTO `usuarios` (`nombre`, `apellido`, `usuario`, `email`, `pass`, `perfil_id`, `baja`) VALUES (\'John Doe\', \'Doe\', \'john.doe\', \'john@example.com\', \'secreto\', 1, \'NO\')', 0)
 2 SYSTEMPATH\Database\BaseConnection.php(691): CodeIgniter\Database\MySQLi\Connection->execute('INSERT INTO `usuarios` (`nombre`, `apellido`, `usuario`, `email`, `pass`, `perfil_id`, `baja`) VALUES (\'John Doe\', \'Doe\', \'john.doe\', \'john@example.com\', \'secreto\', 1, \'NO\')')
 3 SYSTEMPATH\Database\BaseConnection.php(605): CodeIgniter\Database\BaseConnection->simpleQuery('INSERT INTO `usuarios` (`nombre`, `apellido`, `usuario`, `email`, `pass`, `perfil_id`, `baja`) VALUES (\'John Doe\', \'Doe\', \'john.doe\', \'john@example.com\', \'secreto\', 1, \'NO\')')
 4 SYSTEMPATH\Database\BaseBuilder.php(2309): CodeIgniter\Database\BaseConnection->query('INSERT INTO `usuarios` (`nombre`, `apellido`, `usuario`, `email`, `pass`, `perfil_id`, `baja`) VALUES (:nombre:, :apellido:, :usuario:, :email:, :pass:, :perfil_id:, :baja:)', [...], false)
 5 SYSTEMPATH\Model.php(330): CodeIgniter\Database\BaseBuilder->insert()
 6 SYSTEMPATH\BaseModel.php(782): CodeIgniter\Model->doInsert([...])
 7 SYSTEMPATH\Model.php(730): CodeIgniter\BaseModel->insert([...], true)
 8 APPPATH\Models\UsuarioModel.php(21): CodeIgniter\Model->insert([...])
 9 APPPATH\Controllers\UsuariosController.php(32): App\Models\UsuarioModel->insertarUsuario([...])
10 SYSTEMPATH\CodeIgniter.php(934): App\Controllers\UsuariosController->crearUsuario()
11 SYSTEMPATH\CodeIgniter.php(499): CodeIgniter\CodeIgniter->runController(Object(App\Controllers\UsuariosController))
12 SYSTEMPATH\CodeIgniter.php(368): CodeIgniter\CodeIgniter->handleRequest(null, Object(Config\Cache), false)
13 FCPATH\index.php(67): CodeIgniter\CodeIgniter->run()
ERROR - 2023-05-10 17:47:37 --> mysqli_sql_exception: Duplicate entry 'john@example.com' for key 'email' in C:\xampp\htdocs\proyecto-guevara-johan\system\Database\MySQLi\Connection.php:295
Stack trace:
#0 C:\xampp\htdocs\proyecto-guevara-johan\system\Database\MySQLi\Connection.php(295): mysqli->query('INSERT INTO `us...', 0)
#1 C:\xampp\htdocs\proyecto-guevara-johan\system\Database\BaseConnection.php(691): CodeIgniter\Database\MySQLi\Connection->execute('INSERT INTO `us...')
#2 C:\xampp\htdocs\proyecto-guevara-johan\system\Database\BaseConnection.php(605): CodeIgniter\Database\BaseConnection->simpleQuery('INSERT INTO `us...')
#3 C:\xampp\htdocs\proyecto-guevara-johan\system\Database\BaseBuilder.php(2309): CodeIgniter\Database\BaseConnection->query('INSERT INTO `us...', Array, false)
#4 C:\xampp\htdocs\proyecto-guevara-johan\system\Model.php(330): CodeIgniter\Database\BaseBuilder->insert()
#5 C:\xampp\htdocs\proyecto-guevara-johan\system\BaseModel.php(782): CodeIgniter\Model->doInsert(Array)
#6 C:\xampp\htdocs\proyecto-guevara-johan\system\Model.php(730): CodeIgniter\BaseModel->insert(Array, true)
#7 C:\xampp\htdocs\proyecto-guevara-johan\app\Models\UsuarioModel.php(21): CodeIgniter\Model->insert(Array)
#8 C:\xampp\htdocs\proyecto-guevara-johan\app\Controllers\UsuariosController.php(32): App\Models\UsuarioModel->insertarUsuario(Array)
#9 C:\xampp\htdocs\proyecto-guevara-johan\system\CodeIgniter.php(934): App\Controllers\UsuariosController->crearUsuario()
#10 C:\xampp\htdocs\proyecto-guevara-johan\system\CodeIgniter.php(499): CodeIgniter\CodeIgniter->runController(Object(App\Controllers\UsuariosController))
#11 C:\xampp\htdocs\proyecto-guevara-johan\system\CodeIgniter.php(368): CodeIgniter\CodeIgniter->handleRequest(NULL, Object(Config\Cache), false)
#12 C:\xampp\htdocs\proyecto-guevara-johan\public\index.php(67): CodeIgniter\CodeIgniter->run()
#13 {main}
CRITICAL - 2023-05-10 17:47:37 --> Duplicate entry 'john@example.com' for key 'email'
in SYSTEMPATH\Database\MySQLi\Connection.php on line 295.
 1 SYSTEMPATH\Database\MySQLi\Connection.php(295): mysqli->query('INSERT INTO `usuarios` (`nombre`, `apellido`, `usuario`, `email`, `pass`, `perfil_id`, `baja`) VALUES (\'John Doe\', \'Doe\', \'john.doe\', \'john@example.com\', \'secreto\', 1, \'NO\')', 0)
 2 SYSTEMPATH\Database\BaseConnection.php(691): CodeIgniter\Database\MySQLi\Connection->execute('INSERT INTO `usuarios` (`nombre`, `apellido`, `usuario`, `email`, `pass`, `perfil_id`, `baja`) VALUES (\'John Doe\', \'Doe\', \'john.doe\', \'john@example.com\', \'secreto\', 1, \'NO\')')
 3 SYSTEMPATH\Database\BaseConnection.php(605): CodeIgniter\Database\BaseConnection->simpleQuery('INSERT INTO `usuarios` (`nombre`, `apellido`, `usuario`, `email`, `pass`, `perfil_id`, `baja`) VALUES (\'John Doe\', \'Doe\', \'john.doe\', \'john@example.com\', \'secreto\', 1, \'NO\')')
 4 SYSTEMPATH\Database\BaseBuilder.php(2309): CodeIgniter\Database\BaseConnection->query('INSERT INTO `usuarios` (`nombre`, `apellido`, `usuario`, `email`, `pass`, `perfil_id`, `baja`) VALUES (:nombre:, :apellido:, :usuario:, :email:, :pass:, :perfil_id:, :baja:)', [...], false)
 5 SYSTEMPATH\Model.php(330): CodeIgniter\Database\BaseBuilder->insert()
 6 SYSTEMPATH\BaseModel.php(782): CodeIgniter\Model->doInsert([...])
 7 SYSTEMPATH\Model.php(730): CodeIgniter\BaseModel->insert([...], true)
 8 APPPATH\Models\UsuarioModel.php(21): CodeIgniter\Model->insert([...])
 9 APPPATH\Controllers\UsuariosController.php(32): App\Models\UsuarioModel->insertarUsuario([...])
10 SYSTEMPATH\CodeIgniter.php(934): App\Controllers\UsuariosController->crearUsuario()
11 SYSTEMPATH\CodeIgniter.php(499): CodeIgniter\CodeIgniter->runController(Object(App\Controllers\UsuariosController))
12 SYSTEMPATH\CodeIgniter.php(368): CodeIgniter\CodeIgniter->handleRequest(null, Object(Config\Cache), false)
13 FCPATH\index.php(67): CodeIgniter\CodeIgniter->run()
ERROR - 2023-05-10 17:48:07 --> mysqli_sql_exception: Duplicate entry 'john@example.com' for key 'email' in C:\xampp\htdocs\proyecto-guevara-johan\system\Database\MySQLi\Connection.php:295
Stack trace:
#0 C:\xampp\htdocs\proyecto-guevara-johan\system\Database\MySQLi\Connection.php(295): mysqli->query('INSERT INTO `us...', 0)
#1 C:\xampp\htdocs\proyecto-guevara-johan\system\Database\BaseConnection.php(691): CodeIgniter\Database\MySQLi\Connection->execute('INSERT INTO `us...')
#2 C:\xampp\htdocs\proyecto-guevara-johan\system\Database\BaseConnection.php(605): CodeIgniter\Database\BaseConnection->simpleQuery('INSERT INTO `us...')
#3 C:\xampp\htdocs\proyecto-guevara-johan\system\Database\BaseBuilder.php(2309): CodeIgniter\Database\BaseConnection->query('INSERT INTO `us...', Array, false)
#4 C:\xampp\htdocs\proyecto-guevara-johan\system\Model.php(330): CodeIgniter\Database\BaseBuilder->insert()
#5 C:\xampp\htdocs\proyecto-guevara-johan\system\BaseModel.php(782): CodeIgniter\Model->doInsert(Array)
#6 C:\xampp\htdocs\proyecto-guevara-johan\system\Model.php(730): CodeIgniter\BaseModel->insert(Array, true)
#7 C:\xampp\htdocs\proyecto-guevara-johan\app\Models\UsuarioModel.php(21): CodeIgniter\Model->insert(Array)
#8 C:\xampp\htdocs\proyecto-guevara-johan\app\Controllers\UsuariosController.php(32): App\Models\UsuarioModel->insertarUsuario(Array)
#9 C:\xampp\htdocs\proyecto-guevara-johan\system\CodeIgniter.php(934): App\Controllers\UsuariosController->crearUsuario()
#10 C:\xampp\htdocs\proyecto-guevara-johan\system\CodeIgniter.php(499): CodeIgniter\CodeIgniter->runController(Object(App\Controllers\UsuariosController))
#11 C:\xampp\htdocs\proyecto-guevara-johan\system\CodeIgniter.php(368): CodeIgniter\CodeIgniter->handleRequest(NULL, Object(Config\Cache), false)
#12 C:\xampp\htdocs\proyecto-guevara-johan\public\index.php(67): CodeIgniter\CodeIgniter->run()
#13 {main}
CRITICAL - 2023-05-10 17:48:07 --> Duplicate entry 'john@example.com' for key 'email'
in SYSTEMPATH\Database\MySQLi\Connection.php on line 295.
 1 SYSTEMPATH\Database\MySQLi\Connection.php(295): mysqli->query('INSERT INTO `usuarios` (`nombre`, `apellido`, `usuario`, `email`, `pass`, `perfil_id`, `baja`) VALUES (\'John Doe\', \'Doe\', \'john.doe\', \'john@example.com\', \'secreto\', 1, \'NO\')', 0)
 2 SYSTEMPATH\Database\BaseConnection.php(691): CodeIgniter\Database\MySQLi\Connection->execute('INSERT INTO `usuarios` (`nombre`, `apellido`, `usuario`, `email`, `pass`, `perfil_id`, `baja`) VALUES (\'John Doe\', \'Doe\', \'john.doe\', \'john@example.com\', \'secreto\', 1, \'NO\')')
 3 SYSTEMPATH\Database\BaseConnection.php(605): CodeIgniter\Database\BaseConnection->simpleQuery('INSERT INTO `usuarios` (`nombre`, `apellido`, `usuario`, `email`, `pass`, `perfil_id`, `baja`) VALUES (\'John Doe\', \'Doe\', \'john.doe\', \'john@example.com\', \'secreto\', 1, \'NO\')')
 4 SYSTEMPATH\Database\BaseBuilder.php(2309): CodeIgniter\Database\BaseConnection->query('INSERT INTO `usuarios` (`nombre`, `apellido`, `usuario`, `email`, `pass`, `perfil_id`, `baja`) VALUES (:nombre:, :apellido:, :usuario:, :email:, :pass:, :perfil_id:, :baja:)', [...], false)
 5 SYSTEMPATH\Model.php(330): CodeIgniter\Database\BaseBuilder->insert()
 6 SYSTEMPATH\BaseModel.php(782): CodeIgniter\Model->doInsert([...])
 7 SYSTEMPATH\Model.php(730): CodeIgniter\BaseModel->insert([...], true)
 8 APPPATH\Models\UsuarioModel.php(21): CodeIgniter\Model->insert([...])
 9 APPPATH\Controllers\UsuariosController.php(32): App\Models\UsuarioModel->insertarUsuario([...])
10 SYSTEMPATH\CodeIgniter.php(934): App\Controllers\UsuariosController->crearUsuario()
11 SYSTEMPATH\CodeIgniter.php(499): CodeIgniter\CodeIgniter->runController(Object(App\Controllers\UsuariosController))
12 SYSTEMPATH\CodeIgniter.php(368): CodeIgniter\CodeIgniter->handleRequest(null, Object(Config\Cache), false)
13 FCPATH\index.php(67): CodeIgniter\CodeIgniter->run()
ERROR - 2023-05-10 17:49:28 --> mysqli_sql_exception: Duplicate entry 'john@example.com' for key 'email' in C:\xampp\htdocs\proyecto-guevara-johan\system\Database\MySQLi\Connection.php:295
Stack trace:
#0 C:\xampp\htdocs\proyecto-guevara-johan\system\Database\MySQLi\Connection.php(295): mysqli->query('INSERT INTO `us...', 0)
#1 C:\xampp\htdocs\proyecto-guevara-johan\system\Database\BaseConnection.php(691): CodeIgniter\Database\MySQLi\Connection->execute('INSERT INTO `us...')
#2 C:\xampp\htdocs\proyecto-guevara-johan\system\Database\BaseConnection.php(605): CodeIgniter\Database\BaseConnection->simpleQuery('INSERT INTO `us...')
#3 C:\xampp\htdocs\proyecto-guevara-johan\system\Database\BaseBuilder.php(2309): CodeIgniter\Database\BaseConnection->query('INSERT INTO `us...', Array, false)
#4 C:\xampp\htdocs\proyecto-guevara-johan\system\Model.php(330): CodeIgniter\Database\BaseBuilder->insert()
#5 C:\xampp\htdocs\proyecto-guevara-johan\system\BaseModel.php(782): CodeIgniter\Model->doInsert(Array)
#6 C:\xampp\htdocs\proyecto-guevara-johan\system\Model.php(730): CodeIgniter\BaseModel->insert(Array, true)
#7 C:\xampp\htdocs\proyecto-guevara-johan\app\Models\UsuarioModel.php(21): CodeIgniter\Model->insert(Array)
#8 C:\xampp\htdocs\proyecto-guevara-johan\app\Controllers\UsuariosController.php(32): App\Models\UsuarioModel->insertarUsuario(Array)
#9 C:\xampp\htdocs\proyecto-guevara-johan\system\CodeIgniter.php(934): App\Controllers\UsuariosController->crearUsuario()
#10 C:\xampp\htdocs\proyecto-guevara-johan\system\CodeIgniter.php(499): CodeIgniter\CodeIgniter->runController(Object(App\Controllers\UsuariosController))
#11 C:\xampp\htdocs\proyecto-guevara-johan\system\CodeIgniter.php(368): CodeIgniter\CodeIgniter->handleRequest(NULL, Object(Config\Cache), false)
#12 C:\xampp\htdocs\proyecto-guevara-johan\public\index.php(67): CodeIgniter\CodeIgniter->run()
#13 {main}
CRITICAL - 2023-05-10 17:49:28 --> Duplicate entry 'john@example.com' for key 'email'
in SYSTEMPATH\Database\MySQLi\Connection.php on line 295.
 1 SYSTEMPATH\Database\MySQLi\Connection.php(295): mysqli->query('INSERT INTO `usuarios` (`nombre`, `apellido`, `usuario`, `email`, `pass`, `perfil_id`, `baja`) VALUES (\'John Doe\', \'Doe\', \'john.doe\', \'john@example.com\', \'secreto\', 1, \'NO\')', 0)
 2 SYSTEMPATH\Database\BaseConnection.php(691): CodeIgniter\Database\MySQLi\Connection->execute('INSERT INTO `usuarios` (`nombre`, `apellido`, `usuario`, `email`, `pass`, `perfil_id`, `baja`) VALUES (\'John Doe\', \'Doe\', \'john.doe\', \'john@example.com\', \'secreto\', 1, \'NO\')')
 3 SYSTEMPATH\Database\BaseConnection.php(605): CodeIgniter\Database\BaseConnection->simpleQuery('INSERT INTO `usuarios` (`nombre`, `apellido`, `usuario`, `email`, `pass`, `perfil_id`, `baja`) VALUES (\'John Doe\', \'Doe\', \'john.doe\', \'john@example.com\', \'secreto\', 1, \'NO\')')
 4 SYSTEMPATH\Database\BaseBuilder.php(2309): CodeIgniter\Database\BaseConnection->query('INSERT INTO `usuarios` (`nombre`, `apellido`, `usuario`, `email`, `pass`, `perfil_id`, `baja`) VALUES (:nombre:, :apellido:, :usuario:, :email:, :pass:, :perfil_id:, :baja:)', [...], false)
 5 SYSTEMPATH\Model.php(330): CodeIgniter\Database\BaseBuilder->insert()
 6 SYSTEMPATH\BaseModel.php(782): CodeIgniter\Model->doInsert([...])
 7 SYSTEMPATH\Model.php(730): CodeIgniter\BaseModel->insert([...], true)
 8 APPPATH\Models\UsuarioModel.php(21): CodeIgniter\Model->insert([...])
 9 APPPATH\Controllers\UsuariosController.php(32): App\Models\UsuarioModel->insertarUsuario([...])
10 SYSTEMPATH\CodeIgniter.php(934): App\Controllers\UsuariosController->crearUsuario()
11 SYSTEMPATH\CodeIgniter.php(499): CodeIgniter\CodeIgniter->runController(Object(App\Controllers\UsuariosController))
12 SYSTEMPATH\CodeIgniter.php(368): CodeIgniter\CodeIgniter->handleRequest(null, Object(Config\Cache), false)
13 FCPATH\index.php(67): CodeIgniter\CodeIgniter->run()
ERROR - 2023-05-10 17:51:09 --> mysqli_sql_exception: Duplicate entry 'john@example.com' for key 'email' in C:\xampp\htdocs\proyecto-guevara-johan\system\Database\MySQLi\Connection.php:295
Stack trace:
#0 C:\xampp\htdocs\proyecto-guevara-johan\system\Database\MySQLi\Connection.php(295): mysqli->query('INSERT INTO `us...', 0)
#1 C:\xampp\htdocs\proyecto-guevara-johan\system\Database\BaseConnection.php(691): CodeIgniter\Database\MySQLi\Connection->execute('INSERT INTO `us...')
#2 C:\xampp\htdocs\proyecto-guevara-johan\system\Database\BaseConnection.php(605): CodeIgniter\Database\BaseConnection->simpleQuery('INSERT INTO `us...')
#3 C:\xampp\htdocs\proyecto-guevara-johan\system\Database\BaseBuilder.php(2309): CodeIgniter\Database\BaseConnection->query('INSERT INTO `us...', Array, false)
#4 C:\xampp\htdocs\proyecto-guevara-johan\system\Model.php(330): CodeIgniter\Database\BaseBuilder->insert()
#5 C:\xampp\htdocs\proyecto-guevara-johan\system\BaseModel.php(782): CodeIgniter\Model->doInsert(Array)
#6 C:\xampp\htdocs\proyecto-guevara-johan\system\Model.php(730): CodeIgniter\BaseModel->insert(Array, true)
#7 C:\xampp\htdocs\proyecto-guevara-johan\app\Models\UsuarioModel.php(21): CodeIgniter\Model->insert(Array)
#8 C:\xampp\htdocs\proyecto-guevara-johan\app\Controllers\UsuariosController.php(32): App\Models\UsuarioModel->insertarUsuario(Array)
#9 C:\xampp\htdocs\proyecto-guevara-johan\system\CodeIgniter.php(934): App\Controllers\UsuariosController->crearUsuario()
#10 C:\xampp\htdocs\proyecto-guevara-johan\system\CodeIgniter.php(499): CodeIgniter\CodeIgniter->runController(Object(App\Controllers\UsuariosController))
#11 C:\xampp\htdocs\proyecto-guevara-johan\system\CodeIgniter.php(368): CodeIgniter\CodeIgniter->handleRequest(NULL, Object(Config\Cache), false)
#12 C:\xampp\htdocs\proyecto-guevara-johan\public\index.php(67): CodeIgniter\CodeIgniter->run()
#13 {main}
ERROR - 2023-05-10 17:51:57 --> mysqli_sql_exception: Duplicate entry 'john@example.com' for key 'email' in C:\xampp\htdocs\proyecto-guevara-johan\system\Database\MySQLi\Connection.php:295
Stack trace:
#0 C:\xampp\htdocs\proyecto-guevara-johan\system\Database\MySQLi\Connection.php(295): mysqli->query('INSERT INTO `us...', 0)
#1 C:\xampp\htdocs\proyecto-guevara-johan\system\Database\BaseConnection.php(691): CodeIgniter\Database\MySQLi\Connection->execute('INSERT INTO `us...')
#2 C:\xampp\htdocs\proyecto-guevara-johan\system\Database\BaseConnection.php(605): CodeIgniter\Database\BaseConnection->simpleQuery('INSERT INTO `us...')
#3 C:\xampp\htdocs\proyecto-guevara-johan\system\Database\BaseBuilder.php(2309): CodeIgniter\Database\BaseConnection->query('INSERT INTO `us...', Array, false)
#4 C:\xampp\htdocs\proyecto-guevara-johan\system\Model.php(330): CodeIgniter\Database\BaseBuilder->insert()
#5 C:\xampp\htdocs\proyecto-guevara-johan\system\BaseModel.php(782): CodeIgniter\Model->doInsert(Array)
#6 C:\xampp\htdocs\proyecto-guevara-johan\system\Model.php(730): CodeIgniter\BaseModel->insert(Array, true)
#7 C:\xampp\htdocs\proyecto-guevara-johan\app\Models\UsuarioModel.php(21): CodeIgniter\Model->insert(Array)
#8 C:\xampp\htdocs\proyecto-guevara-johan\app\Controllers\UsuariosController.php(32): App\Models\UsuarioModel->insertarUsuario(Array)
#9 C:\xampp\htdocs\proyecto-guevara-johan\system\CodeIgniter.php(934): App\Controllers\UsuariosController->crearUsuario()
#10 C:\xampp\htdocs\proyecto-guevara-johan\system\CodeIgniter.php(499): CodeIgniter\CodeIgniter->runController(Object(App\Controllers\UsuariosController))
#11 C:\xampp\htdocs\proyecto-guevara-johan\system\CodeIgniter.php(368): CodeIgniter\CodeIgniter->handleRequest(NULL, Object(Config\Cache), false)
#12 C:\xampp\htdocs\proyecto-guevara-johan\public\index.php(67): CodeIgniter\CodeIgniter->run()
#13 {main}
