INFO - 2023-05-12 19:40:17 --> Session: Class initialized using 'CodeIgniter\Session\Handlers\FileHandler' driver.
CRITICAL - 2023-05-12 19:40:17 --> Undefined array key "perfil_id"
in APPPATH\Views\inc\shared\header.php on line 55.
 1 APPPATH\Views\inc\shared\header.php(55): CodeIgniter\Debug\Exceptions->errorHandler(2, 'Undefined array key "perfil_id"', 'C:\\xampp\\htdocs\\proyecto-guevara-johan\\app\\Views\\inc\\shared\\header.php', 55)
 2 APPPATH\Views\layout.php(9): require_once('C:\\xampp\\htdocs\\proyecto-guevara-johan\\app\\Views\\inc\\shared\\header.php')
 3 SYSTEMPATH\View\View.php(213): include('C:\\xampp\\htdocs\\proyecto-guevara-johan\\app\\Views\\layout.php')
 4 SYSTEMPATH\View\View.php(216): CodeIgniter\View\View->CodeIgniter\View\{closure}()
 5 SYSTEMPATH\View\View.php(229): CodeIgniter\View\View->render('layout', [], true)
 6 SYSTEMPATH\Common.php(1184): CodeIgniter\View\View->render('principal', [], true)
 7 APPPATH\Controllers\Home.php(89): view('principal', [...])
 8 SYSTEMPATH\CodeIgniter.php(934): App\Controllers\Home->principal()
 9 SYSTEMPATH\CodeIgniter.php(499): CodeIgniter\CodeIgniter->runController(Object(App\Controllers\Home))
10 SYSTEMPATH\CodeIgniter.php(368): CodeIgniter\CodeIgniter->handleRequest(null, Object(Config\Cache), false)
11 FCPATH\index.php(67): CodeIgniter\CodeIgniter->run()
INFO - 2023-05-12 19:41:00 --> Session: Class initialized using 'CodeIgniter\Session\Handlers\FileHandler' driver.
CRITICAL - 2023-05-12 19:41:00 --> Undefined array key "perfil_id"
in APPPATH\Views\inc\shared\header.php on line 55.
 1 APPPATH\Views\inc\shared\header.php(55): CodeIgniter\Debug\Exceptions->errorHandler(2, 'Undefined array key "perfil_id"', 'C:\\xampp\\htdocs\\proyecto-guevara-johan\\app\\Views\\inc\\shared\\header.php', 55)
 2 APPPATH\Views\layout.php(9): require_once('C:\\xampp\\htdocs\\proyecto-guevara-johan\\app\\Views\\inc\\shared\\header.php')
 3 SYSTEMPATH\View\View.php(213): include('C:\\xampp\\htdocs\\proyecto-guevara-johan\\app\\Views\\layout.php')
 4 SYSTEMPATH\View\View.php(216): CodeIgniter\View\View->CodeIgniter\View\{closure}()
 5 SYSTEMPATH\View\View.php(229): CodeIgniter\View\View->render('layout', [], true)
 6 SYSTEMPATH\Common.php(1184): CodeIgniter\View\View->render('principal', [], true)
 7 APPPATH\Controllers\Home.php(89): view('principal', [...])
 8 SYSTEMPATH\CodeIgniter.php(934): App\Controllers\Home->principal()
 9 SYSTEMPATH\CodeIgniter.php(499): CodeIgniter\CodeIgniter->runController(Object(App\Controllers\Home))
10 SYSTEMPATH\CodeIgniter.php(368): CodeIgniter\CodeIgniter->handleRequest(null, Object(Config\Cache), false)
11 FCPATH\index.php(67): CodeIgniter\CodeIgniter->run()
INFO - 2023-05-12 19:42:25 --> Session: Class initialized using 'CodeIgniter\Session\Handlers\FileHandler' driver.
CRITICAL - 2023-05-12 19:42:25 --> Undefined array key "perfil_id"
in APPPATH\Views\inc\shared\header.php on line 55.
 1 APPPATH\Views\inc\shared\header.php(55): CodeIgniter\Debug\Exceptions->errorHandler(2, 'Undefined array key "perfil_id"', 'C:\\xampp\\htdocs\\proyecto-guevara-johan\\app\\Views\\inc\\shared\\header.php', 55)
 2 APPPATH\Views\layout.php(9): require_once('C:\\xampp\\htdocs\\proyecto-guevara-johan\\app\\Views\\inc\\shared\\header.php')
 3 SYSTEMPATH\View\View.php(213): include('C:\\xampp\\htdocs\\proyecto-guevara-johan\\app\\Views\\layout.php')
 4 SYSTEMPATH\View\View.php(216): CodeIgniter\View\View->CodeIgniter\View\{closure}()
 5 SYSTEMPATH\View\View.php(229): CodeIgniter\View\View->render('layout', [], true)
 6 SYSTEMPATH\Common.php(1184): CodeIgniter\View\View->render('principal', [], true)
 7 APPPATH\Controllers\Home.php(89): view('principal', [...])
 8 SYSTEMPATH\CodeIgniter.php(934): App\Controllers\Home->principal()
 9 SYSTEMPATH\CodeIgniter.php(499): CodeIgniter\CodeIgniter->runController(Object(App\Controllers\Home))
10 SYSTEMPATH\CodeIgniter.php(368): CodeIgniter\CodeIgniter->handleRequest(null, Object(Config\Cache), false)
11 FCPATH\index.php(67): CodeIgniter\CodeIgniter->run()
INFO - 2023-05-12 19:42:34 --> Session: Class initialized using 'CodeIgniter\Session\Handlers\FileHandler' driver.
CRITICAL - 2023-05-12 19:42:34 --> Undefined array key "logged_in"
in APPPATH\Controllers\Home.php on line 414.
 1 APPPATH\Controllers\Home.php(414): CodeIgniter\Debug\Exceptions->errorHandler(2, 'Undefined array key "logged_in"', 'C:\\xampp\\htdocs\\proyecto-guevara-johan\\app\\Controllers\\Home.php', 414)
 2 SYSTEMPATH\CodeIgniter.php(934): App\Controllers\Home->login()
 3 SYSTEMPATH\CodeIgniter.php(499): CodeIgniter\CodeIgniter->runController(Object(App\Controllers\Home))
 4 SYSTEMPATH\CodeIgniter.php(368): CodeIgniter\CodeIgniter->handleRequest(null, Object(Config\Cache), false)
 5 FCPATH\index.php(67): CodeIgniter\CodeIgniter->run()
INFO - 2023-05-12 19:42:39 --> Session: Class initialized using 'CodeIgniter\Session\Handlers\FileHandler' driver.
CRITICAL - 2023-05-12 19:42:39 --> Undefined array key "perfil_id"
in APPPATH\Views\inc\shared\header.php on line 55.
 1 APPPATH\Views\inc\shared\header.php(55): CodeIgniter\Debug\Exceptions->errorHandler(2, 'Undefined array key "perfil_id"', 'C:\\xampp\\htdocs\\proyecto-guevara-johan\\app\\Views\\inc\\shared\\header.php', 55)
 2 APPPATH\Views\layout.php(9): require_once('C:\\xampp\\htdocs\\proyecto-guevara-johan\\app\\Views\\inc\\shared\\header.php')
 3 SYSTEMPATH\View\View.php(213): include('C:\\xampp\\htdocs\\proyecto-guevara-johan\\app\\Views\\layout.php')
 4 SYSTEMPATH\View\View.php(216): CodeIgniter\View\View->CodeIgniter\View\{closure}()
 5 SYSTEMPATH\View\View.php(229): CodeIgniter\View\View->render('layout', [], true)
 6 SYSTEMPATH\Common.php(1184): CodeIgniter\View\View->render('principal', [], true)
 7 APPPATH\Controllers\Home.php(89): view('principal', [...])
 8 SYSTEMPATH\CodeIgniter.php(934): App\Controllers\Home->principal()
 9 SYSTEMPATH\CodeIgniter.php(499): CodeIgniter\CodeIgniter->runController(Object(App\Controllers\Home))
10 SYSTEMPATH\CodeIgniter.php(368): CodeIgniter\CodeIgniter->handleRequest(null, Object(Config\Cache), false)
11 FCPATH\index.php(67): CodeIgniter\CodeIgniter->run()
INFO - 2023-05-12 19:42:47 --> Session: Class initialized using 'CodeIgniter\Session\Handlers\FileHandler' driver.
CRITICAL - 2023-05-12 19:42:47 --> Undefined array key "perfil_id"
in APPPATH\Views\inc\shared\header.php on line 55.
 1 APPPATH\Views\inc\shared\header.php(55): CodeIgniter\Debug\Exceptions->errorHandler(2, 'Undefined array key "perfil_id"', 'C:\\xampp\\htdocs\\proyecto-guevara-johan\\app\\Views\\inc\\shared\\header.php', 55)
 2 APPPATH\Views\layout.php(9): require_once('C:\\xampp\\htdocs\\proyecto-guevara-johan\\app\\Views\\inc\\shared\\header.php')
 3 SYSTEMPATH\View\View.php(213): include('C:\\xampp\\htdocs\\proyecto-guevara-johan\\app\\Views\\layout.php')
 4 SYSTEMPATH\View\View.php(216): CodeIgniter\View\View->CodeIgniter\View\{closure}()
 5 SYSTEMPATH\View\View.php(229): CodeIgniter\View\View->render('layout', [], true)
 6 SYSTEMPATH\Common.php(1184): CodeIgniter\View\View->render('principal', [], true)
 7 APPPATH\Controllers\Home.php(89): view('principal', [...])
 8 SYSTEMPATH\CodeIgniter.php(934): App\Controllers\Home->principal()
 9 SYSTEMPATH\CodeIgniter.php(499): CodeIgniter\CodeIgniter->runController(Object(App\Controllers\Home))
10 SYSTEMPATH\CodeIgniter.php(368): CodeIgniter\CodeIgniter->handleRequest(null, Object(Config\Cache), false)
11 FCPATH\index.php(67): CodeIgniter\CodeIgniter->run()
INFO - 2023-05-12 19:44:08 --> Session: Class initialized using 'CodeIgniter\Session\Handlers\FileHandler' driver.
CRITICAL - 2023-05-12 19:44:08 --> Undefined array key "logged_in"
in APPPATH\Views\inc\shared\header.php on line 62.
 1 APPPATH\Views\inc\shared\header.php(62): CodeIgniter\Debug\Exceptions->errorHandler(2, 'Undefined array key "logged_in"', 'C:\\xampp\\htdocs\\proyecto-guevara-johan\\app\\Views\\inc\\shared\\header.php', 62)
 2 APPPATH\Views\layout.php(9): require_once('C:\\xampp\\htdocs\\proyecto-guevara-johan\\app\\Views\\inc\\shared\\header.php')
 3 SYSTEMPATH\View\View.php(213): include('C:\\xampp\\htdocs\\proyecto-guevara-johan\\app\\Views\\layout.php')
 4 SYSTEMPATH\View\View.php(216): CodeIgniter\View\View->CodeIgniter\View\{closure}()
 5 SYSTEMPATH\View\View.php(229): CodeIgniter\View\View->render('layout', [], true)
 6 SYSTEMPATH\Common.php(1184): CodeIgniter\View\View->render('principal', [], true)
 7 APPPATH\Controllers\Home.php(89): view('principal', [...])
 8 SYSTEMPATH\CodeIgniter.php(934): App\Controllers\Home->principal()
 9 SYSTEMPATH\CodeIgniter.php(499): CodeIgniter\CodeIgniter->runController(Object(App\Controllers\Home))
10 SYSTEMPATH\CodeIgniter.php(368): CodeIgniter\CodeIgniter->handleRequest(null, Object(Config\Cache), false)
11 FCPATH\index.php(67): CodeIgniter\CodeIgniter->run()
INFO - 2023-05-12 19:44:48 --> Session: Class initialized using 'CodeIgniter\Session\Handlers\FileHandler' driver.
CRITICAL - 2023-05-12 19:44:48 --> Undefined array key "username"
in APPPATH\Views\inc\shared\header.php on line 66.
 1 APPPATH\Views\inc\shared\header.php(66): CodeIgniter\Debug\Exceptions->errorHandler(2, 'Undefined array key "username"', 'C:\\xampp\\htdocs\\proyecto-guevara-johan\\app\\Views\\inc\\shared\\header.php', 66)
 2 APPPATH\Views\layout.php(9): require_once('C:\\xampp\\htdocs\\proyecto-guevara-johan\\app\\Views\\inc\\shared\\header.php')
 3 SYSTEMPATH\View\View.php(213): include('C:\\xampp\\htdocs\\proyecto-guevara-johan\\app\\Views\\layout.php')
 4 SYSTEMPATH\View\View.php(216): CodeIgniter\View\View->CodeIgniter\View\{closure}()
 5 SYSTEMPATH\View\View.php(229): CodeIgniter\View\View->render('layout', [], true)
 6 SYSTEMPATH\Common.php(1184): CodeIgniter\View\View->render('principal', [], true)
 7 APPPATH\Controllers\Home.php(89): view('principal', [...])
 8 SYSTEMPATH\CodeIgniter.php(934): App\Controllers\Home->principal()
 9 SYSTEMPATH\CodeIgniter.php(499): CodeIgniter\CodeIgniter->runController(Object(App\Controllers\Home))
10 SYSTEMPATH\CodeIgniter.php(368): CodeIgniter\CodeIgniter->handleRequest(null, Object(Config\Cache), false)
11 FCPATH\index.php(67): CodeIgniter\CodeIgniter->run()
INFO - 2023-05-12 19:45:47 --> Session: Class initialized using 'CodeIgniter\Session\Handlers\FileHandler' driver.
CRITICAL - 2023-05-12 19:45:47 --> Undefined array key "username"
in APPPATH\Views\inc\shared\header.php on line 66.
 1 APPPATH\Views\inc\shared\header.php(66): CodeIgniter\Debug\Exceptions->errorHandler(2, 'Undefined array key "username"', 'C:\\xampp\\htdocs\\proyecto-guevara-johan\\app\\Views\\inc\\shared\\header.php', 66)
 2 APPPATH\Views\layout.php(9): require_once('C:\\xampp\\htdocs\\proyecto-guevara-johan\\app\\Views\\inc\\shared\\header.php')
 3 SYSTEMPATH\View\View.php(213): include('C:\\xampp\\htdocs\\proyecto-guevara-johan\\app\\Views\\layout.php')
 4 SYSTEMPATH\View\View.php(216): CodeIgniter\View\View->CodeIgniter\View\{closure}()
 5 SYSTEMPATH\View\View.php(229): CodeIgniter\View\View->render('layout', [], true)
 6 SYSTEMPATH\Common.php(1184): CodeIgniter\View\View->render('principal', [], true)
 7 APPPATH\Controllers\Home.php(89): view('principal', [...])
 8 SYSTEMPATH\CodeIgniter.php(934): App\Controllers\Home->principal()
 9 SYSTEMPATH\CodeIgniter.php(499): CodeIgniter\CodeIgniter->runController(Object(App\Controllers\Home))
10 SYSTEMPATH\CodeIgniter.php(368): CodeIgniter\CodeIgniter->handleRequest(null, Object(Config\Cache), false)
11 FCPATH\index.php(67): CodeIgniter\CodeIgniter->run()
INFO - 2023-05-12 19:46:36 --> Session: Class initialized using 'CodeIgniter\Session\Handlers\FileHandler' driver.
CRITICAL - 2023-05-12 19:46:36 --> Undefined array key "username"
in APPPATH\Views\inc\shared\header.php on line 66.
 1 APPPATH\Views\inc\shared\header.php(66): CodeIgniter\Debug\Exceptions->errorHandler(2, 'Undefined array key "username"', 'C:\\xampp\\htdocs\\proyecto-guevara-johan\\app\\Views\\inc\\shared\\header.php', 66)
 2 APPPATH\Views\layout.php(9): require_once('C:\\xampp\\htdocs\\proyecto-guevara-johan\\app\\Views\\inc\\shared\\header.php')
 3 SYSTEMPATH\View\View.php(213): include('C:\\xampp\\htdocs\\proyecto-guevara-johan\\app\\Views\\layout.php')
 4 SYSTEMPATH\View\View.php(216): CodeIgniter\View\View->CodeIgniter\View\{closure}()
 5 SYSTEMPATH\View\View.php(229): CodeIgniter\View\View->render('layout', [], true)
 6 SYSTEMPATH\Common.php(1184): CodeIgniter\View\View->render('principal', [], true)
 7 APPPATH\Controllers\Home.php(89): view('principal', [...])
 8 SYSTEMPATH\CodeIgniter.php(934): App\Controllers\Home->principal()
 9 SYSTEMPATH\CodeIgniter.php(499): CodeIgniter\CodeIgniter->runController(Object(App\Controllers\Home))
10 SYSTEMPATH\CodeIgniter.php(368): CodeIgniter\CodeIgniter->handleRequest(null, Object(Config\Cache), false)
11 FCPATH\index.php(67): CodeIgniter\CodeIgniter->run()
INFO - 2023-05-12 19:46:46 --> Session: Class initialized using 'CodeIgniter\Session\Handlers\FileHandler' driver.
CRITICAL - 2023-05-12 19:46:46 --> Undefined array key "username"
in APPPATH\Views\inc\shared\header.php on line 67.
 1 APPPATH\Views\inc\shared\header.php(67): CodeIgniter\Debug\Exceptions->errorHandler(2, 'Undefined array key "username"', 'C:\\xampp\\htdocs\\proyecto-guevara-johan\\app\\Views\\inc\\shared\\header.php', 67)
 2 APPPATH\Views\layout.php(9): require_once('C:\\xampp\\htdocs\\proyecto-guevara-johan\\app\\Views\\inc\\shared\\header.php')
 3 SYSTEMPATH\View\View.php(213): include('C:\\xampp\\htdocs\\proyecto-guevara-johan\\app\\Views\\layout.php')
 4 SYSTEMPATH\View\View.php(216): CodeIgniter\View\View->CodeIgniter\View\{closure}()
 5 SYSTEMPATH\View\View.php(229): CodeIgniter\View\View->render('layout', [], true)
 6 SYSTEMPATH\Common.php(1184): CodeIgniter\View\View->render('principal', [], true)
 7 APPPATH\Controllers\Home.php(89): view('principal', [...])
 8 SYSTEMPATH\CodeIgniter.php(934): App\Controllers\Home->principal()
 9 SYSTEMPATH\CodeIgniter.php(499): CodeIgniter\CodeIgniter->runController(Object(App\Controllers\Home))
10 SYSTEMPATH\CodeIgniter.php(368): CodeIgniter\CodeIgniter->handleRequest(null, Object(Config\Cache), false)
11 FCPATH\index.php(67): CodeIgniter\CodeIgniter->run()
INFO - 2023-05-12 19:47:38 --> Session: Class initialized using 'CodeIgniter\Session\Handlers\FileHandler' driver.
CRITICAL - 2023-05-12 19:47:38 --> Undefined array key "logged_in"
in APPPATH\Views\inc\shared\header.php on line 62.
 1 APPPATH\Views\inc\shared\header.php(62): CodeIgniter\Debug\Exceptions->errorHandler(2, 'Undefined array key "logged_in"', 'C:\\xampp\\htdocs\\proyecto-guevara-johan\\app\\Views\\inc\\shared\\header.php', 62)
 2 APPPATH\Views\layout.php(9): require_once('C:\\xampp\\htdocs\\proyecto-guevara-johan\\app\\Views\\inc\\shared\\header.php')
 3 SYSTEMPATH\View\View.php(213): include('C:\\xampp\\htdocs\\proyecto-guevara-johan\\app\\Views\\layout.php')
 4 SYSTEMPATH\View\View.php(216): CodeIgniter\View\View->CodeIgniter\View\{closure}()
 5 SYSTEMPATH\View\View.php(229): CodeIgniter\View\View->render('layout', [], true)
 6 SYSTEMPATH\Common.php(1184): CodeIgniter\View\View->render('principal', [], true)
 7 APPPATH\Controllers\Home.php(89): view('principal', [...])
 8 SYSTEMPATH\CodeIgniter.php(934): App\Controllers\Home->principal()
 9 SYSTEMPATH\CodeIgniter.php(499): CodeIgniter\CodeIgniter->runController(Object(App\Controllers\Home))
10 SYSTEMPATH\CodeIgniter.php(368): CodeIgniter\CodeIgniter->handleRequest(null, Object(Config\Cache), false)
11 FCPATH\index.php(67): CodeIgniter\CodeIgniter->run()
INFO - 2023-05-12 19:47:43 --> Session: Class initialized using 'CodeIgniter\Session\Handlers\FileHandler' driver.
CRITICAL - 2023-05-12 19:47:43 --> Undefined array key "username"
in APPPATH\Views\inc\shared\header.php on line 66.
 1 APPPATH\Views\inc\shared\header.php(66): CodeIgniter\Debug\Exceptions->errorHandler(2, 'Undefined array key "username"', 'C:\\xampp\\htdocs\\proyecto-guevara-johan\\app\\Views\\inc\\shared\\header.php', 66)
 2 APPPATH\Views\layout.php(9): require_once('C:\\xampp\\htdocs\\proyecto-guevara-johan\\app\\Views\\inc\\shared\\header.php')
 3 SYSTEMPATH\View\View.php(213): include('C:\\xampp\\htdocs\\proyecto-guevara-johan\\app\\Views\\layout.php')
 4 SYSTEMPATH\View\View.php(216): CodeIgniter\View\View->CodeIgniter\View\{closure}()
 5 SYSTEMPATH\View\View.php(229): CodeIgniter\View\View->render('layout', [], true)
 6 SYSTEMPATH\Common.php(1184): CodeIgniter\View\View->render('principal', [], true)
 7 APPPATH\Controllers\Home.php(89): view('principal', [...])
 8 SYSTEMPATH\CodeIgniter.php(934): App\Controllers\Home->principal()
 9 SYSTEMPATH\CodeIgniter.php(499): CodeIgniter\CodeIgniter->runController(Object(App\Controllers\Home))
10 SYSTEMPATH\CodeIgniter.php(368): CodeIgniter\CodeIgniter->handleRequest(null, Object(Config\Cache), false)
11 FCPATH\index.php(67): CodeIgniter\CodeIgniter->run()
INFO - 2023-05-12 19:48:07 --> Session: Class initialized using 'CodeIgniter\Session\Handlers\FileHandler' driver.
CRITICAL - 2023-05-12 19:48:07 --> Undefined array key "username"
in APPPATH\Views\inc\shared\header.php on line 66.
 1 APPPATH\Views\inc\shared\header.php(66): CodeIgniter\Debug\Exceptions->errorHandler(2, 'Undefined array key "username"', 'C:\\xampp\\htdocs\\proyecto-guevara-johan\\app\\Views\\inc\\shared\\header.php', 66)
 2 APPPATH\Views\layout.php(9): require_once('C:\\xampp\\htdocs\\proyecto-guevara-johan\\app\\Views\\inc\\shared\\header.php')
 3 SYSTEMPATH\View\View.php(213): include('C:\\xampp\\htdocs\\proyecto-guevara-johan\\app\\Views\\layout.php')
 4 SYSTEMPATH\View\View.php(216): CodeIgniter\View\View->CodeIgniter\View\{closure}()
 5 SYSTEMPATH\View\View.php(229): CodeIgniter\View\View->render('layout', [], true)
 6 SYSTEMPATH\Common.php(1184): CodeIgniter\View\View->render('principal', [], true)
 7 APPPATH\Controllers\Home.php(89): view('principal', [...])
 8 SYSTEMPATH\CodeIgniter.php(934): App\Controllers\Home->principal()
 9 SYSTEMPATH\CodeIgniter.php(499): CodeIgniter\CodeIgniter->runController(Object(App\Controllers\Home))
10 SYSTEMPATH\CodeIgniter.php(368): CodeIgniter\CodeIgniter->handleRequest(null, Object(Config\Cache), false)
11 FCPATH\index.php(67): CodeIgniter\CodeIgniter->run()
INFO - 2023-05-12 19:48:19 --> Session: Class initialized using 'CodeIgniter\Session\Handlers\FileHandler' driver.
INFO - 2023-05-12 19:48:30 --> Session: Class initialized using 'CodeIgniter\Session\Handlers\FileHandler' driver.
INFO - 2023-05-12 19:48:30 --> Session: Class initialized using 'CodeIgniter\Session\Handlers\FileHandler' driver.
INFO - 2023-05-12 19:48:36 --> Session: Class initialized using 'CodeIgniter\Session\Handlers\FileHandler' driver.
INFO - 2023-05-12 19:48:36 --> Session: Class initialized using 'CodeIgniter\Session\Handlers\FileHandler' driver.
INFO - 2023-05-12 19:49:18 --> Session: Class initialized using 'CodeIgniter\Session\Handlers\FileHandler' driver.
CRITICAL - 2023-05-12 19:49:18 --> Undefined array key "username"
in APPPATH\Views\inc\shared\header.php on line 66.
 1 APPPATH\Views\inc\shared\header.php(66): CodeIgniter\Debug\Exceptions->errorHandler(2, 'Undefined array key "username"', 'C:\\xampp\\htdocs\\proyecto-guevara-johan\\app\\Views\\inc\\shared\\header.php', 66)
 2 APPPATH\Views\layout.php(9): require_once('C:\\xampp\\htdocs\\proyecto-guevara-johan\\app\\Views\\inc\\shared\\header.php')
 3 SYSTEMPATH\View\View.php(213): include('C:\\xampp\\htdocs\\proyecto-guevara-johan\\app\\Views\\layout.php')
 4 SYSTEMPATH\View\View.php(216): CodeIgniter\View\View->CodeIgniter\View\{closure}()
 5 SYSTEMPATH\View\View.php(229): CodeIgniter\View\View->render('layout', [], true)
 6 SYSTEMPATH\Common.php(1184): CodeIgniter\View\View->render('principal', [], true)
 7 APPPATH\Controllers\Home.php(89): view('principal', [...])
 8 SYSTEMPATH\CodeIgniter.php(934): App\Controllers\Home->principal()
 9 SYSTEMPATH\CodeIgniter.php(499): CodeIgniter\CodeIgniter->runController(Object(App\Controllers\Home))
10 SYSTEMPATH\CodeIgniter.php(368): CodeIgniter\CodeIgniter->handleRequest(null, Object(Config\Cache), false)
11 FCPATH\index.php(67): CodeIgniter\CodeIgniter->run()
INFO - 2023-05-12 19:49:35 --> Session: Class initialized using 'CodeIgniter\Session\Handlers\FileHandler' driver.
CRITICAL - 2023-05-12 19:49:35 --> Undefined array key "username"
in APPPATH\Views\inc\shared\header.php on line 66.
 1 APPPATH\Views\inc\shared\header.php(66): CodeIgniter\Debug\Exceptions->errorHandler(2, 'Undefined array key "username"', 'C:\\xampp\\htdocs\\proyecto-guevara-johan\\app\\Views\\inc\\shared\\header.php', 66)
 2 APPPATH\Views\layout.php(9): require_once('C:\\xampp\\htdocs\\proyecto-guevara-johan\\app\\Views\\inc\\shared\\header.php')
 3 SYSTEMPATH\View\View.php(213): include('C:\\xampp\\htdocs\\proyecto-guevara-johan\\app\\Views\\layout.php')
 4 SYSTEMPATH\View\View.php(216): CodeIgniter\View\View->CodeIgniter\View\{closure}()
 5 SYSTEMPATH\View\View.php(229): CodeIgniter\View\View->render('layout', [], true)
 6 SYSTEMPATH\Common.php(1184): CodeIgniter\View\View->render('principal', [], true)
 7 APPPATH\Controllers\Home.php(89): view('principal', [...])
 8 SYSTEMPATH\CodeIgniter.php(934): App\Controllers\Home->principal()
 9 SYSTEMPATH\CodeIgniter.php(499): CodeIgniter\CodeIgniter->runController(Object(App\Controllers\Home))
10 SYSTEMPATH\CodeIgniter.php(368): CodeIgniter\CodeIgniter->handleRequest(null, Object(Config\Cache), false)
11 FCPATH\index.php(67): CodeIgniter\CodeIgniter->run()
INFO - 2023-05-12 19:49:42 --> Session: Class initialized using 'CodeIgniter\Session\Handlers\FileHandler' driver.
INFO - 2023-05-12 19:49:46 --> Session: Class initialized using 'CodeIgniter\Session\Handlers\FileHandler' driver.
INFO - 2023-05-12 19:49:46 --> Session: Class initialized using 'CodeIgniter\Session\Handlers\FileHandler' driver.
INFO - 2023-05-12 19:49:49 --> Session: Class initialized using 'CodeIgniter\Session\Handlers\FileHandler' driver.
INFO - 2023-05-12 19:49:49 --> Session: Class initialized using 'CodeIgniter\Session\Handlers\FileHandler' driver.
INFO - 2023-05-12 19:49:53 --> Session: Class initialized using 'CodeIgniter\Session\Handlers\FileHandler' driver.
INFO - 2023-05-12 19:49:53 --> Session: Class initialized using 'CodeIgniter\Session\Handlers\FileHandler' driver.
INFO - 2023-05-12 19:49:56 --> Session: Class initialized using 'CodeIgniter\Session\Handlers\FileHandler' driver.
INFO - 2023-05-12 19:49:56 --> Session: Class initialized using 'CodeIgniter\Session\Handlers\FileHandler' driver.
INFO - 2023-05-12 19:50:00 --> Session: Class initialized using 'CodeIgniter\Session\Handlers\FileHandler' driver.
INFO - 2023-05-12 19:50:01 --> Session: Class initialized using 'CodeIgniter\Session\Handlers\FileHandler' driver.
INFO - 2023-05-12 19:51:33 --> Session: Class initialized using 'CodeIgniter\Session\Handlers\FileHandler' driver.
INFO - 2023-05-12 19:51:39 --> Session: Class initialized using 'CodeIgniter\Session\Handlers\FileHandler' driver.
INFO - 2023-05-12 19:51:39 --> Session: Class initialized using 'CodeIgniter\Session\Handlers\FileHandler' driver.
INFO - 2023-05-12 19:51:53 --> Session: Class initialized using 'CodeIgniter\Session\Handlers\FileHandler' driver.
INFO - 2023-05-12 19:52:01 --> Session: Class initialized using 'CodeIgniter\Session\Handlers\FileHandler' driver.
INFO - 2023-05-12 19:52:11 --> Session: Class initialized using 'CodeIgniter\Session\Handlers\FileHandler' driver.
CRITICAL - 2023-05-12 19:52:11 --> Undefined array key "logged_in"
in APPPATH\Controllers\Home.php on line 414.
 1 APPPATH\Controllers\Home.php(414): CodeIgniter\Debug\Exceptions->errorHandler(2, 'Undefined array key "logged_in"', 'C:\\xampp\\htdocs\\proyecto-guevara-johan\\app\\Controllers\\Home.php', 414)
 2 SYSTEMPATH\CodeIgniter.php(934): App\Controllers\Home->login()
 3 SYSTEMPATH\CodeIgniter.php(499): CodeIgniter\CodeIgniter->runController(Object(App\Controllers\Home))
 4 SYSTEMPATH\CodeIgniter.php(368): CodeIgniter\CodeIgniter->handleRequest(null, Object(Config\Cache), false)
 5 FCPATH\index.php(67): CodeIgniter\CodeIgniter->run()
INFO - 2023-05-12 19:52:16 --> Session: Class initialized using 'CodeIgniter\Session\Handlers\FileHandler' driver.
INFO - 2023-05-12 19:52:29 --> Session: Class initialized using 'CodeIgniter\Session\Handlers\FileHandler' driver.
CRITICAL - 2023-05-12 19:52:29 --> Undefined array key "logged_in"
in APPPATH\Controllers\Home.php on line 414.
 1 APPPATH\Controllers\Home.php(414): CodeIgniter\Debug\Exceptions->errorHandler(2, 'Undefined array key "logged_in"', 'C:\\xampp\\htdocs\\proyecto-guevara-johan\\app\\Controllers\\Home.php', 414)
 2 SYSTEMPATH\CodeIgniter.php(934): App\Controllers\Home->login()
 3 SYSTEMPATH\CodeIgniter.php(499): CodeIgniter\CodeIgniter->runController(Object(App\Controllers\Home))
 4 SYSTEMPATH\CodeIgniter.php(368): CodeIgniter\CodeIgniter->handleRequest(null, Object(Config\Cache), false)
 5 FCPATH\index.php(67): CodeIgniter\CodeIgniter->run()
INFO - 2023-05-12 19:52:35 --> Session: Class initialized using 'CodeIgniter\Session\Handlers\FileHandler' driver.
INFO - 2023-05-12 19:53:32 --> Session: Class initialized using 'CodeIgniter\Session\Handlers\FileHandler' driver.
INFO - 2023-05-12 19:53:40 --> Session: Class initialized using 'CodeIgniter\Session\Handlers\FileHandler' driver.
INFO - 2023-05-12 19:53:46 --> Session: Class initialized using 'CodeIgniter\Session\Handlers\FileHandler' driver.
INFO - 2023-05-12 19:53:51 --> Session: Class initialized using 'CodeIgniter\Session\Handlers\FileHandler' driver.
INFO - 2023-05-12 19:53:51 --> Session: Class initialized using 'CodeIgniter\Session\Handlers\FileHandler' driver.
INFO - 2023-05-12 19:53:54 --> Session: Class initialized using 'CodeIgniter\Session\Handlers\FileHandler' driver.
INFO - 2023-05-12 19:53:54 --> Session: Class initialized using 'CodeIgniter\Session\Handlers\FileHandler' driver.
INFO - 2023-05-12 19:54:05 --> Session: Class initialized using 'CodeIgniter\Session\Handlers\FileHandler' driver.
INFO - 2023-05-12 19:54:05 --> Session: Class initialized using 'CodeIgniter\Session\Handlers\FileHandler' driver.
INFO - 2023-05-12 19:55:32 --> Session: Class initialized using 'CodeIgniter\Session\Handlers\FileHandler' driver.
INFO - 2023-05-12 19:55:41 --> Session: Class initialized using 'CodeIgniter\Session\Handlers\FileHandler' driver.
INFO - 2023-05-12 19:55:41 --> Session: Class initialized using 'CodeIgniter\Session\Handlers\FileHandler' driver.
INFO - 2023-05-12 19:56:08 --> Session: Class initialized using 'CodeIgniter\Session\Handlers\FileHandler' driver.
INFO - 2023-05-12 19:56:19 --> Session: Class initialized using 'CodeIgniter\Session\Handlers\FileHandler' driver.
INFO - 2023-05-12 19:56:19 --> Session: Class initialized using 'CodeIgniter\Session\Handlers\FileHandler' driver.
INFO - 2023-05-12 19:56:34 --> Session: Class initialized using 'CodeIgniter\Session\Handlers\FileHandler' driver.
INFO - 2023-05-12 19:56:38 --> Session: Class initialized using 'CodeIgniter\Session\Handlers\FileHandler' driver.
INFO - 2023-05-12 19:56:38 --> Session: Class initialized using 'CodeIgniter\Session\Handlers\FileHandler' driver.
CRITICAL - 2023-05-12 19:56:38 --> Undefined array key "username"
in APPPATH\Views\inc\shared\header.php on line 66.
 1 APPPATH\Views\inc\shared\header.php(66): CodeIgniter\Debug\Exceptions->errorHandler(2, 'Undefined array key "username"', 'C:\\xampp\\htdocs\\proyecto-guevara-johan\\app\\Views\\inc\\shared\\header.php', 66)
 2 APPPATH\Views\layout.php(9): require_once('C:\\xampp\\htdocs\\proyecto-guevara-johan\\app\\Views\\inc\\shared\\header.php')
 3 SYSTEMPATH\View\View.php(213): include('C:\\xampp\\htdocs\\proyecto-guevara-johan\\app\\Views\\layout.php')
 4 SYSTEMPATH\View\View.php(216): CodeIgniter\View\View->CodeIgniter\View\{closure}()
 5 SYSTEMPATH\View\View.php(229): CodeIgniter\View\View->render('layout', [], true)
 6 SYSTEMPATH\Common.php(1184): CodeIgniter\View\View->render('principal', [], true)
 7 APPPATH\Controllers\Home.php(89): view('principal', [...])
 8 SYSTEMPATH\CodeIgniter.php(934): App\Controllers\Home->principal()
 9 SYSTEMPATH\CodeIgniter.php(499): CodeIgniter\CodeIgniter->runController(Object(App\Controllers\Home))
10 SYSTEMPATH\CodeIgniter.php(368): CodeIgniter\CodeIgniter->handleRequest(null, Object(Config\Cache), false)
11 FCPATH\index.php(67): CodeIgniter\CodeIgniter->run()
INFO - 2023-05-12 19:57:24 --> Session: Class initialized using 'CodeIgniter\Session\Handlers\FileHandler' driver.
CRITICAL - 2023-05-12 19:57:24 --> Undefined array key "username"
in APPPATH\Views\inc\shared\header.php on line 66.
 1 APPPATH\Views\inc\shared\header.php(66): CodeIgniter\Debug\Exceptions->errorHandler(2, 'Undefined array key "username"', 'C:\\xampp\\htdocs\\proyecto-guevara-johan\\app\\Views\\inc\\shared\\header.php', 66)
 2 APPPATH\Views\layout.php(9): require_once('C:\\xampp\\htdocs\\proyecto-guevara-johan\\app\\Views\\inc\\shared\\header.php')
 3 SYSTEMPATH\View\View.php(213): include('C:\\xampp\\htdocs\\proyecto-guevara-johan\\app\\Views\\layout.php')
 4 SYSTEMPATH\View\View.php(216): CodeIgniter\View\View->CodeIgniter\View\{closure}()
 5 SYSTEMPATH\View\View.php(229): CodeIgniter\View\View->render('layout', [], true)
 6 SYSTEMPATH\Common.php(1184): CodeIgniter\View\View->render('principal', [], true)
 7 APPPATH\Controllers\Home.php(89): view('principal', [...])
 8 SYSTEMPATH\CodeIgniter.php(934): App\Controllers\Home->principal()
 9 SYSTEMPATH\CodeIgniter.php(499): CodeIgniter\CodeIgniter->runController(Object(App\Controllers\Home))
10 SYSTEMPATH\CodeIgniter.php(368): CodeIgniter\CodeIgniter->handleRequest(null, Object(Config\Cache), false)
11 FCPATH\index.php(67): CodeIgniter\CodeIgniter->run()
INFO - 2023-05-12 19:57:34 --> Session: Class initialized using 'CodeIgniter\Session\Handlers\FileHandler' driver.
CRITICAL - 2023-05-12 19:57:34 --> Undefined array key "username"
in APPPATH\Views\inc\shared\header.php on line 66.
 1 APPPATH\Views\inc\shared\header.php(66): CodeIgniter\Debug\Exceptions->errorHandler(2, 'Undefined array key "username"', 'C:\\xampp\\htdocs\\proyecto-guevara-johan\\app\\Views\\inc\\shared\\header.php', 66)
 2 APPPATH\Views\layout.php(9): require_once('C:\\xampp\\htdocs\\proyecto-guevara-johan\\app\\Views\\inc\\shared\\header.php')
 3 SYSTEMPATH\View\View.php(213): include('C:\\xampp\\htdocs\\proyecto-guevara-johan\\app\\Views\\layout.php')
 4 SYSTEMPATH\View\View.php(216): CodeIgniter\View\View->CodeIgniter\View\{closure}()
 5 SYSTEMPATH\View\View.php(229): CodeIgniter\View\View->render('layout', [], true)
 6 SYSTEMPATH\Common.php(1184): CodeIgniter\View\View->render('login', [], true)
 7 APPPATH\Controllers\Home.php(423): view('login', [...])
 8 SYSTEMPATH\CodeIgniter.php(934): App\Controllers\Home->login()
 9 SYSTEMPATH\CodeIgniter.php(499): CodeIgniter\CodeIgniter->runController(Object(App\Controllers\Home))
10 SYSTEMPATH\CodeIgniter.php(368): CodeIgniter\CodeIgniter->handleRequest(null, Object(Config\Cache), false)
11 FCPATH\index.php(67): CodeIgniter\CodeIgniter->run()
INFO - 2023-05-12 19:57:38 --> Session: Class initialized using 'CodeIgniter\Session\Handlers\FileHandler' driver.
CRITICAL - 2023-05-12 19:57:38 --> Undefined array key "username"
in APPPATH\Views\inc\shared\header.php on line 66.
 1 APPPATH\Views\inc\shared\header.php(66): CodeIgniter\Debug\Exceptions->errorHandler(2, 'Undefined array key "username"', 'C:\\xampp\\htdocs\\proyecto-guevara-johan\\app\\Views\\inc\\shared\\header.php', 66)
 2 APPPATH\Views\layout.php(9): require_once('C:\\xampp\\htdocs\\proyecto-guevara-johan\\app\\Views\\inc\\shared\\header.php')
 3 SYSTEMPATH\View\View.php(213): include('C:\\xampp\\htdocs\\proyecto-guevara-johan\\app\\Views\\layout.php')
 4 SYSTEMPATH\View\View.php(216): CodeIgniter\View\View->CodeIgniter\View\{closure}()
 5 SYSTEMPATH\View\View.php(229): CodeIgniter\View\View->render('layout', [], true)
 6 SYSTEMPATH\Common.php(1184): CodeIgniter\View\View->render('login', [], true)
 7 APPPATH\Controllers\Home.php(423): view('login', [...])
 8 SYSTEMPATH\CodeIgniter.php(934): App\Controllers\Home->login()
 9 SYSTEMPATH\CodeIgniter.php(499): CodeIgniter\CodeIgniter->runController(Object(App\Controllers\Home))
10 SYSTEMPATH\CodeIgniter.php(368): CodeIgniter\CodeIgniter->handleRequest(null, Object(Config\Cache), false)
11 FCPATH\index.php(67): CodeIgniter\CodeIgniter->run()
INFO - 2023-05-12 19:57:39 --> Session: Class initialized using 'CodeIgniter\Session\Handlers\FileHandler' driver.
CRITICAL - 2023-05-12 19:57:39 --> Undefined array key "username"
in APPPATH\Views\inc\shared\header.php on line 66.
 1 APPPATH\Views\inc\shared\header.php(66): CodeIgniter\Debug\Exceptions->errorHandler(2, 'Undefined array key "username"', 'C:\\xampp\\htdocs\\proyecto-guevara-johan\\app\\Views\\inc\\shared\\header.php', 66)
 2 APPPATH\Views\layout.php(9): require_once('C:\\xampp\\htdocs\\proyecto-guevara-johan\\app\\Views\\inc\\shared\\header.php')
 3 SYSTEMPATH\View\View.php(213): include('C:\\xampp\\htdocs\\proyecto-guevara-johan\\app\\Views\\layout.php')
 4 SYSTEMPATH\View\View.php(216): CodeIgniter\View\View->CodeIgniter\View\{closure}()
 5 SYSTEMPATH\View\View.php(229): CodeIgniter\View\View->render('layout', [], true)
 6 SYSTEMPATH\Common.php(1184): CodeIgniter\View\View->render('principal', [], true)
 7 APPPATH\Controllers\Home.php(89): view('principal', [...])
 8 SYSTEMPATH\CodeIgniter.php(934): App\Controllers\Home->principal()
 9 SYSTEMPATH\CodeIgniter.php(499): CodeIgniter\CodeIgniter->runController(Object(App\Controllers\Home))
10 SYSTEMPATH\CodeIgniter.php(368): CodeIgniter\CodeIgniter->handleRequest(null, Object(Config\Cache), false)
11 FCPATH\index.php(67): CodeIgniter\CodeIgniter->run()
INFO - 2023-05-12 19:57:40 --> Session: Class initialized using 'CodeIgniter\Session\Handlers\FileHandler' driver.
CRITICAL - 2023-05-12 19:57:40 --> Undefined array key "username"
in APPPATH\Views\inc\shared\header.php on line 66.
 1 APPPATH\Views\inc\shared\header.php(66): CodeIgniter\Debug\Exceptions->errorHandler(2, 'Undefined array key "username"', 'C:\\xampp\\htdocs\\proyecto-guevara-johan\\app\\Views\\inc\\shared\\header.php', 66)
 2 APPPATH\Views\layout.php(9): require_once('C:\\xampp\\htdocs\\proyecto-guevara-johan\\app\\Views\\inc\\shared\\header.php')
 3 SYSTEMPATH\View\View.php(213): include('C:\\xampp\\htdocs\\proyecto-guevara-johan\\app\\Views\\layout.php')
 4 SYSTEMPATH\View\View.php(216): CodeIgniter\View\View->CodeIgniter\View\{closure}()
 5 SYSTEMPATH\View\View.php(229): CodeIgniter\View\View->render('layout', [], true)
 6 SYSTEMPATH\Common.php(1184): CodeIgniter\View\View->render('login', [], true)
 7 APPPATH\Controllers\Home.php(423): view('login', [...])
 8 SYSTEMPATH\CodeIgniter.php(934): App\Controllers\Home->login()
 9 SYSTEMPATH\CodeIgniter.php(499): CodeIgniter\CodeIgniter->runController(Object(App\Controllers\Home))
10 SYSTEMPATH\CodeIgniter.php(368): CodeIgniter\CodeIgniter->handleRequest(null, Object(Config\Cache), false)
11 FCPATH\index.php(67): CodeIgniter\CodeIgniter->run()
INFO - 2023-05-12 19:57:42 --> Session: Class initialized using 'CodeIgniter\Session\Handlers\FileHandler' driver.
CRITICAL - 2023-05-12 19:57:42 --> Undefined array key "username"
in APPPATH\Views\inc\shared\header.php on line 66.
 1 APPPATH\Views\inc\shared\header.php(66): CodeIgniter\Debug\Exceptions->errorHandler(2, 'Undefined array key "username"', 'C:\\xampp\\htdocs\\proyecto-guevara-johan\\app\\Views\\inc\\shared\\header.php', 66)
 2 APPPATH\Views\layout.php(9): require_once('C:\\xampp\\htdocs\\proyecto-guevara-johan\\app\\Views\\inc\\shared\\header.php')
 3 SYSTEMPATH\View\View.php(213): include('C:\\xampp\\htdocs\\proyecto-guevara-johan\\app\\Views\\layout.php')
 4 SYSTEMPATH\View\View.php(216): CodeIgniter\View\View->CodeIgniter\View\{closure}()
 5 SYSTEMPATH\View\View.php(229): CodeIgniter\View\View->render('layout', [], true)
 6 SYSTEMPATH\Common.php(1184): CodeIgniter\View\View->render('principal', [], true)
 7 APPPATH\Controllers\Home.php(89): view('principal', [...])
 8 SYSTEMPATH\CodeIgniter.php(934): App\Controllers\Home->principal()
 9 SYSTEMPATH\CodeIgniter.php(499): CodeIgniter\CodeIgniter->runController(Object(App\Controllers\Home))
10 SYSTEMPATH\CodeIgniter.php(368): CodeIgniter\CodeIgniter->handleRequest(null, Object(Config\Cache), false)
11 FCPATH\index.php(67): CodeIgniter\CodeIgniter->run()
INFO - 2023-05-12 19:57:43 --> Session: Class initialized using 'CodeIgniter\Session\Handlers\FileHandler' driver.
CRITICAL - 2023-05-12 19:57:43 --> Undefined array key "username"
in APPPATH\Views\inc\shared\header.php on line 66.
 1 APPPATH\Views\inc\shared\header.php(66): CodeIgniter\Debug\Exceptions->errorHandler(2, 'Undefined array key "username"', 'C:\\xampp\\htdocs\\proyecto-guevara-johan\\app\\Views\\inc\\shared\\header.php', 66)
 2 APPPATH\Views\layout.php(9): require_once('C:\\xampp\\htdocs\\proyecto-guevara-johan\\app\\Views\\inc\\shared\\header.php')
 3 SYSTEMPATH\View\View.php(213): include('C:\\xampp\\htdocs\\proyecto-guevara-johan\\app\\Views\\layout.php')
 4 SYSTEMPATH\View\View.php(216): CodeIgniter\View\View->CodeIgniter\View\{closure}()
 5 SYSTEMPATH\View\View.php(229): CodeIgniter\View\View->render('layout', [], true)
 6 SYSTEMPATH\Common.php(1184): CodeIgniter\View\View->render('login', [], true)
 7 APPPATH\Controllers\Home.php(423): view('login', [...])
 8 SYSTEMPATH\CodeIgniter.php(934): App\Controllers\Home->login()
 9 SYSTEMPATH\CodeIgniter.php(499): CodeIgniter\CodeIgniter->runController(Object(App\Controllers\Home))
10 SYSTEMPATH\CodeIgniter.php(368): CodeIgniter\CodeIgniter->handleRequest(null, Object(Config\Cache), false)
11 FCPATH\index.php(67): CodeIgniter\CodeIgniter->run()
INFO - 2023-05-12 19:57:44 --> Session: Class initialized using 'CodeIgniter\Session\Handlers\FileHandler' driver.
CRITICAL - 2023-05-12 19:57:44 --> Undefined array key "username"
in APPPATH\Views\inc\shared\header.php on line 66.
 1 APPPATH\Views\inc\shared\header.php(66): CodeIgniter\Debug\Exceptions->errorHandler(2, 'Undefined array key "username"', 'C:\\xampp\\htdocs\\proyecto-guevara-johan\\app\\Views\\inc\\shared\\header.php', 66)
 2 APPPATH\Views\layout.php(9): require_once('C:\\xampp\\htdocs\\proyecto-guevara-johan\\app\\Views\\inc\\shared\\header.php')
 3 SYSTEMPATH\View\View.php(213): include('C:\\xampp\\htdocs\\proyecto-guevara-johan\\app\\Views\\layout.php')
 4 SYSTEMPATH\View\View.php(216): CodeIgniter\View\View->CodeIgniter\View\{closure}()
 5 SYSTEMPATH\View\View.php(229): CodeIgniter\View\View->render('layout', [], true)
 6 SYSTEMPATH\Common.php(1184): CodeIgniter\View\View->render('login', [], true)
 7 APPPATH\Controllers\Home.php(423): view('login', [...])
 8 SYSTEMPATH\CodeIgniter.php(934): App\Controllers\Home->login()
 9 SYSTEMPATH\CodeIgniter.php(499): CodeIgniter\CodeIgniter->runController(Object(App\Controllers\Home))
10 SYSTEMPATH\CodeIgniter.php(368): CodeIgniter\CodeIgniter->handleRequest(null, Object(Config\Cache), false)
11 FCPATH\index.php(67): CodeIgniter\CodeIgniter->run()
INFO - 2023-05-12 19:57:48 --> Session: Class initialized using 'CodeIgniter\Session\Handlers\FileHandler' driver.
CRITICAL - 2023-05-12 19:57:48 --> Undefined array key "username"
in APPPATH\Views\inc\shared\header.php on line 66.
 1 APPPATH\Views\inc\shared\header.php(66): CodeIgniter\Debug\Exceptions->errorHandler(2, 'Undefined array key "username"', 'C:\\xampp\\htdocs\\proyecto-guevara-johan\\app\\Views\\inc\\shared\\header.php', 66)
 2 APPPATH\Views\layout.php(9): require_once('C:\\xampp\\htdocs\\proyecto-guevara-johan\\app\\Views\\inc\\shared\\header.php')
 3 SYSTEMPATH\View\View.php(213): include('C:\\xampp\\htdocs\\proyecto-guevara-johan\\app\\Views\\layout.php')
 4 SYSTEMPATH\View\View.php(216): CodeIgniter\View\View->CodeIgniter\View\{closure}()
 5 SYSTEMPATH\View\View.php(229): CodeIgniter\View\View->render('layout', [], true)
 6 SYSTEMPATH\Common.php(1184): CodeIgniter\View\View->render('login', [], true)
 7 APPPATH\Controllers\Home.php(423): view('login', [...])
 8 SYSTEMPATH\CodeIgniter.php(934): App\Controllers\Home->login()
 9 SYSTEMPATH\CodeIgniter.php(499): CodeIgniter\CodeIgniter->runController(Object(App\Controllers\Home))
10 SYSTEMPATH\CodeIgniter.php(368): CodeIgniter\CodeIgniter->handleRequest(null, Object(Config\Cache), false)
11 FCPATH\index.php(67): CodeIgniter\CodeIgniter->run()
INFO - 2023-05-12 19:58:01 --> Session: Class initialized using 'CodeIgniter\Session\Handlers\FileHandler' driver.
INFO - 2023-05-12 19:58:05 --> Session: Class initialized using 'CodeIgniter\Session\Handlers\FileHandler' driver.
INFO - 2023-05-12 19:58:08 --> Session: Class initialized using 'CodeIgniter\Session\Handlers\FileHandler' driver.
INFO - 2023-05-12 19:58:08 --> Session: Class initialized using 'CodeIgniter\Session\Handlers\FileHandler' driver.
INFO - 2023-05-12 19:58:10 --> Session: Class initialized using 'CodeIgniter\Session\Handlers\FileHandler' driver.
INFO - 2023-05-12 19:58:34 --> Session: Class initialized using 'CodeIgniter\Session\Handlers\FileHandler' driver.
CRITICAL - 2023-05-12 19:58:34 --> Undefined array key "username"
in APPPATH\Views\inc\shared\header.php on line 66.
 1 APPPATH\Views\inc\shared\header.php(66): CodeIgniter\Debug\Exceptions->errorHandler(2, 'Undefined array key "username"', 'C:\\xampp\\htdocs\\proyecto-guevara-johan\\app\\Views\\inc\\shared\\header.php', 66)
 2 APPPATH\Views\layout.php(9): require_once('C:\\xampp\\htdocs\\proyecto-guevara-johan\\app\\Views\\inc\\shared\\header.php')
 3 SYSTEMPATH\View\View.php(213): include('C:\\xampp\\htdocs\\proyecto-guevara-johan\\app\\Views\\layout.php')
 4 SYSTEMPATH\View\View.php(216): CodeIgniter\View\View->CodeIgniter\View\{closure}()
 5 SYSTEMPATH\View\View.php(229): CodeIgniter\View\View->render('layout', [], true)
 6 SYSTEMPATH\Common.php(1184): CodeIgniter\View\View->render('principal', [], true)
 7 APPPATH\Controllers\Home.php(89): view('principal', [...])
 8 SYSTEMPATH\CodeIgniter.php(934): App\Controllers\Home->principal()
 9 SYSTEMPATH\CodeIgniter.php(499): CodeIgniter\CodeIgniter->runController(Object(App\Controllers\Home))
10 SYSTEMPATH\CodeIgniter.php(368): CodeIgniter\CodeIgniter->handleRequest(null, Object(Config\Cache), false)
11 FCPATH\index.php(67): CodeIgniter\CodeIgniter->run()
INFO - 2023-05-12 19:58:39 --> Session: Class initialized using 'CodeIgniter\Session\Handlers\FileHandler' driver.
CRITICAL - 2023-05-12 19:58:39 --> Undefined array key "username"
in APPPATH\Views\inc\shared\header.php on line 66.
 1 APPPATH\Views\inc\shared\header.php(66): CodeIgniter\Debug\Exceptions->errorHandler(2, 'Undefined array key "username"', 'C:\\xampp\\htdocs\\proyecto-guevara-johan\\app\\Views\\inc\\shared\\header.php', 66)
 2 APPPATH\Views\layout.php(9): require_once('C:\\xampp\\htdocs\\proyecto-guevara-johan\\app\\Views\\inc\\shared\\header.php')
 3 SYSTEMPATH\View\View.php(213): include('C:\\xampp\\htdocs\\proyecto-guevara-johan\\app\\Views\\layout.php')
 4 SYSTEMPATH\View\View.php(216): CodeIgniter\View\View->CodeIgniter\View\{closure}()
 5 SYSTEMPATH\View\View.php(229): CodeIgniter\View\View->render('layout', [], true)
 6 SYSTEMPATH\Common.php(1184): CodeIgniter\View\View->render('principal', [], true)
 7 APPPATH\Controllers\Home.php(89): view('principal', [...])
 8 SYSTEMPATH\CodeIgniter.php(934): App\Controllers\Home->principal()
 9 SYSTEMPATH\CodeIgniter.php(499): CodeIgniter\CodeIgniter->runController(Object(App\Controllers\Home))
10 SYSTEMPATH\CodeIgniter.php(368): CodeIgniter\CodeIgniter->handleRequest(null, Object(Config\Cache), false)
11 FCPATH\index.php(67): CodeIgniter\CodeIgniter->run()
INFO - 2023-05-12 19:58:45 --> Session: Class initialized using 'CodeIgniter\Session\Handlers\FileHandler' driver.
INFO - 2023-05-12 20:00:55 --> Session: Class initialized using 'CodeIgniter\Session\Handlers\FileHandler' driver.
INFO - 2023-05-12 20:00:59 --> Session: Class initialized using 'CodeIgniter\Session\Handlers\FileHandler' driver.
CRITICAL - 2023-05-12 20:00:59 --> Undefined array key "username"
in APPPATH\Views\inc\shared\header.php on line 66.
 1 APPPATH\Views\inc\shared\header.php(66): CodeIgniter\Debug\Exceptions->errorHandler(2, 'Undefined array key "username"', 'C:\\xampp\\htdocs\\proyecto-guevara-johan\\app\\Views\\inc\\shared\\header.php', 66)
 2 APPPATH\Views\layout.php(9): require_once('C:\\xampp\\htdocs\\proyecto-guevara-johan\\app\\Views\\inc\\shared\\header.php')
 3 SYSTEMPATH\View\View.php(213): include('C:\\xampp\\htdocs\\proyecto-guevara-johan\\app\\Views\\layout.php')
 4 SYSTEMPATH\View\View.php(216): CodeIgniter\View\View->CodeIgniter\View\{closure}()
 5 SYSTEMPATH\View\View.php(229): CodeIgniter\View\View->render('layout', [], true)
 6 SYSTEMPATH\Common.php(1184): CodeIgniter\View\View->render('principal', [], true)
 7 APPPATH\Controllers\Home.php(89): view('principal', [...])
 8 SYSTEMPATH\CodeIgniter.php(934): App\Controllers\Home->principal()
 9 SYSTEMPATH\CodeIgniter.php(499): CodeIgniter\CodeIgniter->runController(Object(App\Controllers\Home))
10 SYSTEMPATH\CodeIgniter.php(368): CodeIgniter\CodeIgniter->handleRequest(null, Object(Config\Cache), false)
11 FCPATH\index.php(67): CodeIgniter\CodeIgniter->run()
INFO - 2023-05-12 20:02:05 --> Session: Class initialized using 'CodeIgniter\Session\Handlers\FileHandler' driver.
INFO - 2023-05-12 20:02:14 --> Session: Class initialized using 'CodeIgniter\Session\Handlers\FileHandler' driver.
INFO - 2023-05-12 20:02:21 --> Session: Class initialized using 'CodeIgniter\Session\Handlers\FileHandler' driver.
CRITICAL - 2023-05-12 20:02:21 --> Undefined array key "logged_in"
in APPPATH\Controllers\Home.php on line 414.
 1 APPPATH\Controllers\Home.php(414): CodeIgniter\Debug\Exceptions->errorHandler(2, 'Undefined array key "logged_in"', 'C:\\xampp\\htdocs\\proyecto-guevara-johan\\app\\Controllers\\Home.php', 414)
 2 SYSTEMPATH\CodeIgniter.php(934): App\Controllers\Home->login()
 3 SYSTEMPATH\CodeIgniter.php(499): CodeIgniter\CodeIgniter->runController(Object(App\Controllers\Home))
 4 SYSTEMPATH\CodeIgniter.php(368): CodeIgniter\CodeIgniter->handleRequest(null, Object(Config\Cache), false)
 5 FCPATH\index.php(67): CodeIgniter\CodeIgniter->run()
INFO - 2023-05-12 20:05:30 --> Session: Class initialized using 'CodeIgniter\Session\Handlers\FileHandler' driver.
INFO - 2023-05-12 20:05:32 --> Session: Class initialized using 'CodeIgniter\Session\Handlers\FileHandler' driver.
INFO - 2023-05-12 20:05:35 --> Session: Class initialized using 'CodeIgniter\Session\Handlers\FileHandler' driver.
CRITICAL - 2023-05-12 20:05:35 --> Undefined array key "perfil_id"
in APPPATH\Controllers\Home.php on line 441.
 1 APPPATH\Controllers\Home.php(441): CodeIgniter\Debug\Exceptions->errorHandler(2, 'Undefined array key "perfil_id"', 'C:\\xampp\\htdocs\\proyecto-guevara-johan\\app\\Controllers\\Home.php', 441)
 2 SYSTEMPATH\CodeIgniter.php(934): App\Controllers\Home->panel()
 3 SYSTEMPATH\CodeIgniter.php(499): CodeIgniter\CodeIgniter->runController(Object(App\Controllers\Home))
 4 SYSTEMPATH\CodeIgniter.php(368): CodeIgniter\CodeIgniter->handleRequest(null, Object(Config\Cache), false)
 5 FCPATH\index.php(67): CodeIgniter\CodeIgniter->run()
INFO - 2023-05-12 20:06:35 --> Session: Class initialized using 'CodeIgniter\Session\Handlers\FileHandler' driver.
INFO - 2023-05-12 20:06:38 --> Session: Class initialized using 'CodeIgniter\Session\Handlers\FileHandler' driver.
INFO - 2023-05-12 20:06:40 --> Session: Class initialized using 'CodeIgniter\Session\Handlers\FileHandler' driver.
INFO - 2023-05-12 20:06:43 --> Session: Class initialized using 'CodeIgniter\Session\Handlers\FileHandler' driver.
INFO - 2023-05-12 20:06:57 --> Session: Class initialized using 'CodeIgniter\Session\Handlers\FileHandler' driver.
INFO - 2023-05-12 20:07:02 --> Session: Class initialized using 'CodeIgniter\Session\Handlers\FileHandler' driver.
INFO - 2023-05-12 20:07:04 --> Session: Class initialized using 'CodeIgniter\Session\Handlers\FileHandler' driver.
INFO - 2023-05-12 20:07:06 --> Session: Class initialized using 'CodeIgniter\Session\Handlers\FileHandler' driver.
INFO - 2023-05-12 20:07:08 --> Session: Class initialized using 'CodeIgniter\Session\Handlers\FileHandler' driver.
INFO - 2023-05-12 20:08:04 --> Session: Class initialized using 'CodeIgniter\Session\Handlers\FileHandler' driver.
INFO - 2023-05-12 20:08:24 --> Session: Class initialized using 'CodeIgniter\Session\Handlers\FileHandler' driver.
INFO - 2023-05-12 20:08:27 --> Session: Class initialized using 'CodeIgniter\Session\Handlers\FileHandler' driver.
INFO - 2023-05-12 20:09:53 --> Session: Class initialized using 'CodeIgniter\Session\Handlers\FileHandler' driver.
INFO - 2023-05-12 20:09:56 --> Session: Class initialized using 'CodeIgniter\Session\Handlers\FileHandler' driver.
INFO - 2023-05-12 20:09:58 --> Session: Class initialized using 'CodeIgniter\Session\Handlers\FileHandler' driver.
INFO - 2023-05-12 20:11:28 --> Session: Class initialized using 'CodeIgniter\Session\Handlers\FileHandler' driver.
CRITICAL - 2023-05-12 20:11:28 --> Undefined array key "perfil_id"
in APPPATH\Views\inc\shared\header.php on line 55.
 1 APPPATH\Views\inc\shared\header.php(55): CodeIgniter\Debug\Exceptions->errorHandler(2, 'Undefined array key "perfil_id"', 'C:\\xampp\\htdocs\\proyecto-guevara-johan\\app\\Views\\inc\\shared\\header.php', 55)
 2 APPPATH\Views\layout.php(9): require_once('C:\\xampp\\htdocs\\proyecto-guevara-johan\\app\\Views\\inc\\shared\\header.php')
 3 SYSTEMPATH\View\View.php(213): include('C:\\xampp\\htdocs\\proyecto-guevara-johan\\app\\Views\\layout.php')
 4 SYSTEMPATH\View\View.php(216): CodeIgniter\View\View->CodeIgniter\View\{closure}()
 5 SYSTEMPATH\View\View.php(229): CodeIgniter\View\View->render('layout', [], true)
 6 SYSTEMPATH\Common.php(1184): CodeIgniter\View\View->render('principal', [], true)
 7 APPPATH\Controllers\Home.php(89): view('principal', [...])
 8 SYSTEMPATH\CodeIgniter.php(934): App\Controllers\Home->principal()
 9 SYSTEMPATH\CodeIgniter.php(499): CodeIgniter\CodeIgniter->runController(Object(App\Controllers\Home))
10 SYSTEMPATH\CodeIgniter.php(368): CodeIgniter\CodeIgniter->handleRequest(null, Object(Config\Cache), false)
11 FCPATH\index.php(67): CodeIgniter\CodeIgniter->run()
INFO - 2023-05-12 20:13:58 --> Session: Class initialized using 'CodeIgniter\Session\Handlers\FileHandler' driver.
CRITICAL - 2023-05-12 20:13:58 --> Undefined array key "perfil_id"
in APPPATH\Views\inc\shared\header.php on line 55.
 1 APPPATH\Views\inc\shared\header.php(55): CodeIgniter\Debug\Exceptions->errorHandler(2, 'Undefined array key "perfil_id"', 'C:\\xampp\\htdocs\\proyecto-guevara-johan\\app\\Views\\inc\\shared\\header.php', 55)
 2 APPPATH\Views\layout.php(9): require_once('C:\\xampp\\htdocs\\proyecto-guevara-johan\\app\\Views\\inc\\shared\\header.php')
 3 SYSTEMPATH\View\View.php(213): include('C:\\xampp\\htdocs\\proyecto-guevara-johan\\app\\Views\\layout.php')
 4 SYSTEMPATH\View\View.php(216): CodeIgniter\View\View->CodeIgniter\View\{closure}()
 5 SYSTEMPATH\View\View.php(229): CodeIgniter\View\View->render('layout', [], true)
 6 SYSTEMPATH\Common.php(1184): CodeIgniter\View\View->render('principal', [], true)
 7 APPPATH\Controllers\Home.php(89): view('principal', [...])
 8 SYSTEMPATH\CodeIgniter.php(934): App\Controllers\Home->principal()
 9 SYSTEMPATH\CodeIgniter.php(499): CodeIgniter\CodeIgniter->runController(Object(App\Controllers\Home))
10 SYSTEMPATH\CodeIgniter.php(368): CodeIgniter\CodeIgniter->handleRequest(null, Object(Config\Cache), false)
11 FCPATH\index.php(67): CodeIgniter\CodeIgniter->run()
INFO - 2023-05-12 20:15:17 --> Session: Class initialized using 'CodeIgniter\Session\Handlers\FileHandler' driver.
INFO - 2023-05-12 20:15:28 --> Session: Class initialized using 'CodeIgniter\Session\Handlers\FileHandler' driver.
CRITICAL - 2023-05-12 20:15:28 --> Undefined array key "logged_in"
in APPPATH\Views\inc\components\productos\cafe\views\home.php on line 70.
 1 APPPATH\Views\inc\components\productos\cafe\views\home.php(70): CodeIgniter\Debug\Exceptions->errorHandler(2, 'Undefined array key "logged_in"', 'C:\\xampp\\htdocs\\proyecto-guevara-johan\\app\\Views\\inc\\components\\productos\\cafe\\views\\home.php', 70)
 2 APPPATH\Views\inc\components\productos\cafe\main.php(3): require_once('C:\\xampp\\htdocs\\proyecto-guevara-johan\\app\\Views\\inc\\components\\productos\\cafe\\views\\home.php')
 3 APPPATH\Views\producto_cafe.php(4): require_once('C:\\xampp\\htdocs\\proyecto-guevara-johan\\app\\Views\\inc\\components\\productos\\cafe\\main.php')
 4 SYSTEMPATH\View\View.php(213): include('C:\\xampp\\htdocs\\proyecto-guevara-johan\\app\\Views\\producto_cafe.php')
 5 SYSTEMPATH\View\View.php(216): CodeIgniter\View\View->CodeIgniter\View\{closure}()
 6 SYSTEMPATH\Common.php(1184): CodeIgniter\View\View->render('producto_cafe', [], true)
 7 APPPATH\Controllers\Home.php(231): view('producto_cafe', [...])
 8 SYSTEMPATH\CodeIgniter.php(934): App\Controllers\Home->productoCafe()
 9 SYSTEMPATH\CodeIgniter.php(499): CodeIgniter\CodeIgniter->runController(Object(App\Controllers\Home))
10 SYSTEMPATH\CodeIgniter.php(368): CodeIgniter\CodeIgniter->handleRequest(null, Object(Config\Cache), false)
11 FCPATH\index.php(67): CodeIgniter\CodeIgniter->run()
INFO - 2023-05-12 20:15:47 --> Session: Class initialized using 'CodeIgniter\Session\Handlers\FileHandler' driver.
INFO - 2023-05-12 20:15:50 --> Session: Class initialized using 'CodeIgniter\Session\Handlers\FileHandler' driver.
INFO - 2023-05-12 20:15:52 --> Session: Class initialized using 'CodeIgniter\Session\Handlers\FileHandler' driver.
INFO - 2023-05-12 20:15:57 --> Session: Class initialized using 'CodeIgniter\Session\Handlers\FileHandler' driver.
CRITICAL - 2023-05-12 20:15:57 --> Undefined array key "logged_in"
in APPPATH\Views\inc\components\contactanos\views\home.php on line 31.
 1 APPPATH\Views\inc\components\contactanos\views\home.php(31): CodeIgniter\Debug\Exceptions->errorHandler(2, 'Undefined array key "logged_in"', 'C:\\xampp\\htdocs\\proyecto-guevara-johan\\app\\Views\\inc\\components\\contactanos\\views\\home.php', 31)
 2 APPPATH\Views\inc\components\contactanos\main.php(2): require_once('C:\\xampp\\htdocs\\proyecto-guevara-johan\\app\\Views\\inc\\components\\contactanos\\views\\home.php')
 3 APPPATH\Views\contactanos.php(4): require_once('C:\\xampp\\htdocs\\proyecto-guevara-johan\\app\\Views\\inc\\components\\contactanos\\main.php')
 4 SYSTEMPATH\View\View.php(213): include('C:\\xampp\\htdocs\\proyecto-guevara-johan\\app\\Views\\contactanos.php')
 5 SYSTEMPATH\View\View.php(216): CodeIgniter\View\View->CodeIgniter\View\{closure}()
 6 SYSTEMPATH\Common.php(1184): CodeIgniter\View\View->render('contactanos', [], true)
 7 APPPATH\Controllers\Home.php(369): view('contactanos', [...])
 8 SYSTEMPATH\CodeIgniter.php(934): App\Controllers\Home->contactanos()
 9 SYSTEMPATH\CodeIgniter.php(499): CodeIgniter\CodeIgniter->runController(Object(App\Controllers\Home))
10 SYSTEMPATH\CodeIgniter.php(368): CodeIgniter\CodeIgniter->handleRequest(null, Object(Config\Cache), false)
11 FCPATH\index.php(67): CodeIgniter\CodeIgniter->run()
INFO - 2023-05-12 20:17:02 --> Session: Class initialized using 'CodeIgniter\Session\Handlers\FileHandler' driver.
INFO - 2023-05-12 20:18:38 --> Session: Class initialized using 'CodeIgniter\Session\Handlers\FileHandler' driver.
INFO - 2023-05-12 20:18:40 --> Session: Class initialized using 'CodeIgniter\Session\Handlers\FileHandler' driver.
INFO - 2023-05-12 20:21:33 --> Session: Class initialized using 'CodeIgniter\Session\Handlers\FileHandler' driver.
INFO - 2023-05-12 20:21:41 --> Session: Class initialized using 'CodeIgniter\Session\Handlers\FileHandler' driver.
INFO - 2023-05-12 20:21:41 --> Session: Class initialized using 'CodeIgniter\Session\Handlers\FileHandler' driver.
INFO - 2023-05-12 20:21:55 --> Session: Class initialized using 'CodeIgniter\Session\Handlers\FileHandler' driver.
INFO - 2023-05-12 20:22:14 --> Session: Class initialized using 'CodeIgniter\Session\Handlers\FileHandler' driver.
INFO - 2023-05-12 20:22:21 --> Session: Class initialized using 'CodeIgniter\Session\Handlers\FileHandler' driver.
INFO - 2023-05-12 20:22:21 --> Session: Class initialized using 'CodeIgniter\Session\Handlers\FileHandler' driver.
INFO - 2023-05-12 20:22:32 --> Session: Class initialized using 'CodeIgniter\Session\Handlers\FileHandler' driver.
INFO - 2023-05-12 20:22:42 --> Session: Class initialized using 'CodeIgniter\Session\Handlers\FileHandler' driver.
INFO - 2023-05-12 20:22:42 --> Session: Class initialized using 'CodeIgniter\Session\Handlers\FileHandler' driver.
INFO - 2023-05-12 20:22:53 --> Session: Class initialized using 'CodeIgniter\Session\Handlers\FileHandler' driver.
INFO - 2023-05-12 20:22:53 --> Session: Class initialized using 'CodeIgniter\Session\Handlers\FileHandler' driver.
INFO - 2023-05-12 20:22:55 --> Session: Class initialized using 'CodeIgniter\Session\Handlers\FileHandler' driver.
INFO - 2023-05-12 20:22:58 --> Session: Class initialized using 'CodeIgniter\Session\Handlers\FileHandler' driver.
INFO - 2023-05-12 20:23:37 --> Session: Class initialized using 'CodeIgniter\Session\Handlers\FileHandler' driver.
INFO - 2023-05-12 20:23:37 --> Session: Class initialized using 'CodeIgniter\Session\Handlers\FileHandler' driver.
INFO - 2023-05-12 20:23:56 --> Session: Class initialized using 'CodeIgniter\Session\Handlers\FileHandler' driver.
INFO - 2023-05-12 20:23:56 --> Session: Class initialized using 'CodeIgniter\Session\Handlers\FileHandler' driver.
INFO - 2023-05-12 20:23:59 --> Session: Class initialized using 'CodeIgniter\Session\Handlers\FileHandler' driver.
INFO - 2023-05-12 20:24:01 --> Session: Class initialized using 'CodeIgniter\Session\Handlers\FileHandler' driver.
INFO - 2023-05-12 20:24:18 --> Session: Class initialized using 'CodeIgniter\Session\Handlers\FileHandler' driver.
INFO - 2023-05-12 20:24:18 --> Session: Class initialized using 'CodeIgniter\Session\Handlers\FileHandler' driver.
INFO - 2023-05-12 20:25:20 --> Session: Class initialized using 'CodeIgniter\Session\Handlers\FileHandler' driver.
INFO - 2023-05-12 20:25:24 --> Session: Class initialized using 'CodeIgniter\Session\Handlers\FileHandler' driver.
INFO - 2023-05-12 20:25:25 --> Session: Class initialized using 'CodeIgniter\Session\Handlers\FileHandler' driver.
INFO - 2023-05-12 20:25:54 --> Session: Class initialized using 'CodeIgniter\Session\Handlers\FileHandler' driver.
INFO - 2023-05-12 20:25:58 --> Session: Class initialized using 'CodeIgniter\Session\Handlers\FileHandler' driver.
INFO - 2023-05-12 20:27:58 --> Session: Class initialized using 'CodeIgniter\Session\Handlers\FileHandler' driver.
INFO - 2023-05-12 20:28:06 --> Session: Class initialized using 'CodeIgniter\Session\Handlers\FileHandler' driver.
INFO - 2023-05-12 20:28:38 --> Session: Class initialized using 'CodeIgniter\Session\Handlers\FileHandler' driver.
INFO - 2023-05-12 20:29:12 --> Session: Class initialized using 'CodeIgniter\Session\Handlers\FileHandler' driver.
INFO - 2023-05-12 20:29:23 --> Session: Class initialized using 'CodeIgniter\Session\Handlers\FileHandler' driver.
INFO - 2023-05-12 20:29:30 --> Session: Class initialized using 'CodeIgniter\Session\Handlers\FileHandler' driver.
INFO - 2023-05-12 20:29:53 --> Session: Class initialized using 'CodeIgniter\Session\Handlers\FileHandler' driver.
INFO - 2023-05-12 20:29:57 --> Session: Class initialized using 'CodeIgniter\Session\Handlers\FileHandler' driver.
INFO - 2023-05-12 20:30:04 --> Session: Class initialized using 'CodeIgniter\Session\Handlers\FileHandler' driver.
INFO - 2023-05-12 20:30:20 --> Session: Class initialized using 'CodeIgniter\Session\Handlers\FileHandler' driver.
INFO - 2023-05-12 20:30:50 --> Session: Class initialized using 'CodeIgniter\Session\Handlers\FileHandler' driver.
INFO - 2023-05-12 20:31:02 --> Session: Class initialized using 'CodeIgniter\Session\Handlers\FileHandler' driver.
INFO - 2023-05-12 20:31:40 --> Session: Class initialized using 'CodeIgniter\Session\Handlers\FileHandler' driver.
INFO - 2023-05-12 20:31:45 --> Session: Class initialized using 'CodeIgniter\Session\Handlers\FileHandler' driver.
INFO - 2023-05-12 20:32:17 --> Session: Class initialized using 'CodeIgniter\Session\Handlers\FileHandler' driver.
INFO - 2023-05-12 20:32:34 --> Session: Class initialized using 'CodeIgniter\Session\Handlers\FileHandler' driver.
INFO - 2023-05-12 20:32:38 --> Session: Class initialized using 'CodeIgniter\Session\Handlers\FileHandler' driver.
INFO - 2023-05-12 20:33:54 --> Session: Class initialized using 'CodeIgniter\Session\Handlers\FileHandler' driver.
INFO - 2023-05-12 20:33:56 --> Session: Class initialized using 'CodeIgniter\Session\Handlers\FileHandler' driver.
INFO - 2023-05-12 20:33:57 --> Session: Class initialized using 'CodeIgniter\Session\Handlers\FileHandler' driver.
INFO - 2023-05-12 20:34:03 --> Session: Class initialized using 'CodeIgniter\Session\Handlers\FileHandler' driver.
INFO - 2023-05-12 20:34:03 --> Session: Class initialized using 'CodeIgniter\Session\Handlers\FileHandler' driver.
INFO - 2023-05-12 20:34:35 --> Session: Class initialized using 'CodeIgniter\Session\Handlers\FileHandler' driver.
INFO - 2023-05-12 20:34:38 --> Session: Class initialized using 'CodeIgniter\Session\Handlers\FileHandler' driver.
INFO - 2023-05-12 20:34:38 --> Session: Class initialized using 'CodeIgniter\Session\Handlers\FileHandler' driver.
INFO - 2023-05-12 20:36:11 --> Session: Class initialized using 'CodeIgniter\Session\Handlers\FileHandler' driver.
INFO - 2023-05-12 20:36:14 --> Session: Class initialized using 'CodeIgniter\Session\Handlers\FileHandler' driver.
INFO - 2023-05-12 20:36:14 --> Session: Class initialized using 'CodeIgniter\Session\Handlers\FileHandler' driver.
INFO - 2023-05-12 20:36:21 --> Session: Class initialized using 'CodeIgniter\Session\Handlers\FileHandler' driver.
INFO - 2023-05-12 20:36:23 --> Session: Class initialized using 'CodeIgniter\Session\Handlers\FileHandler' driver.
INFO - 2023-05-12 20:36:24 --> Session: Class initialized using 'CodeIgniter\Session\Handlers\FileHandler' driver.
INFO - 2023-05-12 20:36:30 --> Session: Class initialized using 'CodeIgniter\Session\Handlers\FileHandler' driver.
INFO - 2023-05-12 20:36:32 --> Session: Class initialized using 'CodeIgniter\Session\Handlers\FileHandler' driver.
INFO - 2023-05-12 20:36:32 --> Session: Class initialized using 'CodeIgniter\Session\Handlers\FileHandler' driver.
INFO - 2023-05-12 20:36:38 --> Session: Class initialized using 'CodeIgniter\Session\Handlers\FileHandler' driver.
INFO - 2023-05-12 20:36:39 --> Session: Class initialized using 'CodeIgniter\Session\Handlers\FileHandler' driver.
INFO - 2023-05-12 20:36:39 --> Session: Class initialized using 'CodeIgniter\Session\Handlers\FileHandler' driver.
INFO - 2023-05-12 20:37:13 --> Session: Class initialized using 'CodeIgniter\Session\Handlers\FileHandler' driver.
INFO - 2023-05-12 20:37:18 --> Session: Class initialized using 'CodeIgniter\Session\Handlers\FileHandler' driver.
INFO - 2023-05-12 20:37:18 --> Session: Class initialized using 'CodeIgniter\Session\Handlers\FileHandler' driver.
INFO - 2023-05-12 20:37:27 --> Session: Class initialized using 'CodeIgniter\Session\Handlers\FileHandler' driver.
INFO - 2023-05-12 20:37:30 --> Session: Class initialized using 'CodeIgniter\Session\Handlers\FileHandler' driver.
INFO - 2023-05-12 20:37:30 --> Session: Class initialized using 'CodeIgniter\Session\Handlers\FileHandler' driver.
INFO - 2023-05-12 20:37:49 --> Session: Class initialized using 'CodeIgniter\Session\Handlers\FileHandler' driver.
INFO - 2023-05-12 20:37:51 --> Session: Class initialized using 'CodeIgniter\Session\Handlers\FileHandler' driver.
INFO - 2023-05-12 20:37:51 --> Session: Class initialized using 'CodeIgniter\Session\Handlers\FileHandler' driver.
INFO - 2023-05-12 20:38:11 --> Session: Class initialized using 'CodeIgniter\Session\Handlers\FileHandler' driver.
INFO - 2023-05-12 20:38:13 --> Session: Class initialized using 'CodeIgniter\Session\Handlers\FileHandler' driver.
INFO - 2023-05-12 20:38:13 --> Session: Class initialized using 'CodeIgniter\Session\Handlers\FileHandler' driver.
INFO - 2023-05-12 20:38:21 --> Session: Class initialized using 'CodeIgniter\Session\Handlers\FileHandler' driver.
INFO - 2023-05-12 20:38:22 --> Session: Class initialized using 'CodeIgniter\Session\Handlers\FileHandler' driver.
INFO - 2023-05-12 20:38:22 --> Session: Class initialized using 'CodeIgniter\Session\Handlers\FileHandler' driver.
INFO - 2023-05-12 20:38:26 --> Session: Class initialized using 'CodeIgniter\Session\Handlers\FileHandler' driver.
INFO - 2023-05-12 20:38:36 --> Session: Class initialized using 'CodeIgniter\Session\Handlers\FileHandler' driver.
INFO - 2023-05-12 20:38:38 --> Session: Class initialized using 'CodeIgniter\Session\Handlers\FileHandler' driver.
INFO - 2023-05-12 20:38:40 --> Session: Class initialized using 'CodeIgniter\Session\Handlers\FileHandler' driver.
INFO - 2023-05-12 20:38:41 --> Session: Class initialized using 'CodeIgniter\Session\Handlers\FileHandler' driver.
INFO - 2023-05-12 20:38:43 --> Session: Class initialized using 'CodeIgniter\Session\Handlers\FileHandler' driver.
INFO - 2023-05-12 20:38:43 --> Session: Class initialized using 'CodeIgniter\Session\Handlers\FileHandler' driver.
INFO - 2023-05-12 20:38:44 --> Session: Class initialized using 'CodeIgniter\Session\Handlers\FileHandler' driver.
INFO - 2023-05-12 20:38:44 --> Session: Class initialized using 'CodeIgniter\Session\Handlers\FileHandler' driver.
INFO - 2023-05-12 20:40:33 --> Session: Class initialized using 'CodeIgniter\Session\Handlers\FileHandler' driver.
INFO - 2023-05-12 20:40:35 --> Session: Class initialized using 'CodeIgniter\Session\Handlers\FileHandler' driver.
INFO - 2023-05-12 20:40:35 --> Session: Class initialized using 'CodeIgniter\Session\Handlers\FileHandler' driver.
INFO - 2023-05-12 20:40:47 --> Session: Class initialized using 'CodeIgniter\Session\Handlers\FileHandler' driver.
INFO - 2023-05-12 20:40:49 --> Session: Class initialized using 'CodeIgniter\Session\Handlers\FileHandler' driver.
INFO - 2023-05-12 20:40:49 --> Session: Class initialized using 'CodeIgniter\Session\Handlers\FileHandler' driver.
INFO - 2023-05-12 20:40:58 --> Session: Class initialized using 'CodeIgniter\Session\Handlers\FileHandler' driver.
INFO - 2023-05-12 20:41:57 --> Session: Class initialized using 'CodeIgniter\Session\Handlers\FileHandler' driver.
INFO - 2023-05-12 20:42:04 --> Session: Class initialized using 'CodeIgniter\Session\Handlers\FileHandler' driver.
INFO - 2023-05-12 20:42:21 --> Session: Class initialized using 'CodeIgniter\Session\Handlers\FileHandler' driver.
INFO - 2023-05-12 20:42:24 --> Session: Class initialized using 'CodeIgniter\Session\Handlers\FileHandler' driver.
INFO - 2023-05-12 20:42:29 --> Session: Class initialized using 'CodeIgniter\Session\Handlers\FileHandler' driver.
INFO - 2023-05-12 20:42:33 --> Session: Class initialized using 'CodeIgniter\Session\Handlers\FileHandler' driver.
INFO - 2023-05-12 20:42:33 --> Session: Class initialized using 'CodeIgniter\Session\Handlers\FileHandler' driver.
INFO - 2023-05-12 20:42:35 --> Session: Class initialized using 'CodeIgniter\Session\Handlers\FileHandler' driver.
INFO - 2023-05-12 20:42:37 --> Session: Class initialized using 'CodeIgniter\Session\Handlers\FileHandler' driver.
INFO - 2023-05-12 20:42:37 --> Session: Class initialized using 'CodeIgniter\Session\Handlers\FileHandler' driver.
INFO - 2023-05-12 20:42:39 --> Session: Class initialized using 'CodeIgniter\Session\Handlers\FileHandler' driver.
INFO - 2023-05-12 20:42:46 --> Session: Class initialized using 'CodeIgniter\Session\Handlers\FileHandler' driver.
INFO - 2023-05-12 20:42:46 --> Session: Class initialized using 'CodeIgniter\Session\Handlers\FileHandler' driver.
INFO - 2023-05-12 20:43:19 --> Session: Class initialized using 'CodeIgniter\Session\Handlers\FileHandler' driver.
INFO - 2023-05-12 20:43:30 --> Session: Class initialized using 'CodeIgniter\Session\Handlers\FileHandler' driver.
INFO - 2023-05-12 20:43:39 --> Session: Class initialized using 'CodeIgniter\Session\Handlers\FileHandler' driver.
INFO - 2023-05-12 20:43:43 --> Session: Class initialized using 'CodeIgniter\Session\Handlers\FileHandler' driver.
INFO - 2023-05-12 20:43:58 --> Session: Class initialized using 'CodeIgniter\Session\Handlers\FileHandler' driver.
INFO - 2023-05-12 20:46:31 --> Session: Class initialized using 'CodeIgniter\Session\Handlers\FileHandler' driver.
INFO - 2023-05-12 20:46:38 --> Session: Class initialized using 'CodeIgniter\Session\Handlers\FileHandler' driver.
INFO - 2023-05-12 20:46:46 --> Session: Class initialized using 'CodeIgniter\Session\Handlers\FileHandler' driver.
INFO - 2023-05-12 20:47:12 --> Session: Class initialized using 'CodeIgniter\Session\Handlers\FileHandler' driver.
INFO - 2023-05-12 20:47:27 --> Session: Class initialized using 'CodeIgniter\Session\Handlers\FileHandler' driver.
INFO - 2023-05-12 20:47:41 --> Session: Class initialized using 'CodeIgniter\Session\Handlers\FileHandler' driver.
INFO - 2023-05-12 20:47:46 --> Session: Class initialized using 'CodeIgniter\Session\Handlers\FileHandler' driver.
INFO - 2023-05-12 20:47:56 --> Session: Class initialized using 'CodeIgniter\Session\Handlers\FileHandler' driver.
INFO - 2023-05-12 20:48:25 --> Session: Class initialized using 'CodeIgniter\Session\Handlers\FileHandler' driver.
INFO - 2023-05-12 20:48:31 --> Session: Class initialized using 'CodeIgniter\Session\Handlers\FileHandler' driver.
INFO - 2023-05-12 20:48:46 --> Session: Class initialized using 'CodeIgniter\Session\Handlers\FileHandler' driver.
INFO - 2023-05-12 20:48:57 --> Session: Class initialized using 'CodeIgniter\Session\Handlers\FileHandler' driver.
INFO - 2023-05-12 20:50:14 --> Session: Class initialized using 'CodeIgniter\Session\Handlers\FileHandler' driver.
INFO - 2023-05-12 20:50:30 --> Session: Class initialized using 'CodeIgniter\Session\Handlers\FileHandler' driver.
INFO - 2023-05-12 20:50:43 --> Session: Class initialized using 'CodeIgniter\Session\Handlers\FileHandler' driver.
INFO - 2023-05-12 20:50:46 --> Session: Class initialized using 'CodeIgniter\Session\Handlers\FileHandler' driver.
INFO - 2023-05-12 20:50:53 --> Session: Class initialized using 'CodeIgniter\Session\Handlers\FileHandler' driver.
INFO - 2023-05-12 20:51:24 --> Session: Class initialized using 'CodeIgniter\Session\Handlers\FileHandler' driver.
INFO - 2023-05-12 20:51:24 --> Session: Class initialized using 'CodeIgniter\Session\Handlers\FileHandler' driver.
INFO - 2023-05-12 20:51:49 --> Session: Class initialized using 'CodeIgniter\Session\Handlers\FileHandler' driver.
INFO - 2023-05-12 20:51:55 --> Session: Class initialized using 'CodeIgniter\Session\Handlers\FileHandler' driver.
INFO - 2023-05-12 20:51:55 --> Session: Class initialized using 'CodeIgniter\Session\Handlers\FileHandler' driver.
INFO - 2023-05-12 20:53:12 --> Session: Class initialized using 'CodeIgniter\Session\Handlers\FileHandler' driver.
INFO - 2023-05-12 20:53:12 --> Session: Class initialized using 'CodeIgniter\Session\Handlers\FileHandler' driver.
INFO - 2023-05-12 20:53:19 --> Session: Class initialized using 'CodeIgniter\Session\Handlers\FileHandler' driver.
INFO - 2023-05-12 20:53:28 --> Session: Class initialized using 'CodeIgniter\Session\Handlers\FileHandler' driver.
INFO - 2023-05-12 20:53:28 --> Session: Class initialized using 'CodeIgniter\Session\Handlers\FileHandler' driver.
INFO - 2023-05-12 20:53:40 --> Session: Class initialized using 'CodeIgniter\Session\Handlers\FileHandler' driver.
INFO - 2023-05-12 20:54:00 --> Session: Class initialized using 'CodeIgniter\Session\Handlers\FileHandler' driver.
INFO - 2023-05-12 20:54:00 --> Session: Class initialized using 'CodeIgniter\Session\Handlers\FileHandler' driver.
INFO - 2023-05-12 20:54:04 --> Session: Class initialized using 'CodeIgniter\Session\Handlers\FileHandler' driver.
INFO - 2023-05-12 20:54:11 --> Session: Class initialized using 'CodeIgniter\Session\Handlers\FileHandler' driver.
INFO - 2023-05-12 20:54:12 --> Session: Class initialized using 'CodeIgniter\Session\Handlers\FileHandler' driver.
INFO - 2023-05-12 20:54:47 --> Session: Class initialized using 'CodeIgniter\Session\Handlers\FileHandler' driver.
INFO - 2023-05-12 20:54:51 --> Session: Class initialized using 'CodeIgniter\Session\Handlers\FileHandler' driver.
INFO - 2023-05-12 20:54:52 --> Session: Class initialized using 'CodeIgniter\Session\Handlers\FileHandler' driver.
INFO - 2023-05-12 20:54:55 --> Session: Class initialized using 'CodeIgniter\Session\Handlers\FileHandler' driver.
INFO - 2023-05-12 20:55:02 --> Session: Class initialized using 'CodeIgniter\Session\Handlers\FileHandler' driver.
INFO - 2023-05-12 20:55:02 --> Session: Class initialized using 'CodeIgniter\Session\Handlers\FileHandler' driver.
INFO - 2023-05-12 20:55:22 --> Session: Class initialized using 'CodeIgniter\Session\Handlers\FileHandler' driver.
INFO - 2023-05-12 20:55:25 --> Session: Class initialized using 'CodeIgniter\Session\Handlers\FileHandler' driver.
INFO - 2023-05-12 20:55:31 --> Session: Class initialized using 'CodeIgniter\Session\Handlers\FileHandler' driver.
INFO - 2023-05-12 20:55:31 --> Session: Class initialized using 'CodeIgniter\Session\Handlers\FileHandler' driver.
INFO - 2023-05-12 20:55:34 --> Session: Class initialized using 'CodeIgniter\Session\Handlers\FileHandler' driver.
INFO - 2023-05-12 20:55:40 --> Session: Class initialized using 'CodeIgniter\Session\Handlers\FileHandler' driver.
INFO - 2023-05-12 20:55:40 --> Session: Class initialized using 'CodeIgniter\Session\Handlers\FileHandler' driver.
INFO - 2023-05-12 20:55:51 --> Session: Class initialized using 'CodeIgniter\Session\Handlers\FileHandler' driver.
INFO - 2023-05-12 20:55:54 --> Session: Class initialized using 'CodeIgniter\Session\Handlers\FileHandler' driver.
INFO - 2023-05-12 20:55:55 --> Session: Class initialized using 'CodeIgniter\Session\Handlers\FileHandler' driver.
INFO - 2023-05-12 20:55:57 --> Session: Class initialized using 'CodeIgniter\Session\Handlers\FileHandler' driver.
INFO - 2023-05-12 20:56:03 --> Session: Class initialized using 'CodeIgniter\Session\Handlers\FileHandler' driver.
INFO - 2023-05-12 20:56:03 --> Session: Class initialized using 'CodeIgniter\Session\Handlers\FileHandler' driver.
INFO - 2023-05-12 20:56:25 --> Session: Class initialized using 'CodeIgniter\Session\Handlers\FileHandler' driver.
INFO - 2023-05-12 20:56:28 --> Session: Class initialized using 'CodeIgniter\Session\Handlers\FileHandler' driver.
INFO - 2023-05-12 20:56:28 --> Session: Class initialized using 'CodeIgniter\Session\Handlers\FileHandler' driver.
INFO - 2023-05-12 20:56:31 --> Session: Class initialized using 'CodeIgniter\Session\Handlers\FileHandler' driver.
INFO - 2023-05-12 20:56:38 --> Session: Class initialized using 'CodeIgniter\Session\Handlers\FileHandler' driver.
INFO - 2023-05-12 20:56:38 --> Session: Class initialized using 'CodeIgniter\Session\Handlers\FileHandler' driver.
INFO - 2023-05-12 20:56:55 --> Session: Class initialized using 'CodeIgniter\Session\Handlers\FileHandler' driver.
INFO - 2023-05-12 20:58:50 --> Session: Class initialized using 'CodeIgniter\Session\Handlers\FileHandler' driver.
INFO - 2023-05-12 21:01:14 --> Session: Class initialized using 'CodeIgniter\Session\Handlers\FileHandler' driver.
INFO - 2023-05-12 21:01:20 --> Session: Class initialized using 'CodeIgniter\Session\Handlers\FileHandler' driver.
INFO - 2023-05-12 21:01:28 --> Session: Class initialized using 'CodeIgniter\Session\Handlers\FileHandler' driver.
INFO - 2023-05-12 21:01:54 --> Session: Class initialized using 'CodeIgniter\Session\Handlers\FileHandler' driver.
INFO - 2023-05-12 21:02:04 --> Session: Class initialized using 'CodeIgniter\Session\Handlers\FileHandler' driver.
INFO - 2023-05-12 21:02:11 --> Session: Class initialized using 'CodeIgniter\Session\Handlers\FileHandler' driver.
INFO - 2023-05-12 21:02:15 --> Session: Class initialized using 'CodeIgniter\Session\Handlers\FileHandler' driver.
INFO - 2023-05-12 21:03:05 --> Session: Class initialized using 'CodeIgniter\Session\Handlers\FileHandler' driver.
INFO - 2023-05-12 21:03:48 --> Session: Class initialized using 'CodeIgniter\Session\Handlers\FileHandler' driver.
INFO - 2023-05-12 21:04:31 --> Session: Class initialized using 'CodeIgniter\Session\Handlers\FileHandler' driver.
INFO - 2023-05-12 21:04:36 --> Session: Class initialized using 'CodeIgniter\Session\Handlers\FileHandler' driver.
INFO - 2023-05-12 21:04:41 --> Session: Class initialized using 'CodeIgniter\Session\Handlers\FileHandler' driver.
INFO - 2023-05-12 21:04:48 --> Session: Class initialized using 'CodeIgniter\Session\Handlers\FileHandler' driver.
INFO - 2023-05-12 21:04:54 --> Session: Class initialized using 'CodeIgniter\Session\Handlers\FileHandler' driver.
INFO - 2023-05-12 21:05:00 --> Session: Class initialized using 'CodeIgniter\Session\Handlers\FileHandler' driver.
INFO - 2023-05-12 21:05:26 --> Session: Class initialized using 'CodeIgniter\Session\Handlers\FileHandler' driver.
INFO - 2023-05-12 21:06:06 --> Session: Class initialized using 'CodeIgniter\Session\Handlers\FileHandler' driver.
INFO - 2023-05-12 21:15:11 --> Session: Class initialized using 'CodeIgniter\Session\Handlers\FileHandler' driver.
INFO - 2023-05-12 21:15:19 --> Session: Class initialized using 'CodeIgniter\Session\Handlers\FileHandler' driver.
INFO - 2023-05-12 21:17:09 --> Session: Class initialized using 'CodeIgniter\Session\Handlers\FileHandler' driver.
INFO - 2023-05-12 21:17:15 --> Session: Class initialized using 'CodeIgniter\Session\Handlers\FileHandler' driver.
INFO - 2023-05-12 21:20:43 --> Session: Class initialized using 'CodeIgniter\Session\Handlers\FileHandler' driver.
INFO - 2023-05-12 21:20:52 --> Session: Class initialized using 'CodeIgniter\Session\Handlers\FileHandler' driver.
INFO - 2023-05-12 21:22:03 --> Session: Class initialized using 'CodeIgniter\Session\Handlers\FileHandler' driver.
INFO - 2023-05-12 21:22:42 --> Session: Class initialized using 'CodeIgniter\Session\Handlers\FileHandler' driver.
INFO - 2023-05-12 21:24:06 --> Session: Class initialized using 'CodeIgniter\Session\Handlers\FileHandler' driver.
INFO - 2023-05-12 21:24:29 --> Session: Class initialized using 'CodeIgniter\Session\Handlers\FileHandler' driver.
INFO - 2023-05-12 21:24:41 --> Session: Class initialized using 'CodeIgniter\Session\Handlers\FileHandler' driver.
INFO - 2023-05-12 21:25:04 --> Session: Class initialized using 'CodeIgniter\Session\Handlers\FileHandler' driver.
INFO - 2023-05-12 21:25:13 --> Session: Class initialized using 'CodeIgniter\Session\Handlers\FileHandler' driver.
INFO - 2023-05-12 21:25:25 --> Session: Class initialized using 'CodeIgniter\Session\Handlers\FileHandler' driver.
INFO - 2023-05-12 21:26:14 --> Session: Class initialized using 'CodeIgniter\Session\Handlers\FileHandler' driver.
INFO - 2023-05-12 23:16:45 --> Session: Class initialized using 'CodeIgniter\Session\Handlers\FileHandler' driver.
INFO - 2023-05-12 23:16:45 --> Session: Class initialized using 'CodeIgniter\Session\Handlers\FileHandler' driver.
INFO - 2023-05-12 23:17:54 --> Session: Class initialized using 'CodeIgniter\Session\Handlers\FileHandler' driver.
INFO - 2023-05-12 23:17:55 --> Session: Class initialized using 'CodeIgniter\Session\Handlers\FileHandler' driver.
INFO - 2023-05-12 23:17:56 --> Session: Class initialized using 'CodeIgniter\Session\Handlers\FileHandler' driver.
INFO - 2023-05-12 23:18:26 --> Session: Class initialized using 'CodeIgniter\Session\Handlers\FileHandler' driver.
INFO - 2023-05-12 23:18:57 --> Session: Class initialized using 'CodeIgniter\Session\Handlers\FileHandler' driver.
INFO - 2023-05-12 23:19:01 --> Session: Class initialized using 'CodeIgniter\Session\Handlers\FileHandler' driver.
INFO - 2023-05-12 23:19:07 --> Session: Class initialized using 'CodeIgniter\Session\Handlers\FileHandler' driver.
INFO - 2023-05-12 23:19:12 --> Session: Class initialized using 'CodeIgniter\Session\Handlers\FileHandler' driver.
INFO - 2023-05-12 23:19:19 --> Session: Class initialized using 'CodeIgniter\Session\Handlers\FileHandler' driver.
INFO - 2023-05-12 23:19:49 --> Session: Class initialized using 'CodeIgniter\Session\Handlers\FileHandler' driver.
INFO - 2023-05-12 23:20:13 --> Session: Class initialized using 'CodeIgniter\Session\Handlers\FileHandler' driver.
INFO - 2023-05-12 23:20:19 --> Session: Class initialized using 'CodeIgniter\Session\Handlers\FileHandler' driver.
INFO - 2023-05-12 23:20:25 --> Session: Class initialized using 'CodeIgniter\Session\Handlers\FileHandler' driver.
INFO - 2023-05-12 23:20:31 --> Session: Class initialized using 'CodeIgniter\Session\Handlers\FileHandler' driver.
INFO - 2023-05-12 23:21:04 --> Session: Class initialized using 'CodeIgniter\Session\Handlers\FileHandler' driver.
INFO - 2023-05-12 23:21:23 --> Session: Class initialized using 'CodeIgniter\Session\Handlers\FileHandler' driver.
INFO - 2023-05-12 23:21:30 --> Session: Class initialized using 'CodeIgniter\Session\Handlers\FileHandler' driver.
INFO - 2023-05-12 23:21:36 --> Session: Class initialized using 'CodeIgniter\Session\Handlers\FileHandler' driver.
INFO - 2023-05-12 23:21:36 --> Session: Class initialized using 'CodeIgniter\Session\Handlers\FileHandler' driver.
INFO - 2023-05-12 23:21:39 --> Session: Class initialized using 'CodeIgniter\Session\Handlers\FileHandler' driver.
INFO - 2023-05-12 23:21:44 --> Session: Class initialized using 'CodeIgniter\Session\Handlers\FileHandler' driver.
INFO - 2023-05-12 23:21:45 --> Session: Class initialized using 'CodeIgniter\Session\Handlers\FileHandler' driver.
INFO - 2023-05-12 23:22:03 --> Session: Class initialized using 'CodeIgniter\Session\Handlers\FileHandler' driver.
INFO - 2023-05-12 23:26:09 --> Session: Class initialized using 'CodeIgniter\Session\Handlers\FileHandler' driver.
