CRITICAL - 2023-04-05 11:12:42 --> require_once(inc/components/products.php): Failed to open stream: No such file or directory
in APPPATH\Views\inc\components\main.php on line 38.
 1 APPPATH\Views\inc\components\main.php(38): CodeIgniter\Debug\Exceptions->errorHandler(2, 'require_once(inc/components/products.php): Failed to open stream: No such file or directory', 'C:\\xampp\\htdocs\\proyecto-seb-guevara\\app\\Views\\inc\\components\\main.php', 38)
 2 APPPATH\Views\inc\components\main.php(38): require_once()
 3 APPPATH\Views\principal.php(10): require_once('C:\\xampp\\htdocs\\proyecto-seb-guevara\\app\\Views\\inc\\components\\main.php')
 4 SYSTEMPATH\View\View.php(213): include('C:\\xampp\\htdocs\\proyecto-seb-guevara\\app\\Views\\principal.php')
 5 SYSTEMPATH\View\View.php(216): CodeIgniter\View\View->CodeIgniter\View\{closure}()
 6 SYSTEMPATH\Common.php(1184): CodeIgniter\View\View->render('principal', [], true)
 7 APPPATH\Controllers\Home.php(14): view('principal')
 8 SYSTEMPATH\CodeIgniter.php(934): App\Controllers\Home->principal()
 9 SYSTEMPATH\CodeIgniter.php(499): CodeIgniter\CodeIgniter->runController(Object(App\Controllers\Home))
10 SYSTEMPATH\CodeIgniter.php(368): CodeIgniter\CodeIgniter->handleRequest(null, Object(Config\Cache), false)
11 FCPATH\index.php(67): CodeIgniter\CodeIgniter->run()
CRITICAL - 2023-04-05 11:12:54 --> require_once(inc/components/products.php): Failed to open stream: No such file or directory
in APPPATH\Views\inc\components\main.php on line 38.
 1 APPPATH\Views\inc\components\main.php(38): CodeIgniter\Debug\Exceptions->errorHandler(2, 'require_once(inc/components/products.php): Failed to open stream: No such file or directory', 'C:\\xampp\\htdocs\\proyecto-seb-guevara\\app\\Views\\inc\\components\\main.php', 38)
 2 APPPATH\Views\inc\components\main.php(38): require_once()
 3 APPPATH\Views\principal.php(10): require_once('C:\\xampp\\htdocs\\proyecto-seb-guevara\\app\\Views\\inc\\components\\main.php')
 4 SYSTEMPATH\View\View.php(213): include('C:\\xampp\\htdocs\\proyecto-seb-guevara\\app\\Views\\principal.php')
 5 SYSTEMPATH\View\View.php(216): CodeIgniter\View\View->CodeIgniter\View\{closure}()
 6 SYSTEMPATH\Common.php(1184): CodeIgniter\View\View->render('principal', [], true)
 7 APPPATH\Controllers\Home.php(14): view('principal')
 8 SYSTEMPATH\CodeIgniter.php(934): App\Controllers\Home->principal()
 9 SYSTEMPATH\CodeIgniter.php(499): CodeIgniter\CodeIgniter->runController(Object(App\Controllers\Home))
10 SYSTEMPATH\CodeIgniter.php(368): CodeIgniter\CodeIgniter->handleRequest(null, Object(Config\Cache), false)
11 FCPATH\index.php(67): CodeIgniter\CodeIgniter->run()
CRITICAL - 2023-04-05 11:12:57 --> require_once(inc/components/products.php): Failed to open stream: No such file or directory
in APPPATH\Views\inc\components\main.php on line 36.
 1 APPPATH\Views\inc\components\main.php(36): CodeIgniter\Debug\Exceptions->errorHandler(2, 'require_once(inc/components/products.php): Failed to open stream: No such file or directory', 'C:\\xampp\\htdocs\\proyecto-seb-guevara\\app\\Views\\inc\\components\\main.php', 36)
 2 APPPATH\Views\inc\components\main.php(36): require_once()
 3 APPPATH\Views\principal.php(10): require_once('C:\\xampp\\htdocs\\proyecto-seb-guevara\\app\\Views\\inc\\components\\main.php')
 4 SYSTEMPATH\View\View.php(213): include('C:\\xampp\\htdocs\\proyecto-seb-guevara\\app\\Views\\principal.php')
 5 SYSTEMPATH\View\View.php(216): CodeIgniter\View\View->CodeIgniter\View\{closure}()
 6 SYSTEMPATH\Common.php(1184): CodeIgniter\View\View->render('principal', [], true)
 7 APPPATH\Controllers\Home.php(14): view('principal')
 8 SYSTEMPATH\CodeIgniter.php(934): App\Controllers\Home->principal()
 9 SYSTEMPATH\CodeIgniter.php(499): CodeIgniter\CodeIgniter->runController(Object(App\Controllers\Home))
10 SYSTEMPATH\CodeIgniter.php(368): CodeIgniter\CodeIgniter->handleRequest(null, Object(Config\Cache), false)
11 FCPATH\index.php(67): CodeIgniter\CodeIgniter->run()
CRITICAL - 2023-04-05 11:13:09 --> require_once(components/products.php): Failed to open stream: No such file or directory
in APPPATH\Views\inc\components\main.php on line 37.
 1 APPPATH\Views\inc\components\main.php(37): CodeIgniter\Debug\Exceptions->errorHandler(2, 'require_once(components/products.php): Failed to open stream: No such file or directory', 'C:\\xampp\\htdocs\\proyecto-seb-guevara\\app\\Views\\inc\\components\\main.php', 37)
 2 APPPATH\Views\inc\components\main.php(37): require_once()
 3 APPPATH\Views\principal.php(10): require_once('C:\\xampp\\htdocs\\proyecto-seb-guevara\\app\\Views\\inc\\components\\main.php')
 4 SYSTEMPATH\View\View.php(213): include('C:\\xampp\\htdocs\\proyecto-seb-guevara\\app\\Views\\principal.php')
 5 SYSTEMPATH\View\View.php(216): CodeIgniter\View\View->CodeIgniter\View\{closure}()
 6 SYSTEMPATH\Common.php(1184): CodeIgniter\View\View->render('principal', [], true)
 7 APPPATH\Controllers\Home.php(14): view('principal')
 8 SYSTEMPATH\CodeIgniter.php(934): App\Controllers\Home->principal()
 9 SYSTEMPATH\CodeIgniter.php(499): CodeIgniter\CodeIgniter->runController(Object(App\Controllers\Home))
10 SYSTEMPATH\CodeIgniter.php(368): CodeIgniter\CodeIgniter->handleRequest(null, Object(Config\Cache), false)
11 FCPATH\index.php(67): CodeIgniter\CodeIgniter->run()
