CRITICAL - 2023-04-07 01:44:15 --> Constant expression contains invalid operations
in APPPATH\Controllers\Home.php on line 10.
 1 [internal function]: CodeIgniter\Debug\Exceptions->shutdownHandler()
CRITICAL - 2023-04-07 01:46:12 --> Constant expression contains invalid operations
in APPPATH\Controllers\Home.php on line 10.
 1 [internal function]: CodeIgniter\Debug\Exceptions->shutdownHandler()
CRITICAL - 2023-04-07 01:46:14 --> Constant expression contains invalid operations
in APPPATH\Controllers\Home.php on line 10.
 1 [internal function]: CodeIgniter\Debug\Exceptions->shutdownHandler()
CRITICAL - 2023-04-07 01:50:52 --> Call to a member function isMobile() on null
in APPPATH\Controllers\Home.php on line 19.
 1 SYSTEMPATH\CodeIgniter.php(934): App\Controllers\Home->principal()
 2 SYSTEMPATH\CodeIgniter.php(499): CodeIgniter\CodeIgniter->runController(Object(App\Controllers\Home))
 3 SYSTEMPATH\CodeIgniter.php(368): CodeIgniter\CodeIgniter->handleRequest(null, Object(Config\Cache), false)
 4 FCPATH\index.php(67): CodeIgniter\CodeIgniter->run()
CRITICAL - 2023-04-07 01:50:54 --> Call to a member function isMobile() on null
in APPPATH\Controllers\Home.php on line 19.
 1 SYSTEMPATH\CodeIgniter.php(934): App\Controllers\Home->principal()
 2 SYSTEMPATH\CodeIgniter.php(499): CodeIgniter\CodeIgniter->runController(Object(App\Controllers\Home))
 3 SYSTEMPATH\CodeIgniter.php(368): CodeIgniter\CodeIgniter->handleRequest(null, Object(Config\Cache), false)
 4 FCPATH\index.php(67): CodeIgniter\CodeIgniter->run()
CRITICAL - 2023-04-07 01:56:49 --> Call to a member function isMobile() on null
in APPPATH\Controllers\Home.php on line 19.
 1 SYSTEMPATH\CodeIgniter.php(934): App\Controllers\Home->principal()
 2 SYSTEMPATH\CodeIgniter.php(499): CodeIgniter\CodeIgniter->runController(Object(App\Controllers\Home))
 3 SYSTEMPATH\CodeIgniter.php(368): CodeIgniter\CodeIgniter->handleRequest(null, Object(Config\Cache), false)
 4 FCPATH\index.php(67): CodeIgniter\CodeIgniter->run()
CRITICAL - 2023-04-07 01:56:52 --> Call to a member function isMobile() on null
in APPPATH\Controllers\Home.php on line 19.
 1 SYSTEMPATH\CodeIgniter.php(934): App\Controllers\Home->principal()
 2 SYSTEMPATH\CodeIgniter.php(499): CodeIgniter\CodeIgniter->runController(Object(App\Controllers\Home))
 3 SYSTEMPATH\CodeIgniter.php(368): CodeIgniter\CodeIgniter->handleRequest(null, Object(Config\Cache), false)
 4 FCPATH\index.php(67): CodeIgniter\CodeIgniter->run()
CRITICAL - 2023-04-07 01:58:11 --> Undefined property: App\Controllers\Home::$agent
in APPPATH\Controllers\Home.php on line 19.
 1 APPPATH\Controllers\Home.php(19): CodeIgniter\Debug\Exceptions->errorHandler(2, 'Undefined property: App\\Controllers\\Home::$agent', 'C:\\xampp\\htdocs\\proyecto-seb-guevara\\app\\Controllers\\Home.php', 19)
 2 SYSTEMPATH\CodeIgniter.php(934): App\Controllers\Home->principal()
 3 SYSTEMPATH\CodeIgniter.php(499): CodeIgniter\CodeIgniter->runController(Object(App\Controllers\Home))
 4 SYSTEMPATH\CodeIgniter.php(368): CodeIgniter\CodeIgniter->handleRequest(null, Object(Config\Cache), false)
 5 FCPATH\index.php(67): CodeIgniter\CodeIgniter->run()
CRITICAL - 2023-04-07 02:03:58 --> Constant expression contains invalid operations
in APPPATH\Controllers\Home.php on line 8.
 1 [internal function]: CodeIgniter\Debug\Exceptions->shutdownHandler()
CRITICAL - 2023-04-07 02:23:15 --> Undefined variable $carousel
in APPPATH\Controllers\Home.php on line 78.
 1 APPPATH\Controllers\Home.php(78): CodeIgniter\Debug\Exceptions->errorHandler(2, 'Undefined variable $carousel', 'C:\\xampp\\htdocs\\proyecto-seb-guevara\\app\\Controllers\\Home.php', 78)
 2 SYSTEMPATH\CodeIgniter.php(934): App\Controllers\Home->principal()
 3 SYSTEMPATH\CodeIgniter.php(499): CodeIgniter\CodeIgniter->runController(Object(App\Controllers\Home))
 4 SYSTEMPATH\CodeIgniter.php(368): CodeIgniter\CodeIgniter->handleRequest(null, Object(Config\Cache), false)
 5 FCPATH\index.php(67): CodeIgniter\CodeIgniter->run()
CRITICAL - 2023-04-07 03:10:06 --> require_once(inc/components/quienes-somos/main.php): Failed to open stream: No such file or directory
in APPPATH\Views\quienes_somos.php on line 10.
 1 APPPATH\Views\quienes_somos.php(10): CodeIgniter\Debug\Exceptions->errorHandler(2, 'require_once(inc/components/quienes-somos/main.php): Failed to open stream: No such file or directory', 'C:\\xampp\\htdocs\\proyecto-seb-guevara\\app\\Views\\quienes_somos.php', 10)
 2 APPPATH\Views\quienes_somos.php(10): require_once()
 3 SYSTEMPATH\View\View.php(213): include('C:\\xampp\\htdocs\\proyecto-seb-guevara\\app\\Views\\quienes_somos.php')
 4 SYSTEMPATH\View\View.php(216): CodeIgniter\View\View->CodeIgniter\View\{closure}()
 5 SYSTEMPATH\Common.php(1184): CodeIgniter\View\View->render('quienes_somos', [], true)
 6 APPPATH\Controllers\Home.php(94): view('quienes_somos', [...])
 7 SYSTEMPATH\CodeIgniter.php(934): App\Controllers\Home->quienesSomos()
 8 SYSTEMPATH\CodeIgniter.php(499): CodeIgniter\CodeIgniter->runController(Object(App\Controllers\Home))
 9 SYSTEMPATH\CodeIgniter.php(368): CodeIgniter\CodeIgniter->handleRequest(null, Object(Config\Cache), false)
10 FCPATH\index.php(67): CodeIgniter\CodeIgniter->run()
CRITICAL - 2023-04-07 22:14:06 --> require_once(inc/components/quienes-somos/main.php): Failed to open stream: No such file or directory
in APPPATH\Views\quienes_somos.php on line 10.
 1 APPPATH\Views\quienes_somos.php(10): CodeIgniter\Debug\Exceptions->errorHandler(2, 'require_once(inc/components/quienes-somos/main.php): Failed to open stream: No such file or directory', 'C:\\xampp\\htdocs\\proyecto-seb-guevara\\app\\Views\\quienes_somos.php', 10)
 2 APPPATH\Views\quienes_somos.php(10): require_once()
 3 SYSTEMPATH\View\View.php(213): include('C:\\xampp\\htdocs\\proyecto-seb-guevara\\app\\Views\\quienes_somos.php')
 4 SYSTEMPATH\View\View.php(216): CodeIgniter\View\View->CodeIgniter\View\{closure}()
 5 SYSTEMPATH\Common.php(1184): CodeIgniter\View\View->render('quienes_somos', [], true)
 6 APPPATH\Controllers\Home.php(94): view('quienes_somos', [...])
 7 SYSTEMPATH\CodeIgniter.php(934): App\Controllers\Home->quienesSomos()
 8 SYSTEMPATH\CodeIgniter.php(499): CodeIgniter\CodeIgniter->runController(Object(App\Controllers\Home))
 9 SYSTEMPATH\CodeIgniter.php(368): CodeIgniter\CodeIgniter->handleRequest(null, Object(Config\Cache), false)
10 FCPATH\index.php(67): CodeIgniter\CodeIgniter->run()
